<?xml version="1.0" encoding="UTF-8"?>
<robot generator="Robot 3.1.2 (Python 3.8.1 on win32)" generated="20200202 16:14:05.745" rpa="false">
<suite id="s1" name="Tests" source="F:\Office\Q-mate\Tests">
<kw name="Begin Basic Testing" library="Common_Keywords" type="setup">
<kw name="Set Paths" library="Common_Keywords">
<kw name="Evaluate" library="BuiltIn">
<doc>Evaluates the given expression in Python and returns the results.</doc>
<arguments>
<arg>sys.path.append(os.path.join(r'${LIBRARY}'))</arg>
<arg>modules=os, sys</arg>
</arguments>
<status status="PASS" starttime="20200202 16:14:07.480" endtime="20200202 16:14:07.480"></status>
</kw>
<status status="PASS" starttime="20200202 16:14:07.480" endtime="20200202 16:14:07.480"></status>
</kw>
<kw name="Remove Files" library="Common_Keywords">
<kw name="Remove File" library="OperatingSystem">
<doc>Removes a file with the given path.</doc>
<arguments>
<arg>${ERRORFILE}</arg>
</arguments>
<msg timestamp="20200202 16:14:07.481" level="INFO" html="yes">File '&lt;a href="file://F:\Office\Q-mate\Results\ErrorReport.csv"&gt;F:\Office\Q-mate\Results\ErrorReport.csv&lt;/a&gt;' does not exist.</msg>
<status status="PASS" starttime="20200202 16:14:07.481" endtime="20200202 16:14:07.481"></status>
</kw>
<kw name="Remove File" library="OperatingSystem">
<doc>Removes a file with the given path.</doc>
<arguments>
<arg>${DV_REPORT}</arg>
</arguments>
<msg timestamp="20200202 16:14:07.481" level="INFO" html="yes">File '&lt;a href="file://F:\Office\Q-mate\Results\DV\Disbursement.csv"&gt;F:\Office\Q-mate\Results\DV\Disbursement.csv&lt;/a&gt;' does not exist.</msg>
<status status="PASS" starttime="20200202 16:14:07.481" endtime="20200202 16:14:07.481"></status>
</kw>
<status status="PASS" starttime="20200202 16:14:07.481" endtime="20200202 16:14:07.481"></status>
</kw>
<kw name="Open Browser" library="SeleniumLibrary">
<doc>Opens a new browser instance to the optional ``url``.</doc>
<arguments>
<arg>about:blank</arg>
<arg>${BROWSER}</arg>
</arguments>
<msg timestamp="20200202 16:14:07.482" level="INFO">Opening browser 'headlesschrome' to base url 'about:blank'.</msg>
<kw name="Capture Page Screenshot" library="SeleniumLibrary">
<doc>Takes a screenshot of the current page and embeds it into a log file.</doc>
<status status="FAIL" starttime="20200202 16:14:16.707" endtime="20200202 16:14:16.708"></status>
</kw>
<msg timestamp="20200202 16:14:16.708" level="WARN">Keyword 'Capture Page Screenshot' could not be run on failure: Execution terminated by signal</msg>
<status status="FAIL" starttime="20200202 16:14:07.482" endtime="20200202 16:14:16.709"></status>
</kw>
<status status="FAIL" starttime="20200202 16:14:07.480" endtime="20200202 16:14:16.709"></status>
</kw>
<suite id="s1-s1" name="DEBUG" source="F:\Office\Q-mate\Tests\DEBUG.robot">
<test id="s1-s1-t1" name="Testing robot things">
<tags>
<tag>debug</tag>
<tag>robot:exit</tag>
</tags>
<status status="FAIL" starttime="20200202 16:14:16.710" endtime="20200202 16:14:16.711" critical="yes">Test execution stopped due to a fatal error.</status>
</test>
<doc>ERP Tests</doc>
<status status="FAIL" starttime="20200202 16:14:16.709" endtime="20200202 16:14:16.713"></status>
</suite>
<kw name="End Basic Testing" library="Common_Keywords" type="teardown">
<kw name="Close Browser" library="SeleniumLibrary">
<doc>Closes the current browser.</doc>
<status status="PASS" starttime="20200202 16:14:16.717" endtime="20200202 16:14:16.717"></status>
</kw>
<status status="PASS" starttime="20200202 16:14:16.717" endtime="20200202 16:14:16.717"></status>
</kw>
<status status="FAIL" starttime="20200202 16:14:05.747" endtime="20200202 16:14:16.718">Suite setup failed:
Execution terminated by signal</status>
</suite>
<statistics>
<total>
<stat pass="0" fail="1">Critical Tests</stat>
<stat pass="0" fail="1">All Tests</stat>
</total>
<tag>
<stat pass="0" fail="0" info="combined" combined="NOT robot:exit">NOT robot:exit</stat>
<stat pass="0" fail="1">debug</stat>
<stat pass="0" fail="1">robot:exit</stat>
</tag>
<suite>
<stat pass="0" fail="1" id="s1" name="Tests">Tests</stat>
<stat pass="0" fail="1" id="s1-s1" name="DEBUG">Tests.DEBUG</stat>
</suite>
</statistics>
<errors>
<msg timestamp="20200202 16:14:16.708" level="WARN">Keyword 'Capture Page Screenshot' could not be run on failure: Execution terminated by signal</msg>
</errors>
</robot>
