<?xml version="1.0" encoding="UTF-8"?>
<robot generator="Robot 3.1.2 (Python 3.7.4 on win32)" generated="20200206 12:11:35.194" rpa="false">
<suite id="s1" name="Tests" source="D:\Q-mate\Tests">
<kw name="Begin Basic Testing" library="Common_Keywords" type="setup">
<kw name="Set Paths" library="Common_Keywords">
<kw name="Evaluate" library="BuiltIn">
<doc>Evaluates the given expression in Python and returns the results.</doc>
<arguments>
<arg>sys.path.append(os.path.join(r'${LIBRARY}'))</arg>
<arg>modules=os, sys</arg>
</arguments>
<status status="PASS" starttime="20200206 12:11:35.570" endtime="20200206 12:11:35.570"></status>
</kw>
<status status="PASS" starttime="20200206 12:11:35.569" endtime="20200206 12:11:35.570"></status>
</kw>
<kw name="Remove Files" library="Common_Keywords">
<kw name="Remove File" library="OperatingSystem">
<doc>Removes a file with the given path.</doc>
<arguments>
<arg>${ERRORFILE}</arg>
</arguments>
<msg timestamp="20200206 12:11:35.571" level="INFO" html="yes">File '&lt;a href="file://D:\Q-mate\Results\ErrorReport.csv"&gt;D:\Q-mate\Results\ErrorReport.csv&lt;/a&gt;' does not exist.</msg>
<status status="PASS" starttime="20200206 12:11:35.570" endtime="20200206 12:11:35.571"></status>
</kw>
<kw name="Remove File" library="OperatingSystem">
<doc>Removes a file with the given path.</doc>
<arguments>
<arg>${DV_REPORT}</arg>
</arguments>
<msg timestamp="20200206 12:11:35.571" level="INFO" html="yes">File '&lt;a href="file://D:\Q-mate\Results\DV\Disbursement.csv"&gt;D:\Q-mate\Results\DV\Disbursement.csv&lt;/a&gt;' does not exist.</msg>
<status status="PASS" starttime="20200206 12:11:35.571" endtime="20200206 12:11:35.571"></status>
</kw>
<status status="PASS" starttime="20200206 12:11:35.570" endtime="20200206 12:11:35.571"></status>
</kw>
<kw name="Open Browser" library="SeleniumLibrary">
<doc>Opens a new browser instance to the optional ``url``.</doc>
<arguments>
<arg>about:blank</arg>
<arg>${BROWSER}</arg>
</arguments>
<msg timestamp="20200206 12:11:35.572" level="INFO">Opening browser 'chrome' to base url 'about:blank'.</msg>
<status status="PASS" starttime="20200206 12:11:35.572" endtime="20200206 12:11:37.656"></status>
</kw>
<kw name="Maximize Browser Window" library="SeleniumLibrary">
<doc>Maximizes current browser window.</doc>
<status status="PASS" starttime="20200206 12:11:37.656" endtime="20200206 12:11:38.784"></status>
</kw>
<status status="PASS" starttime="20200206 12:11:35.569" endtime="20200206 12:11:38.784"></status>
</kw>
<suite id="s1-s1" name="DEBUG" source="D:\Q-mate\Tests\DEBUG.robot">
<test id="s1-s1-t1" name="Testing forms">
<kw name="Load Json File" library="Common_Keywords">
<doc>Loads all json files into their json objects.</doc>
<arguments>
<arg>${hrmsConfigurationData}</arg>
</arguments>
<assign>
<var>${configData}</var>
</assign>
<kw name="Get File" library="OperatingSystem">
<doc>Returns the contents of a specified file.</doc>
<arguments>
<arg>${File Name}</arg>
</arguments>
<assign>
<var>${Data}</var>
</assign>
<msg timestamp="20200206 12:11:38.952" level="INFO" html="yes">Getting file '&lt;a href="file://D:\Q-mate\Data\HRMS_DATA\ConfigurationData.json"&gt;D:\Q-mate\Data\HRMS_DATA\ConfigurationData.json&lt;/a&gt;'.</msg>
<msg timestamp="20200206 12:11:38.953" level="INFO">${Data} = {
	"Leave Encasement Rule": {
		"Leave Type": {
			"Value": "Privilege Leave",
			"Type": "Dropdown",
			"Locator": "LeaveTypeId"
		},
		"Service Status": {
			"Value": "Probation",
			"Type": "Dropdo...</msg>
<status status="PASS" starttime="20200206 12:11:38.952" endtime="20200206 12:11:38.953"></status>
</kw>
<kw name="Evaluate" library="BuiltIn">
<doc>Evaluates the given expression in Python and returns the results.</doc>
<arguments>
<arg>json.loads('''${Data}''', object_pairs_hook=collections.OrderedDict)</arg>
<arg>json, collections</arg>
</arguments>
<assign>
<var>${Data Obj}</var>
</assign>
<msg timestamp="20200206 12:11:38.956" level="INFO">${Data Obj} = OrderedDict([('Leave Encasement Rule', OrderedDict([('Leave Type', OrderedDict([('Value', 'Privilege Leave'), ('Type', 'Dropdown'), ('Locator', 'LeaveTypeId')])), ('Service Status', OrderedDict([('Val...</msg>
<status status="PASS" starttime="20200206 12:11:38.953" endtime="20200206 12:11:38.956"></status>
</kw>
<msg timestamp="20200206 12:11:38.957" level="INFO">${configData} = OrderedDict([('Leave Encasement Rule', OrderedDict([('Leave Type', OrderedDict([('Value', 'Privilege Leave'), ('Type', 'Dropdown'), ('Locator', 'LeaveTypeId')])), ('Service Status', OrderedDict([('Val...</msg>
<status status="PASS" starttime="20200206 12:11:38.951" endtime="20200206 12:11:38.957"></status>
</kw>
<kw name="Set Test Data" library="Common_Keywords">
<arguments>
<arg>${configData["EntertainmentDeclaration"]}</arg>
</arguments>
<kw name="Set Test Variable" library="BuiltIn">
<doc>Makes a variable available everywhere within the scope of the current test.</doc>
<arguments>
<arg>${datadictionary}</arg>
<arg>${dataJson}</arg>
</arguments>
<msg timestamp="20200206 12:11:38.960" level="INFO">${datadictionary} = OrderedDict([('Effective Date', OrderedDict([('Value', OrderedDict([('Day', '5'), ('Month', 'Nov'), ('Year', '2018')])), ('Type', 'Date'), ('Locator', 'EffectiveDate')])), ('Type', OrderedDict([('Valu...</msg>
<status status="PASS" starttime="20200206 12:11:38.958" endtime="20200206 12:11:38.960"></status>
</kw>
<status status="PASS" starttime="20200206 12:11:38.958" endtime="20200206 12:11:38.960"></status>
</kw>
<kw name="Go To Erp Page" library="SeleniumLibrary">
<tags>
<tag>plugin</tag>
</tags>
<arguments>
<arg>http://demoprojects.e-connectsolutions.com/ERP-DEMO/HRM/Reimbursement/EntertainmentDeclareIndex</arg>
</arguments>
<kw name="Attempt Login" library="ERP_Keywords">
<doc>Logins the Erp with given credentials</doc>
<arguments>
<arg>{'username': 'econnect', 'password': 'admin'}</arg>
</arguments>
<kw name="Get From Dictionary" library="Collections">
<doc>Returns a value from the given ``dictionary`` based on the given ``key``.</doc>
<arguments>
<arg>${Credentials}</arg>
<arg>username</arg>
</arguments>
<assign>
<var>${username}</var>
</assign>
<msg timestamp="20200206 12:11:40.597" level="INFO">${username} = econnect</msg>
<status status="PASS" starttime="20200206 12:11:40.596" endtime="20200206 12:11:40.597"></status>
</kw>
<kw name="Get From Dictionary" library="Collections">
<doc>Returns a value from the given ``dictionary`` based on the given ``key``.</doc>
<arguments>
<arg>${Credentials}</arg>
<arg>password</arg>
</arguments>
<assign>
<var>${password}</var>
</assign>
<msg timestamp="20200206 12:11:40.597" level="INFO">${password} = admin</msg>
<status status="PASS" starttime="20200206 12:11:40.597" endtime="20200206 12:11:40.597"></status>
</kw>
<kw name="Fill Username" library="Login">
<arguments>
<arg>${username}</arg>
</arguments>
<kw name="Input Text" library="SeleniumLibrary">
<doc>Types the given ``text`` into the text field identified by ``locator``.</doc>
<arguments>
<arg>${LOGIN_USERNAME_INPUT}</arg>
<arg>${username}</arg>
</arguments>
<msg timestamp="20200206 12:11:40.598" level="INFO">Typing text 'econnect' into text field 'id=LoginIdForShow'.</msg>
<status status="PASS" starttime="20200206 12:11:40.598" endtime="20200206 12:11:40.691"></status>
</kw>
<status status="PASS" starttime="20200206 12:11:40.597" endtime="20200206 12:11:40.691"></status>
</kw>
<kw name="Fill Password" library="Login">
<arguments>
<arg>${password}</arg>
</arguments>
<kw name="Input Text" library="SeleniumLibrary">
<doc>Types the given ``text`` into the text field identified by ``locator``.</doc>
<arguments>
<arg>${LOGIN_PASSWORD_INPUT}</arg>
<arg>${password}</arg>
</arguments>
<msg timestamp="20200206 12:11:40.692" level="INFO">Typing text 'admin' into text field 'id=PasswordForShow'.</msg>
<status status="PASS" starttime="20200206 12:11:40.692" endtime="20200206 12:11:40.791"></status>
</kw>
<status status="PASS" starttime="20200206 12:11:40.691" endtime="20200206 12:11:40.791"></status>
</kw>
<kw name="Submit The Form" library="Login">
<kw name="Click Button" library="SeleniumLibrary">
<doc>Clicks the button identified by ``locator``.</doc>
<arguments>
<arg>${LOGIN_BUTTON}</arg>
</arguments>
<msg timestamp="20200206 12:11:40.793" level="INFO">Clicking button 'id=btnLogin'.</msg>
<status status="PASS" starttime="20200206 12:11:40.792" endtime="20200206 12:11:43.260"></status>
</kw>
<status status="PASS" starttime="20200206 12:11:40.792" endtime="20200206 12:11:43.260"></status>
</kw>
<status status="PASS" starttime="20200206 12:11:40.596" endtime="20200206 12:11:43.260"></status>
</kw>
<status status="PASS" starttime="20200206 12:11:38.961" endtime="20200206 12:11:44.305"></status>
</kw>
<kw name="Click Element" library="SeleniumLibrary">
<doc>Click the element identified by ``locator``.</doc>
<arguments>
<arg>//a[@id='modals-bootbox-custom']</arg>
</arguments>
<msg timestamp="20200206 12:11:44.306" level="INFO">Clicking element '//a[@id='modals-bootbox-custom']'.</msg>
<status status="PASS" starttime="20200206 12:11:44.306" endtime="20200206 12:11:45.240"></status>
</kw>
<kw name="Fill Form">
<arguments>
<arg>${dataDictionary}</arg>
</arguments>
<kw name="Get Length" library="BuiltIn">
<doc>Returns and logs the length of the given item as an integer.</doc>
<arguments>
<arg>${dataDictionary}</arg>
</arguments>
<assign>
<var>${formItems}</var>
</assign>
<msg timestamp="20200206 12:11:45.243" level="INFO">Length is 3</msg>
<msg timestamp="20200206 12:11:45.243" level="INFO">${formItems} = 3</msg>
<status status="PASS" starttime="20200206 12:11:45.242" endtime="20200206 12:11:45.243"></status>
</kw>
<kw name="${item} IN RANGE [ ${dataDictionary} ]" type="for">
<msg timestamp="20200206 12:11:45.243" level="FAIL">Converting argument of FOR IN RANGE failed: NameError: name 'OrderedDict' is not defined.</msg>
<status status="FAIL" starttime="20200206 12:11:45.243" endtime="20200206 12:11:45.243"></status>
</kw>
<status status="FAIL" starttime="20200206 12:11:45.241" endtime="20200206 12:11:45.244"></status>
</kw>
<tags>
<tag>forms</tag>
</tags>
<status status="FAIL" starttime="20200206 12:11:38.951" endtime="20200206 12:11:45.244" critical="yes">Converting argument of FOR IN RANGE failed: NameError: name 'OrderedDict' is not defined.</status>
</test>
<doc>ERP Tests</doc>
<status status="FAIL" starttime="20200206 12:11:38.784" endtime="20200206 12:11:45.245"></status>
</suite>
<kw name="End Basic Testing" library="Common_Keywords" type="teardown">
<kw name="Close Browser" library="SeleniumLibrary">
<doc>Closes the current browser.</doc>
<status status="PASS" starttime="20200206 12:11:45.252" endtime="20200206 12:11:47.373"></status>
</kw>
<status status="PASS" starttime="20200206 12:11:45.252" endtime="20200206 12:11:47.373"></status>
</kw>
<status status="FAIL" starttime="20200206 12:11:35.196" endtime="20200206 12:11:47.373"></status>
</suite>
<statistics>
<total>
<stat pass="0" fail="1">Critical Tests</stat>
<stat pass="0" fail="1">All Tests</stat>
</total>
<tag>
<stat pass="0" fail="1">forms</stat>
</tag>
<suite>
<stat pass="0" fail="1" id="s1" name="Tests">Tests</stat>
<stat pass="0" fail="1" id="s1-s1" name="DEBUG">Tests.DEBUG</stat>
</suite>
</statistics>
<errors>
</errors>
</robot>
