<?xml version="1.0" encoding="UTF-8"?>
<robot generator="Robot 5.0 (Python 3.10.0 on win32)" generated="20220801 15:58:15.338" rpa="false" schemaversion="3">
<suite id="s1" name="IncomeTax Report" source="D:\Q-mate (source_code)\Q-mate\robot\Tests\MIS\IncomeTax_Report.robot">
<test id="s1-t1" name="IncomeTaxDetection Report" line="9">
<kw name="Go to ERP page" library="MIS_Keywords">
<kw name="Logintoapp1" library="IncomeTax">
<kw name="Open Browser" library="SeleniumLibrary">
<arg>${url}</arg>
<arg>${browser}</arg>
<doc>Opens a new browser instance to the optional ``url``.</doc>
<msg timestamp="20220801 15:58:16.481" level="INFO">Opening browser 'chrome' to base url 'https://demoprojects.e-connectsolutions.com/eprash-test'.</msg>
<status status="PASS" starttime="20220801 15:58:16.481" endtime="20220801 15:58:34.572"/>
</kw>
<kw name="Wait Until Page Contains" library="SeleniumLibrary">
<arg>Password</arg>
<doc>Waits until ``text`` appears on the current page.</doc>
<status status="PASS" starttime="20220801 15:58:34.572" endtime="20220801 15:58:34.598"/>
</kw>
<kw name="Input Text" library="SeleniumLibrary">
<arg>id:LoginIdForShow</arg>
<arg>kritika.rsmml</arg>
<doc>Types the given ``text`` into the text field identified by ``locator``.</doc>
<msg timestamp="20220801 15:58:34.599" level="INFO">Typing text 'kritika.rsmml' into text field 'id:LoginIdForShow'.</msg>
<status status="PASS" starttime="20220801 15:58:34.598" endtime="20220801 15:58:34.796"/>
</kw>
<kw name="Sleep" library="BuiltIn">
<arg>2s</arg>
<doc>Pauses the test executed for the given time.</doc>
<msg timestamp="20220801 15:58:36.799" level="INFO">Slept 2 seconds</msg>
<status status="PASS" starttime="20220801 15:58:34.796" endtime="20220801 15:58:36.799"/>
</kw>
<kw name="Input Text" library="SeleniumLibrary">
<arg>id:PasswordForShow</arg>
<arg>admin</arg>
<doc>Types the given ``text`` into the text field identified by ``locator``.</doc>
<msg timestamp="20220801 15:58:36.800" level="INFO">Typing text 'admin' into text field 'id:PasswordForShow'.</msg>
<status status="PASS" starttime="20220801 15:58:36.799" endtime="20220801 15:58:36.985"/>
</kw>
<kw name="Click Element" library="SeleniumLibrary">
<arg>xpath://*[@id="btnLogin"]</arg>
<doc>Click the element identified by ``locator``.</doc>
<msg timestamp="20220801 15:58:36.986" level="INFO">Clicking element 'xpath://*[@id="btnLogin"]'.</msg>
<status status="PASS" starttime="20220801 15:58:36.986" endtime="20220801 15:58:44.278"/>
</kw>
<status status="PASS" starttime="20220801 15:58:16.481" endtime="20220801 15:58:44.279"/>
</kw>
<kw name="Load json1" library="IncomeTax">
<kw name="Get File" library="OperatingSystem">
<var>${data}</var>
<arg>${groupdata}</arg>
<doc>Returns the contents of a specified file.</doc>
<msg timestamp="20220801 15:58:44.280" level="INFO" html="true">Getting file '&lt;a href="file://D:\Q-mate (source_code)\Q-mate\robot\Data\ERP_MIS\MIS.json"&gt;D:\Q-mate (source_code)\Q-mate\robot\Data\ERP_MIS\MIS.json&lt;/a&gt;'.</msg>
<msg timestamp="20220801 15:58:44.349" level="INFO">${data} = {
  "Ledger Listing": {
    "url": "https://demoprojects.e-connectsolutions.com/eprash-test/ACC/MISReport/report/LedgerlistFilter",
    "Account Name": {
      "Value": "BILLS TO PAY(655)",
      "Typ...</msg>
<status status="PASS" starttime="20220801 15:58:44.280" endtime="20220801 15:58:44.349"/>
</kw>
<kw name="Evaluate" library="BuiltIn">
<var>${object}</var>
<arg>json.loads('''${data}''')</arg>
<arg>json</arg>
<doc>Evaluates the given expression in Python and returns the result.</doc>
<msg timestamp="20220801 15:58:44.351" level="INFO">${object} = {'Ledger Listing': {'url': 'https://demoprojects.e-connectsolutions.com/eprash-test/ACC/MISReport/report/LedgerlistFilter', 'Account Name': {'Value': 'BILLS TO PAY(655)', 'Type': 'Dropdown searchable'...</msg>
<status status="PASS" starttime="20220801 15:58:44.349" endtime="20220801 15:58:44.351"/>
</kw>
<kw name="Set Global Variable" library="BuiltIn">
<arg>${object}</arg>
<doc>Makes a variable available globally in all tests and suites.</doc>
<msg timestamp="20220801 15:58:44.356" level="INFO">${object} = {'Ledger Listing': {'url': 'https://demoprojects.e-connectsolutions.com/eprash-test/ACC/MISReport/report/LedgerlistFilter', 'Account Name': {'Value': 'BILLS TO PAY(655)', 'Type': 'Dropdown searchable'...</msg>
<status status="PASS" starttime="20220801 15:58:44.351" endtime="20220801 15:58:44.356"/>
</kw>
<kw name="Log Many" library="BuiltIn">
<arg>&amp;{object}</arg>
<arg>console=yes</arg>
<doc>Logs the given messages as separate entries using the INFO level.</doc>
<msg timestamp="20220801 15:58:44.359" level="INFO">Ledger Listing={'url': 'https://demoprojects.e-connectsolutions.com/eprash-test/ACC/MISReport/report/LedgerlistFilter', 'Account Name': {'Value': 'BILLS TO PAY(655)', 'Type': 'Dropdown searchable', 'Locator': {'Locator1': "xpath://span[contains(text(),'--Select One--')]", 'Locator2': "xpath://body/div[@id='select2-drop']/div[1]/input[1]"}}, 'Voucher Type': {'Value': 'Select all', 'Type': 'Multiselect Dropdown', 'Locator': {'Locator1': "xpath://div[@class='btn-group']//button[@type='button']", 'Locator2': "xpath://label[@class='checkbox']//input[@value='multiselect-all']"}}, 'Unit': {'Value': 'Head Office (CO)', 'Type': 'Dropdown searchable', 'Locator': {'Locator1': "//span[contains(text(),'Head Office (CO)')]", 'Locator2': "//div[@id='select2-drop']//div[@class='select2-search']//input[@type='text']"}}, 'Status': {'Value': 'All', 'Type': 'Dropdown', 'Locator': "xpath://select[@id='Status']"}, 'Show Child Unit': {'Value': 'Single Unit', 'Type': 'Dropdown', 'Locator': "xpath://select[@id='showSingleUnit']"}, 'View': {'Value': 'Ledger View', 'Type': 'Dropdown', 'Locator': "xpath://select[@id='ShowView']"}, 'Date To': {'Value': '', 'Type': 'Datepicker', 'Locator': "xpath://input[@id='txtTDATE']"}, 'Date From': {'Value': '', 'Type': 'Datepicker', 'Locator': {'Locator1': "xpath://input[@id='txtFDATE']", 'Locator2': "xpath://div[@class='ui-datepicker-title']//select[@class='ui-datepicker-month']", 'Locator3': "xpath://div[@class='ui-datepicker-title']//select[@class='ui-datepicker-year']", 'Locator4': "xpath://table[@class='ui-datepicker-calendar']//a"}}, 'Viewbutton': {'Value': '', 'Type': 'Button', 'Locator': "xpath://input[@id='btnView']"}, 'Reset': {'Value': '', 'Type': 'Button', 'Locator': "xpath://input[@id='btnReset']"}}</msg>
<msg timestamp="20220801 15:58:44.359" level="INFO">Monthly Report={'url': 'https://demoprojects.e-connectsolutions.com/eprash-test/hrm/DivisionSalaryHead/index', 'Filter button': "//button[@id='btnformfilter']", 'Financial Year': {'Value': '', 'Type': 'Dropdown', 'Locator': "//select[@id='FinancialYear']"}, 'Cycle Type': {'Value': '', 'Type': 'Dropdown', 'Locator': "//select[@id='Cycletype']"}, 'Salary Cycle': {'Value': '', 'Type': 'Dropdown', 'Locator': "//select[@id='SalaryCycleId']"}, 'Checkbox': {'Value': '', 'Type': 'Checkbox', 'Locator': "//input[@id='chkUnit']"}, 'Apply filter': {'Value': '', 'Type': 'Button', 'Locator': "//div[@class='btn-group btn-group-xs pull-right']//button[@type='submit']"}, 'Voucher Date From': {'Value': '', 'Type': 'Datepicker', 'Locator': {'Locator1': "xpath://input[@id='VoucherFromDate']", 'Locator2': "xpath://div[@class='ui-datepicker-title']//select[@class='ui-datepicker-month']", 'Locator3': "xpath://div[@class='ui-datepicker-title']//select[@class='ui-datepicker-year']", 'Locator4': "xpath://table[@class='ui-datepicker-calendar']//a"}}, 'Voucher Date To': {'Value': '', 'Type': 'Datepicker', 'Locator': {'Locator1': "xpath://input[@id='VoucherToDate']", 'Locator2': "xpath://div[@class='ui-datepicker-title']//select[@class='ui-datepicker-month']", 'Locator3': "xpath://div[@class='ui-datepicker-title']//select[@class='ui-datepicker-year']", 'Locator4': "xpath://table[@class='ui-datepicker-calendar']//a"}}}</msg>
<msg timestamp="20220801 15:58:44.360" level="INFO">Annexure C1={'url': 'https://demoprojects.e-connectsolutions.com/eprash-test/HRM/PayrollProcess/SalaryDetailReportFilter?q=QBoVzdEQJ2A=', 'Financial Year': {'Value': '', 'Type': 'Dropdown', 'Locator': "//select[@id='Finyear']"}, 'Location': {'Value': '', 'Type': 'Dropdown Searchable', 'Locator': {'Locator1': "//div[@class='select2-container' and @id='s2id_UnitId']", 'Locator2': "//body/div[@id='select2-drop']/div/input"}}, 'Type': {'Value': '', 'Type': 'Dropdown Searchable', 'Locator': {'Locator1': "//div[@class='col-md-2']//button[@class='multiselect dropdown-toggle btn btn-default']", 'Locator2': "//div[@class='btn-group open']//div[@class='input-group']//input[@class='form-control multiselect-search']", 'Locator3': "//li[@class='multiselect-item multiselect-all active']//label//input[@type='checkbox']", 'Locator4': "//label[@class='checkbox']//input[@parentid='0' and @value='10']"}}, 'Checkbox': {'Value': '', 'Type': 'Checkbox', 'Locator': "//input[@id='chkUnit']"}, 'Salary Head': {'Value': '', 'Type': 'Dropdown Searchable', 'Locator': {'Locator1': "//*[@id='divsalaryhead']/div/button", 'Locator2': "//div[@id='divsalaryhead']//div//input[@class='form-control multiselect-search']", 'Locator3': "//label[@class='checkbox']//input[@value='491']"}}, 'Date From': {'Value': '', 'Type': 'Datepicker', 'Locator': {'Locator1': "xpath://input[@id='DisbursedDtFrom']", 'Locator2': "xpath://div[@class='ui-datepicker-title']//select[@class='ui-datepicker-month']", 'Locator3': "xpath://div[@class='ui-datepicker-title']//select[@class='ui-datepicker-year']", 'Locator4': "xpath://table[@class='ui-datepicker-calendar']//a"}}, 'Date To': {'Value': '', 'Type': 'Datepicker', 'Locator': {'Locator1': "xpath://input[@id='DisbursedDtTo']", 'Locator2': "xpath://div[@class='ui-datepicker-title']//select[@class='ui-datepicker-month']", 'Locator3': "xpath://div[@class='ui-datepicker-title']//select[@class='ui-datepicker-year']", 'Locator4': "xpath://table[@class='ui-datepicker-calendar']//a"}}, 'Viewbutton': {'Value': '', 'Type': 'Button', 'Locator': "xpath://input[@id='btnView']"}}</msg>
<msg timestamp="20220801 15:58:44.360" level="INFO">Payroll MIS={'url': 'https://demoprojects.e-connectsolutions.com/eprash-test/HRM/MIS/SalaryFilter', 'Cycle Type': {'Value': {'Value1': 'Salary', 'Value2': 'Arrear', 'Value3': 'Leave Enchashment'}, 'Type': 'Dropdown ', 'Locator': "xpath: //select[@id='Cycletype']"}, 'Financial Year': {'Value': '', 'Type': 'Dropdown ', 'Locator': "xpath://select[@id='FinancialYear']"}, 'Payroll Cycle': {'Value': '', 'Type': 'Dropdown', 'Locator': "xpath : //select[@id='SalaryCycleId'] "}, 'Payroll Status': {'Value': '', 'Type': 'Dropdown ', 'Locator': "xpath : //select[@id='LockStatus']"}, 'Office Type': {'Value': '', 'Type': 'Dropdown searchable', 'Locator': {'Locator1': "xpath : //div[@class='col-md-4']//div[@class='row']//button[@title='None selected']", 'Locator2': "xpath : //div[@class='btn-group open']//ul//li//a//label//input[1] "}}, 'Pay Group': {'Value': '', 'Type': 'Dropdown searchable', 'Locator': {'Locator1': "xpath : //div[@id='divPayGroup']", 'Locator2': "xpath : //div[@id='divPayGroup']//div[@id='parDrView']/div/ul/li[3]/a  "}}, 'Payment Location': {'Value': '', 'Type': 'Dropdown searchable', 'Locator': {'Locator1': "xpath :  //div[@id='payunitdiv']//div[@id='parDrView']/div/button  ", 'Locator2': "xpath :  //*[@id='parDrView']/div[@class='btn-group open']/ul/li[2]/a/label  "}}, 'Employee Location': {'Value': '', 'Type': 'Dropdown searchable', 'Locator': {'Locator1': "xpath : //div[@id='fdivunit']//div[@id='parDrView']/div/button ", 'Locator2': "xpath : //div[@class='btn-group open']//ul//li[2]//a//label//input[1] "}}, 'View Annexure Reports Button': {'Value': '', 'Type': 'Button ', 'Locator': "xpath : //input[@id='btnAnnexureReports']"}, 'View Button': {'Value': '', 'Type': 'Button ', 'Locator': {'Locator1': "xpath : //input[@id='btnView'] ", 'Locator2': "xpath : //div[@id='LoadingImage']//img  "}}, 'Cancel Button': {'Value': '', 'Type': 'Button ', 'Locator': "xpath : //input[@id='btnCancel'] "}, 'LE Application From': {'Value': '', 'Type': 'Datepicker', 'Locator': {'Locator1': "xpath: //input[@id='LEFromDate']", 'Locator2': "xpath://select[@class='ui-datepicker-month']", 'Locator3': "xpath://select[@class='ui-datepicker-year']", 'Locator4': 'xpath: //tbody/tr/td/a'}}, 'To Date': {'Value': '', 'Type': 'Datepicker', 'Locator': {'Locator1': "xpath: //input[@id='LEToDate']", 'Locator2': "xpath: //select[@class='ui-datepicker-month']", 'Locator3': "xpath: //select[@class='ui-datepicker-year']", 'Locator4': 'xpath: //tbody/tr/td/a '}}}</msg>
<msg timestamp="20220801 15:58:44.360" level="INFO">Income Tax Deduction={'url': 'https://demoprojects.e-connectsolutions.com/eprash-test/HRM/MIS/IncomeTaxDeductionIndex', 'Financial year': {'Value': '4', 'Type': 'Dropdown', 'Locator': "//select[@id='FINYEAR']"}, 'Location': {'Value': '', 'Type': 'Searchable Dropdown', 'Locator': {'Locator1': "//div[@id='s2id_unitid']", 'Locator2': "//body/div[@id='select2-drop']/div/input"}}, 'Pay Group': {'Value': '', 'Type': 'Searchable Dropdown', 'Locator': {'Locator1': "//div[@id='s2id_PbGroupID']/a ", 'Locator2': "//*[@id='select2-drop']/ul/li[2]/div "}}, 'Division': {'Value': '', 'Type': 'checkbox Dropdown', 'Locator': {'Locator1': "//div[@class='btn-group']", 'Locator2': "//div[@class='btn-group open']/ul/li[1]"}}, 'Employee Name': {'Value': '', 'Type': 'Searchable Dropdown', 'Locator': {'Locator1': "//div[@id='s2id_EmployeeId']/a/span ", 'Locator2': "//*[@id='select2-drop']/ul/li[2]/div "}}, 'Report Type': {'Value': '1', 'Type': 'Dropdown', 'Locator': "//select[@id='ReportType']"}, 'Show Child Location Employee': {'Value': '', 'Type': 'checkbox', 'Locator': "//*[@id='chkUnit']"}, 'View Button': {'Value': '', 'Type': 'checkbox', 'Locator': "//input[@id='btnView']"}, 'Calculation done for': {'Value': '', 'Type': '', 'Locator': "//label[@id='lblCalculatedEmp'] "}, 'Remaining Employees': {'Value': '', 'Type': '', 'Locator': "//label[@id='lblRemainingEmp']"}, 'Recalculate': {'Value': '', 'Type': '', 'Locator': "//*[@id='lblcalculatetext'] "}}</msg>
<msg timestamp="20220801 15:58:44.360" level="INFO">GSTR1={'url': 'https://demoprojects.e-connectsolutions.com/eprash-test/ACC/MISFilter/GSTR1Filter', 'GSTR Type': {'Value': '', 'Type': 'Dropdown', 'Locator': "//select[@id='ddlGSTType']"}, 'Unit': {'Value': 'Head Office(CO)', 'Type': 'Dropdown Searchable', 'Locator': {'Locator1': "//div[@id='s2id_Unit']", 'Locator2': "//div[@class='select2-search']//input[@class='select2-input']", 'Locator3': "//*[@id='select2-drop']/ul/li[23]/div"}}, 'From Date': {'Value': '', 'Type': 'Datepicker', 'Locator': {'Locator1': "xpath://input[@id='txtFDATE']", 'Locator2': "xpath://div[@class='ui-datepicker-title']//select[@class='ui-datepicker-month']", 'Locator3': "xpath://div[@class='ui-datepicker-title']//select[@class='ui-datepicker-year']", 'Locator4': "xpath://table[@class='ui-datepicker-calendar']//a"}}, 'To Date': {'Value': '', 'Type': 'Datepicker', 'Locator': {'Locator1': "xpath://input[@id='txtTDATE']", 'Locator2': "xpath://div[@class='ui-datepicker-title']//select[@class='ui-datepicker-month']", 'Locator3': "xpath://div[@class='ui-datepicker-title']//select[@class='ui-datepicker-year']", 'Locator4': "xpath://table[@class='ui-datepicker-calendar']//a"}}, 'Viewbutton': {'Value': '', 'Type': 'Button', 'Locator': "xpath://input[@id='btnView']"}}</msg>
<msg timestamp="20220801 15:58:44.360" level="INFO">console=yes</msg>
<status status="PASS" starttime="20220801 15:58:44.357" endtime="20220801 15:58:44.360"/>
</kw>
<status status="PASS" starttime="20220801 15:58:44.279" endtime="20220801 15:58:44.361"/>
</kw>
<status status="PASS" starttime="20220801 15:58:16.481" endtime="20220801 15:58:44.361"/>
</kw>
<kw name="Income Tax Report" library="MIS_Keywords">
<kw name="Fill Report Filter" library="IncomeTax">
<doc>This keyword will fill the filters and wait until one or more employee details calculate</doc>
<kw name="Go To" library="SeleniumLibrary">
<arg>${object['Income Tax Deduction']['url']}</arg>
<doc>Navigates the current browser window to the provided ``url``.</doc>
<msg timestamp="20220801 15:58:44.364" level="INFO">Opening url 'https://demoprojects.e-connectsolutions.com/eprash-test/HRM/MIS/IncomeTaxDeductionIndex'</msg>
<status status="PASS" starttime="20220801 15:58:44.362" endtime="20220801 15:58:50.582"/>
</kw>
<kw name="Fill filters" library="IncomeTax">
<doc>Filling the report filters</doc>
<kw name="Select From List By Index" library="SeleniumLibrary">
<arg>${object['Income Tax Deduction']['Financial year']['Locator']}</arg>
<arg>${object['Income Tax Deduction']['Financial year']['Value']}</arg>
<doc>Selects options from selection list ``locator`` by ``indexes``.</doc>
<msg timestamp="20220801 15:58:50.588" level="INFO">Selecting options from selection list '//select[@id='FINYEAR']' by index 4.</msg>
<status status="PASS" starttime="20220801 15:58:50.583" endtime="20220801 15:58:50.900"/>
</kw>
<kw name="Click Element" library="SeleniumLibrary">
<arg>${object['Income Tax Deduction']['Location']['Locator']['Locator1']}</arg>
<doc>Click the element identified by ``locator``.</doc>
<msg timestamp="20220801 15:58:50.904" level="INFO">Clicking element '//div[@id='s2id_unitid']'.</msg>
<status status="PASS" starttime="20220801 15:58:50.901" endtime="20220801 15:58:51.168"/>
</kw>
<kw name="Input Text" library="SeleniumLibrary">
<arg>${object['Income Tax Deduction']['Location']['Locator']['Locator2']}</arg>
<arg>Head Office</arg>
<doc>Types the given ``text`` into the text field identified by ``locator``.</doc>
<msg timestamp="20220801 15:58:51.171" level="INFO">Typing text 'Head Office' into text field '//body/div[@id='select2-drop']/div/input'.</msg>
<status status="PASS" starttime="20220801 15:58:51.169" endtime="20220801 15:58:51.508"/>
</kw>
<kw name="Press Keys" library="SeleniumLibrary">
<arg>${object['Income Tax Deduction']['Location']['Locator']['Locator2']}</arg>
<arg>\ue007</arg>
<doc>Simulates the user pressing key(s) to an element or on the active browser.</doc>
<msg timestamp="20220801 15:58:51.512" level="INFO">Sending key(s) ('\ue007',) to //body/div[@id='select2-drop']/div/input element.</msg>
<msg timestamp="20220801 15:58:51.827" level="INFO">Sending key </msg>
<status status="PASS" starttime="20220801 15:58:51.508" endtime="20220801 15:58:51.904"/>
</kw>
<kw name="Sleep" library="BuiltIn">
<arg>2s</arg>
<doc>Pauses the test executed for the given time.</doc>
<msg timestamp="20220801 15:58:53.906" level="INFO">Slept 2 seconds</msg>
<status status="PASS" starttime="20220801 15:58:51.904" endtime="20220801 15:58:53.906"/>
</kw>
<kw name="Sleep" library="BuiltIn">
<arg>2s</arg>
<doc>Pauses the test executed for the given time.</doc>
<msg timestamp="20220801 15:58:55.907" level="INFO">Slept 2 seconds</msg>
<status status="PASS" starttime="20220801 15:58:53.906" endtime="20220801 15:58:55.907"/>
</kw>
<kw name="Sleep" library="BuiltIn">
<arg>1s</arg>
<doc>Pauses the test executed for the given time.</doc>
<msg timestamp="20220801 15:58:56.909" level="INFO">Slept 1 second</msg>
<status status="PASS" starttime="20220801 15:58:55.908" endtime="20220801 15:58:56.909"/>
</kw>
<kw name="Select From List By Index" library="SeleniumLibrary">
<arg>${object['Income Tax Deduction']['Report Type']['Locator']}</arg>
<arg>${object['Income Tax Deduction']['Report Type']['Value']}</arg>
<doc>Selects options from selection list ``locator`` by ``indexes``.</doc>
<msg timestamp="20220801 15:58:56.912" level="INFO">Selecting options from selection list '//select[@id='ReportType']' by index 1.</msg>
<status status="PASS" starttime="20220801 15:58:56.909" endtime="20220801 15:58:57.094"/>
</kw>
<status status="PASS" starttime="20220801 15:58:50.582" endtime="20220801 15:58:57.095"/>
</kw>
<kw name="Recalculate details" library="IncomeTax">
<kw name="Sleep" library="BuiltIn">
<arg>30S</arg>
<doc>Pauses the test executed for the given time.</doc>
<msg timestamp="20220801 15:59:27.096" level="INFO">Slept 30 seconds</msg>
<status status="PASS" starttime="20220801 15:58:57.096" endtime="20220801 15:59:27.096"/>
</kw>
<kw name="Click Element" library="SeleniumLibrary">
<arg>${object['Income Tax Deduction']['Recalculate']['Locator']}</arg>
<doc>Click the element identified by ``locator``.</doc>
<msg timestamp="20220801 15:59:27.098" level="INFO">Clicking element '//*[@id='lblcalculatetext'] '.</msg>
<status status="PASS" starttime="20220801 15:59:27.096" endtime="20220801 15:59:27.195"/>
</kw>
<kw name="Wait Until Page Contains Element" library="SeleniumLibrary">
<arg>//button[contains(text(),'OK')]</arg>
<arg>30s</arg>
<doc>Waits until the element ``locator`` appears on the current page.</doc>
<status status="PASS" starttime="20220801 15:59:27.195" endtime="20220801 15:59:27.230"/>
</kw>
<kw name="Wait Until Element Is Visible" library="SeleniumLibrary">
<arg>//button[contains(text(),'OK')]</arg>
<arg>30s</arg>
<doc>Waits until the element ``locator`` is visible.</doc>
<status status="PASS" starttime="20220801 15:59:27.231" endtime="20220801 15:59:27.519"/>
</kw>
<kw name="Click Element" library="SeleniumLibrary">
<arg>//button[contains(text(),'OK')]</arg>
<doc>Click the element identified by ``locator``.</doc>
<msg timestamp="20220801 15:59:27.520" level="INFO">Clicking element '//button[contains(text(),'OK')]'.</msg>
<status status="PASS" starttime="20220801 15:59:27.519" endtime="20220801 15:59:27.630"/>
</kw>
<status status="PASS" starttime="20220801 15:58:57.095" endtime="20220801 15:59:27.630"/>
</kw>
<kw name="Recursive Loop" library="IncomeTax">
<doc>It will check until atleast</doc>
<kw name="Sleep" library="BuiltIn">
<arg>10s</arg>
<doc>Pauses the test executed for the given time.</doc>
<msg timestamp="20220801 15:59:37.632" level="INFO">Slept 10 seconds</msg>
<status status="PASS" starttime="20220801 15:59:27.631" endtime="20220801 15:59:37.632"/>
</kw>
<kw name="Go To" library="SeleniumLibrary">
<arg>${object['Income Tax Deduction']['url']}</arg>
<doc>Navigates the current browser window to the provided ``url``.</doc>
<msg timestamp="20220801 15:59:37.635" level="INFO">Opening url 'https://demoprojects.e-connectsolutions.com/eprash-test/HRM/MIS/IncomeTaxDeductionIndex'</msg>
<status status="PASS" starttime="20220801 15:59:37.633" endtime="20220801 15:59:42.889"/>
</kw>
<kw name="Fill filters" library="IncomeTax">
<doc>Filling the report filters</doc>
<kw name="Select From List By Index" library="SeleniumLibrary">
<arg>${object['Income Tax Deduction']['Financial year']['Locator']}</arg>
<arg>${object['Income Tax Deduction']['Financial year']['Value']}</arg>
<doc>Selects options from selection list ``locator`` by ``indexes``.</doc>
<msg timestamp="20220801 15:59:42.895" level="INFO">Selecting options from selection list '//select[@id='FINYEAR']' by index 4.</msg>
<status status="PASS" starttime="20220801 15:59:42.891" endtime="20220801 15:59:43.096"/>
</kw>
<kw name="Click Element" library="SeleniumLibrary">
<arg>${object['Income Tax Deduction']['Location']['Locator']['Locator1']}</arg>
<doc>Click the element identified by ``locator``.</doc>
<msg timestamp="20220801 15:59:43.098" level="INFO">Clicking element '//div[@id='s2id_unitid']'.</msg>
<status status="PASS" starttime="20220801 15:59:43.097" endtime="20220801 15:59:43.303"/>
</kw>
<kw name="Input Text" library="SeleniumLibrary">
<arg>${object['Income Tax Deduction']['Location']['Locator']['Locator2']}</arg>
<arg>Head Office</arg>
<doc>Types the given ``text`` into the text field identified by ``locator``.</doc>
<msg timestamp="20220801 15:59:43.305" level="INFO">Typing text 'Head Office' into text field '//body/div[@id='select2-drop']/div/input'.</msg>
<status status="PASS" starttime="20220801 15:59:43.303" endtime="20220801 15:59:43.594"/>
</kw>
<kw name="Press Keys" library="SeleniumLibrary">
<arg>${object['Income Tax Deduction']['Location']['Locator']['Locator2']}</arg>
<arg>\ue007</arg>
<doc>Simulates the user pressing key(s) to an element or on the active browser.</doc>
<msg timestamp="20220801 15:59:43.596" level="INFO">Sending key(s) ('\ue007',) to //body/div[@id='select2-drop']/div/input element.</msg>
<msg timestamp="20220801 15:59:43.916" level="INFO">Sending key </msg>
<status status="PASS" starttime="20220801 15:59:43.594" endtime="20220801 15:59:43.986"/>
</kw>
<kw name="Sleep" library="BuiltIn">
<arg>2s</arg>
<doc>Pauses the test executed for the given time.</doc>
<msg timestamp="20220801 15:59:45.988" level="INFO">Slept 2 seconds</msg>
<status status="PASS" starttime="20220801 15:59:43.986" endtime="20220801 15:59:45.988"/>
</kw>
<kw name="Sleep" library="BuiltIn">
<arg>2s</arg>
<doc>Pauses the test executed for the given time.</doc>
<msg timestamp="20220801 15:59:47.990" level="INFO">Slept 2 seconds</msg>
<status status="PASS" starttime="20220801 15:59:45.988" endtime="20220801 15:59:47.990"/>
</kw>
<kw name="Sleep" library="BuiltIn">
<arg>1s</arg>
<doc>Pauses the test executed for the given time.</doc>
<msg timestamp="20220801 15:59:48.991" level="INFO">Slept 1 second</msg>
<status status="PASS" starttime="20220801 15:59:47.991" endtime="20220801 15:59:48.991"/>
</kw>
<kw name="Select From List By Index" library="SeleniumLibrary">
<arg>${object['Income Tax Deduction']['Report Type']['Locator']}</arg>
<arg>${object['Income Tax Deduction']['Report Type']['Value']}</arg>
<doc>Selects options from selection list ``locator`` by ``indexes``.</doc>
<msg timestamp="20220801 15:59:48.996" level="INFO">Selecting options from selection list '//select[@id='ReportType']' by index 1.</msg>
<status status="PASS" starttime="20220801 15:59:48.992" endtime="20220801 15:59:49.276"/>
</kw>
<status status="PASS" starttime="20220801 15:59:42.889" endtime="20220801 15:59:49.276"/>
</kw>
<kw name="Wait Until Page Contains Element" library="SeleniumLibrary">
<arg>${object['Income Tax Deduction']['Calculation done for']['Locator']}</arg>
<arg>30s</arg>
<doc>Waits until the element ``locator`` appears on the current page.</doc>
<status status="PASS" starttime="20220801 15:59:49.276" endtime="20220801 15:59:49.336"/>
</kw>
<kw name="Sleep" library="BuiltIn">
<arg>5s</arg>
<doc>Pauses the test executed for the given time.</doc>
<msg timestamp="20220801 15:59:54.339" level="INFO">Slept 5 seconds</msg>
<status status="PASS" starttime="20220801 15:59:49.336" endtime="20220801 15:59:54.339"/>
</kw>
<kw name="Get Text" library="SeleniumLibrary">
<var>${Emp_Count}</var>
<arg>//b[@id='btext']/span[1]/label</arg>
<doc>Returns the text value of the element identified by ``locator``.</doc>
<msg timestamp="20220801 15:59:54.387" level="INFO">${Emp_Count} = 4</msg>
<status status="PASS" starttime="20220801 15:59:54.339" endtime="20220801 15:59:54.387"/>
</kw>
<kw name="Log Many" library="BuiltIn">
<arg>${Emp_Count}</arg>
<doc>Logs the given messages as separate entries using the INFO level.</doc>
<msg timestamp="20220801 15:59:54.387" level="INFO">4</msg>
<status status="PASS" starttime="20220801 15:59:54.387" endtime="20220801 15:59:54.387"/>
</kw>
<kw name="Run Keyword If" library="BuiltIn">
<arg>'${Emp_Count}' == '${EMPTY}'</arg>
<arg>Recursive Loop</arg>
<doc>Runs the given keyword with the given arguments, if ``condition`` is true.</doc>
<status status="PASS" starttime="20220801 15:59:54.388" endtime="20220801 15:59:54.389"/>
</kw>
<kw name="Run Keyword If" library="BuiltIn">
<arg>'${Emp_Count}' &gt; '2'</arg>
<arg>View Report</arg>
<arg>ELSE</arg>
<arg>Recursive Loop</arg>
<doc>Runs the given keyword with the given arguments, if ``condition`` is true.</doc>
<kw name="View Report" library="IncomeTax">
<kw name="Sleep" library="BuiltIn">
<arg>5s</arg>
<doc>Pauses the test executed for the given time.</doc>
<msg timestamp="20220801 15:59:59.392" level="INFO">Slept 5 seconds</msg>
<status status="PASS" starttime="20220801 15:59:54.390" endtime="20220801 15:59:59.392"/>
</kw>
<kw name="Click Element" library="SeleniumLibrary">
<arg>${object['Income Tax Deduction']['View Button']['Locator']}</arg>
<doc>Click the element identified by ``locator``.</doc>
<msg timestamp="20220801 15:59:59.396" level="INFO">Clicking element '//input[@id='btnView']'.</msg>
<status status="PASS" starttime="20220801 15:59:59.393" endtime="20220801 15:59:59.729"/>
</kw>
<status status="PASS" starttime="20220801 15:59:54.390" endtime="20220801 15:59:59.729"/>
</kw>
<status status="PASS" starttime="20220801 15:59:54.389" endtime="20220801 15:59:59.729"/>
</kw>
<status status="PASS" starttime="20220801 15:59:27.630" endtime="20220801 15:59:59.729"/>
</kw>
<status status="PASS" starttime="20220801 15:58:44.362" endtime="20220801 15:59:59.736"/>
</kw>
<status status="PASS" starttime="20220801 15:58:44.361" endtime="20220801 15:59:59.736"/>
</kw>
<kw name="Verify Income Tax Report" library="MIS_Keywords">
<kw name="Verify Report" library="IncomeTax">
<kw name="Sleep" library="BuiltIn">
<arg>5s</arg>
<doc>Pauses the test executed for the given time.</doc>
<msg timestamp="20220801 16:00:04.744" level="INFO">Slept 5 seconds</msg>
<status status="PASS" starttime="20220801 15:59:59.743" endtime="20220801 16:00:04.744"/>
</kw>
<kw name="Switch Window" library="SeleniumLibrary">
<arg>Income Tax Deduction Report</arg>
<doc>Switches to browser window matching ``locator``.</doc>
<status status="PASS" starttime="20220801 16:00:04.745" endtime="20220801 16:00:04.983"/>
</kw>
<kw name="Wait Until Page Does Not Contain" library="SeleniumLibrary">
<arg>Sorry, an error occurred while processing your request</arg>
<arg>15s</arg>
<doc>Waits until ``text`` disappears from the current page.</doc>
<status status="PASS" starttime="20220801 16:00:04.983" endtime="20220801 16:00:05.003"/>
</kw>
<kw name="Wait Until Page Contains Element" library="SeleniumLibrary">
<arg>//div[@class='widget-body innerAll ']//table[@id='export_table1']//tbody//tr[1]//td[1]</arg>
<arg>10s</arg>
<doc>Waits until the element ``locator`` appears on the current page.</doc>
<status status="PASS" starttime="20220801 16:00:05.003" endtime="20220801 16:00:05.019"/>
</kw>
<kw name="Get Text" library="SeleniumLibrary">
<var>${check}</var>
<arg>//div[@class='widget-body innerAll ']//table[@id='export_table1']//tbody//tr[1]//td[1]</arg>
<doc>Returns the text value of the element identified by ``locator``.</doc>
<msg timestamp="20220801 16:00:05.048" level="INFO">${check} = 1</msg>
<status status="PASS" starttime="20220801 16:00:05.019" endtime="20220801 16:00:05.048"/>
</kw>
<kw name="Run Keyword If" library="BuiltIn">
<arg>'${check}' &gt;= '1'</arg>
<arg>Capture Page Screenshot</arg>
<doc>Runs the given keyword with the given arguments, if ``condition`` is true.</doc>
<kw name="Capture Page Screenshot" library="SeleniumLibrary">
<doc>Takes a screenshot of the current page and embeds it into a log file.</doc>
<msg timestamp="20220801 16:00:05.191" level="INFO" html="true">&lt;/td&gt;&lt;/tr&gt;&lt;tr&gt;&lt;td colspan="3"&gt;&lt;a href="selenium-screenshot-13.png"&gt;&lt;img src="selenium-screenshot-13.png" width="800px"&gt;&lt;/a&gt;</msg>
<status status="PASS" starttime="20220801 16:00:05.048" endtime="20220801 16:00:05.191"/>
</kw>
<status status="PASS" starttime="20220801 16:00:05.048" endtime="20220801 16:00:05.191"/>
</kw>
<status status="PASS" starttime="20220801 15:59:59.743" endtime="20220801 16:00:05.192"/>
</kw>
<status status="PASS" starttime="20220801 15:59:59.741" endtime="20220801 16:00:05.192"/>
</kw>
<doc>IncomeTaxDetection Report Testing</doc>
<status status="PASS" starttime="20220801 15:58:16.481" endtime="20220801 16:00:05.193"/>
</test>
<kw name="Close All Browsers" library="SeleniumLibrary" type="TEARDOWN">
<doc>Closes all open browsers and resets the browser cache.</doc>
<status status="PASS" starttime="20220801 16:00:05.195" endtime="20220801 16:00:36.498"/>
</kw>
<status status="PASS" starttime="20220801 15:58:15.346" endtime="20220801 16:00:36.498"/>
</suite>
<statistics>
<total>
<stat pass="1" fail="0" skip="0">All Tests</stat>
</total>
<tag>
</tag>
<suite>
<stat pass="1" fail="0" skip="0" id="s1" name="IncomeTax Report">IncomeTax Report</stat>
</suite>
</statistics>
<errors>
</errors>
</robot>
