<?xml version="1.0" encoding="UTF-8"?>
<robot generator="Robot 3.1.2 (Python 3.6.9 on linux)" generated="20200106 15:39:20.338" rpa="false">
<suite id="s1" name="Tests" source="/home/divaksh/rajerp/robot/Tests">
<suite id="s1-s1" name="DEBUG" source="/home/divaksh/rajerp/robot/Tests/DEBUG.robot">
<test id="s1-s1-t1" name="Testing">
<kw name="Log To Console" library="BuiltIn">
<doc>Logs the given message to the console.</doc>
<arguments>
<arg>${var}</arg>
</arguments>
<status status="PASS" starttime="20200106 15:39:20.679" endtime="20200106 15:39:20.680"></status>
</kw>
<kw name="Go To Base State" library="BrowserControl" type="teardown">
<kw name="Switch Browser" library="SeleniumLibrary">
<doc>Switches between active browsers using ``index_or_alias``.</doc>
<arguments>
<arg>Department</arg>
</arguments>
<kw name="Capture Page Screenshot" library="SeleniumLibrary">
<doc>Takes a screenshot of the current page and embeds it into a log file.</doc>
<msg timestamp="20200106 15:39:20.681" level="INFO">Cannot capture screenshot because no browser is open.</msg>
<status status="PASS" starttime="20200106 15:39:20.680" endtime="20200106 15:39:20.681"></status>
</kw>
<msg timestamp="20200106 15:39:20.681" level="FAIL">No browser with index or alias 'Department' found.</msg>
<status status="FAIL" starttime="20200106 15:39:20.680" endtime="20200106 15:39:20.681"></status>
</kw>
<kw name="Attempt Logout" library="ERP_Keywords">
<doc>Do logout directly</doc>
<kw name="Go To Logout" library="Login">
<kw name="Go To" library="SeleniumLibrary">
<doc>Navigates the current browser window to the provided ``url``.</doc>
<arguments>
<arg>${BASE_URL.${ENVIRONMENT}}/${LOGOUT}</arg>
</arguments>
<msg timestamp="20200106 15:39:20.683" level="INFO">Opening url 'http://demoprojects.e-connectsolutions.com/ERP-DEMO/Utility/Logout'</msg>
<kw name="Capture Page Screenshot" library="SeleniumLibrary">
<doc>Takes a screenshot of the current page and embeds it into a log file.</doc>
<msg timestamp="20200106 15:39:20.683" level="INFO">Cannot capture screenshot because no browser is open.</msg>
<status status="PASS" starttime="20200106 15:39:20.683" endtime="20200106 15:39:20.683"></status>
</kw>
<msg timestamp="20200106 15:39:20.684" level="FAIL">No browser is open.</msg>
<status status="FAIL" starttime="20200106 15:39:20.682" endtime="20200106 15:39:20.684"></status>
</kw>
<status status="FAIL" starttime="20200106 15:39:20.682" endtime="20200106 15:39:20.684"></status>
</kw>
<status status="FAIL" starttime="20200106 15:39:20.682" endtime="20200106 15:39:20.684"></status>
</kw>
<kw name="Go To" library="SeleniumLibrary">
<doc>Navigates the current browser window to the provided ``url``.</doc>
<arguments>
<arg>http://demoprojects.e-connectsolutions.com/ERP-DEMO/SMM</arg>
</arguments>
<msg timestamp="20200106 15:39:20.685" level="INFO">Opening url 'http://demoprojects.e-connectsolutions.com/ERP-DEMO/SMM'</msg>
<kw name="Capture Page Screenshot" library="SeleniumLibrary">
<doc>Takes a screenshot of the current page and embeds it into a log file.</doc>
<msg timestamp="20200106 15:39:20.685" level="INFO">Cannot capture screenshot because no browser is open.</msg>
<status status="PASS" starttime="20200106 15:39:20.685" endtime="20200106 15:39:20.686"></status>
</kw>
<msg timestamp="20200106 15:39:20.686" level="FAIL">No browser is open.</msg>
<status status="FAIL" starttime="20200106 15:39:20.685" endtime="20200106 15:39:20.686"></status>
</kw>
<kw name="Switch Browser" library="SeleniumLibrary">
<doc>Switches between active browsers using ``index_or_alias``.</doc>
<arguments>
<arg>Verify</arg>
</arguments>
<kw name="Capture Page Screenshot" library="SeleniumLibrary">
<doc>Takes a screenshot of the current page and embeds it into a log file.</doc>
<msg timestamp="20200106 15:39:20.687" level="INFO">Cannot capture screenshot because no browser is open.</msg>
<status status="PASS" starttime="20200106 15:39:20.687" endtime="20200106 15:39:20.687"></status>
</kw>
<msg timestamp="20200106 15:39:20.687" level="FAIL">No browser with index or alias 'Verify' found.</msg>
<status status="FAIL" starttime="20200106 15:39:20.686" endtime="20200106 15:39:20.687"></status>
</kw>
<kw name="Attempt Logout" library="ERP_Keywords">
<doc>Do logout directly</doc>
<kw name="Go To Logout" library="Login">
<kw name="Go To" library="SeleniumLibrary">
<doc>Navigates the current browser window to the provided ``url``.</doc>
<arguments>
<arg>${BASE_URL.${ENVIRONMENT}}/${LOGOUT}</arg>
</arguments>
<msg timestamp="20200106 15:39:20.688" level="INFO">Opening url 'http://demoprojects.e-connectsolutions.com/ERP-DEMO/Utility/Logout'</msg>
<kw name="Capture Page Screenshot" library="SeleniumLibrary">
<doc>Takes a screenshot of the current page and embeds it into a log file.</doc>
<msg timestamp="20200106 15:39:20.689" level="INFO">Cannot capture screenshot because no browser is open.</msg>
<status status="PASS" starttime="20200106 15:39:20.689" endtime="20200106 15:39:20.689"></status>
</kw>
<msg timestamp="20200106 15:39:20.689" level="FAIL">No browser is open.</msg>
<status status="FAIL" starttime="20200106 15:39:20.688" endtime="20200106 15:39:20.689"></status>
</kw>
<status status="FAIL" starttime="20200106 15:39:20.688" endtime="20200106 15:39:20.689"></status>
</kw>
<status status="FAIL" starttime="20200106 15:39:20.687" endtime="20200106 15:39:20.689"></status>
</kw>
<kw name="Go To" library="SeleniumLibrary">
<doc>Navigates the current browser window to the provided ``url``.</doc>
<arguments>
<arg>http://demoprojects.e-connectsolutions.com/ERP-DEMO/SMM</arg>
</arguments>
<msg timestamp="20200106 15:39:20.690" level="INFO">Opening url 'http://demoprojects.e-connectsolutions.com/ERP-DEMO/SMM'</msg>
<kw name="Capture Page Screenshot" library="SeleniumLibrary">
<doc>Takes a screenshot of the current page and embeds it into a log file.</doc>
<msg timestamp="20200106 15:39:20.690" level="INFO">Cannot capture screenshot because no browser is open.</msg>
<status status="PASS" starttime="20200106 15:39:20.690" endtime="20200106 15:39:20.690"></status>
</kw>
<msg timestamp="20200106 15:39:20.690" level="FAIL">No browser is open.</msg>
<status status="FAIL" starttime="20200106 15:39:20.689" endtime="20200106 15:39:20.690"></status>
</kw>
<kw name="Switch Browser" library="SeleniumLibrary">
<doc>Switches between active browsers using ``index_or_alias``.</doc>
<arguments>
<arg>Customer</arg>
</arguments>
<kw name="Capture Page Screenshot" library="SeleniumLibrary">
<doc>Takes a screenshot of the current page and embeds it into a log file.</doc>
<msg timestamp="20200106 15:39:20.691" level="INFO">Cannot capture screenshot because no browser is open.</msg>
<status status="PASS" starttime="20200106 15:39:20.691" endtime="20200106 15:39:20.691"></status>
</kw>
<msg timestamp="20200106 15:39:20.692" level="FAIL">No browser with index or alias 'Customer' found.</msg>
<status status="FAIL" starttime="20200106 15:39:20.690" endtime="20200106 15:39:20.692"></status>
</kw>
<kw name="Go To" library="SeleniumLibrary">
<doc>Navigates the current browser window to the provided ``url``.</doc>
<arguments>
<arg>${LOGIN URL}/temp/sso.aspx</arg>
</arguments>
<msg timestamp="20200106 15:39:20.692" level="INFO">Opening url 'http://demoprojects.e-connectsolutions.com/ERP-DEMO/temp/sso.aspx'</msg>
<kw name="Capture Page Screenshot" library="SeleniumLibrary">
<doc>Takes a screenshot of the current page and embeds it into a log file.</doc>
<msg timestamp="20200106 15:39:20.693" level="INFO">Cannot capture screenshot because no browser is open.</msg>
<status status="PASS" starttime="20200106 15:39:20.692" endtime="20200106 15:39:20.693"></status>
</kw>
<msg timestamp="20200106 15:39:20.693" level="FAIL">No browser is open.</msg>
<status status="FAIL" starttime="20200106 15:39:20.692" endtime="20200106 15:39:20.693"></status>
</kw>
<status status="FAIL" starttime="20200106 15:39:20.680" endtime="20200106 15:39:20.694">Several failures occurred:

1) No browser with index or alias 'Department' found.

2) No browser is open.

3) No browser is open.

4) No browser with index or alias 'Verify' found.

5) No browser is open.

6) No browser is open.

7) No browser with index or alias 'Customer' found.

8) No browser is open.</status>
</kw>
<tags>
<tag>debug</tag>
</tags>
<status status="FAIL" starttime="20200106 15:39:20.679" endtime="20200106 15:39:20.694" critical="yes">Teardown failed:
Several failures occurred:

1) No browser with index or alias 'Department' found.

2) No browser is open.

3) No browser is open.

4) No browser with index or alias 'Verify' found.

5) No browser is open.

6) No browser is open.

7) No browser with index or alias 'Customer' found.

8) No browser is open.</status>
</test>
<status status="FAIL" starttime="20200106 15:39:20.361" endtime="20200106 15:39:20.696"></status>
</suite>
<status status="FAIL" starttime="20200106 15:39:20.338" endtime="20200106 15:39:20.697"></status>
</suite>
<statistics>
<total>
<stat pass="0" fail="1">Critical Tests</stat>
<stat pass="0" fail="1">All Tests</stat>
</total>
<tag>
<stat pass="0" fail="1">debug</stat>
</tag>
<suite>
<stat pass="0" fail="1" id="s1" name="Tests">Tests</stat>
<stat pass="0" fail="1" id="s1-s1" name="DEBUG">Tests.DEBUG</stat>
</suite>
</statistics>
<errors>
<msg timestamp="20200106 15:39:20.361" level="ERROR">Error in file '/home/divaksh/rajerp/robot/Tests/DEBUG.robot': Setting variable 'Paybill No. 1001/20182019 ; Date 30-Mar-2019' failed: Invalid variable name 'Paybill No. 1001/20182019 ; Date 30-Mar-2019'.</msg>
<msg timestamp="20200106 15:39:20.361" level="ERROR">Error in file '/home/divaksh/rajerp/robot/Tests/DEBUG.robot': Setting variable 'Paybill No. :1011/2018-2019 Date : 04-DEC-2019 Pay Group :RIICO Staff (Head Office) ;' failed: Invalid variable name 'Paybill No. :1011/2018-2019 Date : 04-DEC-2019 Pay Group :RIICO Staff (Head Office) ;'.</msg>
<msg timestamp="20200106 15:39:20.673" level="ERROR">Error in file '/home/divaksh/rajerp/robot/Tests/DEBUG.robot': Resource file '/home/divaksh/rajerp/robot/Resources/browser.robot' does not exist.</msg>
<msg timestamp="20200106 15:39:20.674" level="ERROR">Error in file '/home/divaksh/rajerp/robot/Tests/DEBUG.robot': Resource file '/home/divaksh/rajerp/robot/Resources/Fields/Field.robot' does not exist.</msg>
</errors>
</robot>
