<?xml version="1.0" encoding="UTF-8"?>
<robot generator="Robot 3.1.2 (Python 3.7.4 on win32)" generated="20200205 17:46:14.572" rpa="false">
<suite id="s1" name="Tests" source="D:\Q-mate\Tests">
<kw name="Begin Basic Testing" library="Common_Keywords" type="setup">
<kw name="Set Paths" library="Common_Keywords">
<kw name="Evaluate" library="BuiltIn">
<doc>Evaluates the given expression in Python and returns the results.</doc>
<arguments>
<arg>sys.path.append(os.path.join(r'${LIBRARY}'))</arg>
<arg>modules=os, sys</arg>
</arguments>
<status status="PASS" starttime="20200205 17:46:14.966" endtime="20200205 17:46:14.967"></status>
</kw>
<status status="PASS" starttime="20200205 17:46:14.966" endtime="20200205 17:46:14.967"></status>
</kw>
<kw name="Remove Files" library="Common_Keywords">
<kw name="Remove File" library="OperatingSystem">
<doc>Removes a file with the given path.</doc>
<arguments>
<arg>${ERRORFILE}</arg>
</arguments>
<msg timestamp="20200205 17:46:14.968" level="INFO" html="yes">File '&lt;a href="file://D:\Q-mate\Results\ErrorReport.csv"&gt;D:\Q-mate\Results\ErrorReport.csv&lt;/a&gt;' does not exist.</msg>
<status status="PASS" starttime="20200205 17:46:14.967" endtime="20200205 17:46:14.968"></status>
</kw>
<kw name="Remove File" library="OperatingSystem">
<doc>Removes a file with the given path.</doc>
<arguments>
<arg>${DV_REPORT}</arg>
</arguments>
<msg timestamp="20200205 17:46:14.968" level="INFO" html="yes">File '&lt;a href="file://D:\Q-mate\Results\DV\Disbursement.csv"&gt;D:\Q-mate\Results\DV\Disbursement.csv&lt;/a&gt;' does not exist.</msg>
<status status="PASS" starttime="20200205 17:46:14.968" endtime="20200205 17:46:14.968"></status>
</kw>
<status status="PASS" starttime="20200205 17:46:14.967" endtime="20200205 17:46:14.968"></status>
</kw>
<kw name="Open Browser" library="SeleniumLibrary">
<doc>Opens a new browser instance to the optional ``url``.</doc>
<arguments>
<arg>about:blank</arg>
<arg>${BROWSER}</arg>
</arguments>
<msg timestamp="20200205 17:46:14.969" level="INFO">Opening browser 'chrome' to base url 'about:blank'.</msg>
<status status="PASS" starttime="20200205 17:46:14.968" endtime="20200205 17:46:17.219"></status>
</kw>
<kw name="Maximize Browser Window" library="SeleniumLibrary">
<doc>Maximizes current browser window.</doc>
<status status="PASS" starttime="20200205 17:46:17.220" endtime="20200205 17:46:18.352"></status>
</kw>
<status status="PASS" starttime="20200205 17:46:14.966" endtime="20200205 17:46:18.352"></status>
</kw>
<suite id="s1-s1" name="HRMS" source="D:\Q-mate\Tests\HRMS">
<kw name="Begin HRMS Testing" library="Common_Keywords" type="setup">
<kw name="Set HRMS Variables" library="Common_Keywords">
<kw name="Load Json File" library="Common_Keywords">
<doc>Loads all json files into their json objects.</doc>
<arguments>
<arg>${hrmsConfigurationData}</arg>
</arguments>
<assign>
<var>${configurationData}</var>
</assign>
<kw name="Get File" library="OperatingSystem">
<doc>Returns the contents of a specified file.</doc>
<arguments>
<arg>${File Name}</arg>
</arguments>
<assign>
<var>${Data}</var>
</assign>
<msg timestamp="20200205 17:46:18.386" level="INFO" html="yes">Getting file '&lt;a href="file://D:\Q-mate\Data\HRMS_DATA\ConfigurationData.json"&gt;D:\Q-mate\Data\HRMS_DATA\ConfigurationData.json&lt;/a&gt;'.</msg>
<msg timestamp="20200205 17:46:18.387" level="INFO">${Data} = {
	"Leave Encasement Rule": {
		"Leave Type": {
			"Value": "Privilege Leave",
			"Type": "Dropdown",
			"Locator": "LeaveTypeId"
		},
		"Service Status": {
			"Value": "Probation",
			"Type": "Dropdo...</msg>
<status status="PASS" starttime="20200205 17:46:18.386" endtime="20200205 17:46:18.387"></status>
</kw>
<kw name="Evaluate" library="BuiltIn">
<doc>Evaluates the given expression in Python and returns the results.</doc>
<arguments>
<arg>json.loads('''${Data}''', object_pairs_hook=collections.OrderedDict)</arg>
<arg>json, collections</arg>
</arguments>
<assign>
<var>${Data Obj}</var>
</assign>
<msg timestamp="20200205 17:46:18.391" level="INFO">${Data Obj} = OrderedDict([('Leave Encasement Rule', OrderedDict([('Leave Type', OrderedDict([('Value', 'Privilege Leave'), ('Type', 'Dropdown'), ('Locator', 'LeaveTypeId')])), ('Service Status', OrderedDict([('Val...</msg>
<status status="PASS" starttime="20200205 17:46:18.387" endtime="20200205 17:46:18.391"></status>
</kw>
<msg timestamp="20200205 17:46:18.396" level="INFO">${configurationData} = OrderedDict([('Leave Encasement Rule', OrderedDict([('Leave Type', OrderedDict([('Value', 'Privilege Leave'), ('Type', 'Dropdown'), ('Locator', 'LeaveTypeId')])), ('Service Status', OrderedDict([('Val...</msg>
<status status="PASS" starttime="20200205 17:46:18.385" endtime="20200205 17:46:18.397"></status>
</kw>
<kw name="Set Global Variable" library="BuiltIn">
<doc>Makes a variable available globally in all tests and suites.</doc>
<arguments>
<arg>${configData}</arg>
<arg>${configurationData}</arg>
</arguments>
<msg timestamp="20200205 17:46:18.400" level="INFO">${configData} = OrderedDict([('Leave Encasement Rule', OrderedDict([('Leave Type', OrderedDict([('Value', 'Privilege Leave'), ('Type', 'Dropdown'), ('Locator', 'LeaveTypeId')])), ('Service Status', OrderedDict([('Val...</msg>
<status status="PASS" starttime="20200205 17:46:18.397" endtime="20200205 17:46:18.401"></status>
</kw>
<kw name="Load Json File" library="Common_Keywords">
<doc>Loads all json files into their json objects.</doc>
<arguments>
<arg>${urlsJson}</arg>
</arguments>
<assign>
<var>${urlsDict}</var>
</assign>
<kw name="Get File" library="OperatingSystem">
<doc>Returns the contents of a specified file.</doc>
<arguments>
<arg>${File Name}</arg>
</arguments>
<assign>
<var>${Data}</var>
</assign>
<msg timestamp="20200205 17:46:18.402" level="INFO" html="yes">Getting file '&lt;a href="file://D:\Q-mate\Data\URLs.json"&gt;D:\Q-mate\Data\URLs.json&lt;/a&gt;'.</msg>
<msg timestamp="20200205 17:46:18.403" level="INFO">${Data} = [
  {
    "NAME": "Deviation Statement",
    "MODULE": "WPM",
    "URL": "wpm/DeviationStatement"
  },
  {
    "NAME": "Disbursement Statement",
    "MODULE": "TLM",
    "URL": "TLM/misfilter/Statemen...</msg>
<status status="PASS" starttime="20200205 17:46:18.401" endtime="20200205 17:46:18.403"></status>
</kw>
<kw name="Evaluate" library="BuiltIn">
<doc>Evaluates the given expression in Python and returns the results.</doc>
<arguments>
<arg>json.loads('''${Data}''', object_pairs_hook=collections.OrderedDict)</arg>
<arg>json, collections</arg>
</arguments>
<assign>
<var>${Data Obj}</var>
</assign>
<msg timestamp="20200205 17:46:18.414" level="INFO">${Data Obj} = [OrderedDict([('NAME', 'Deviation Statement'), ('MODULE', 'WPM'), ('URL', 'wpm/DeviationStatement')]), OrderedDict([('NAME', 'Disbursement Statement'), ('MODULE', 'TLM'), ('URL', 'TLM/misfilter/Statem...</msg>
<status status="PASS" starttime="20200205 17:46:18.403" endtime="20200205 17:46:18.414"></status>
</kw>
<msg timestamp="20200205 17:46:18.417" level="INFO">${urlsDict} = [OrderedDict([('NAME', 'Deviation Statement'), ('MODULE', 'WPM'), ('URL', 'wpm/DeviationStatement')]), OrderedDict([('NAME', 'Disbursement Statement'), ('MODULE', 'TLM'), ('URL', 'TLM/misfilter/Statem...</msg>
<status status="PASS" starttime="20200205 17:46:18.401" endtime="20200205 17:46:18.417"></status>
</kw>
<kw name="Set Global Variable" library="BuiltIn">
<doc>Makes a variable available globally in all tests and suites.</doc>
<arguments>
<arg>${urlsDict}</arg>
<arg>${urlsDict}</arg>
</arguments>
<msg timestamp="20200205 17:46:18.424" level="INFO">${urlsDict} = [OrderedDict([('NAME', 'Deviation Statement'), ('MODULE', 'WPM'), ('URL', 'wpm/DeviationStatement')]), OrderedDict([('NAME', 'Disbursement Statement'), ('MODULE', 'TLM'), ('URL', 'TLM/misfilter/Statem...</msg>
<status status="PASS" starttime="20200205 17:46:18.418" endtime="20200205 17:46:18.424"></status>
</kw>
<status status="PASS" starttime="20200205 17:46:18.385" endtime="20200205 17:46:18.424"></status>
</kw>
<kw name="Open Browser" library="SeleniumLibrary">
<doc>Opens a new browser instance to the optional ``url``.</doc>
<arguments>
<arg>about:blank</arg>
<arg>${BROWSER}</arg>
</arguments>
<msg timestamp="20200205 17:46:18.425" level="INFO">Opening browser 'chrome' to base url 'about:blank'.</msg>
<status status="PASS" starttime="20200205 17:46:18.425" endtime="20200205 17:46:20.602"></status>
</kw>
<kw name="Maximize Browser Window" library="SeleniumLibrary">
<doc>Maximizes current browser window.</doc>
<status status="PASS" starttime="20200205 17:46:20.602" endtime="20200205 17:46:21.729"></status>
</kw>
<status status="PASS" starttime="20200205 17:46:18.385" endtime="20200205 17:46:21.729"></status>
</kw>
<suite id="s1-s1-s1" name="HRMS Configurations" source="D:\Q-mate\Tests\HRMS\HRMS_Configurations.robot">
<test id="s1-s1-s1-t1" name="User should able to edit division">
<kw name="Open Division Page" library="HRMS_Keywords">
<kw name="Go To Division Page" library="Division">
<kw name="Go To Erp Page" library="SeleniumLibrary">
<tags>
<tag>plugin</tag>
</tags>
<arguments>
<arg>http://demoprojects.e-connectsolutions.com/ERP-DEMO/HRM/division</arg>
</arguments>
<kw name="Attempt Login" library="ERP_Keywords">
<doc>Logins the Erp with given credentials</doc>
<arguments>
<arg>{'username': 'econnect', 'password': 'admin'}</arg>
</arguments>
<kw name="Get From Dictionary" library="Collections">
<doc>Returns a value from the given ``dictionary`` based on the given ``key``.</doc>
<arguments>
<arg>${Credentials}</arg>
<arg>username</arg>
</arguments>
<assign>
<var>${username}</var>
</assign>
<msg timestamp="20200205 17:46:23.827" level="INFO">${username} = econnect</msg>
<status status="PASS" starttime="20200205 17:46:23.826" endtime="20200205 17:46:23.827"></status>
</kw>
<kw name="Get From Dictionary" library="Collections">
<doc>Returns a value from the given ``dictionary`` based on the given ``key``.</doc>
<arguments>
<arg>${Credentials}</arg>
<arg>password</arg>
</arguments>
<assign>
<var>${password}</var>
</assign>
<msg timestamp="20200205 17:46:23.827" level="INFO">${password} = admin</msg>
<status status="PASS" starttime="20200205 17:46:23.827" endtime="20200205 17:46:23.827"></status>
</kw>
<kw name="Fill Username" library="Login">
<arguments>
<arg>${username}</arg>
</arguments>
<kw name="Input Text" library="SeleniumLibrary">
<doc>Types the given ``text`` into the text field identified by ``locator``.</doc>
<arguments>
<arg>${LOGIN_USERNAME_INPUT}</arg>
<arg>${username}</arg>
</arguments>
<msg timestamp="20200205 17:46:23.828" level="INFO">Typing text 'econnect' into text field 'id=LoginIdForShow'.</msg>
<status status="PASS" starttime="20200205 17:46:23.828" endtime="20200205 17:46:23.905"></status>
</kw>
<status status="PASS" starttime="20200205 17:46:23.827" endtime="20200205 17:46:23.906"></status>
</kw>
<kw name="Fill Password" library="Login">
<arguments>
<arg>${password}</arg>
</arguments>
<kw name="Input Text" library="SeleniumLibrary">
<doc>Types the given ``text`` into the text field identified by ``locator``.</doc>
<arguments>
<arg>${LOGIN_PASSWORD_INPUT}</arg>
<arg>${password}</arg>
</arguments>
<msg timestamp="20200205 17:46:23.908" level="INFO">Typing text 'admin' into text field 'id=PasswordForShow'.</msg>
<status status="PASS" starttime="20200205 17:46:23.907" endtime="20200205 17:46:24.003"></status>
</kw>
<status status="PASS" starttime="20200205 17:46:23.906" endtime="20200205 17:46:24.003"></status>
</kw>
<kw name="Submit The Form" library="Login">
<kw name="Click Button" library="SeleniumLibrary">
<doc>Clicks the button identified by ``locator``.</doc>
<arguments>
<arg>${LOGIN_BUTTON}</arg>
</arguments>
<msg timestamp="20200205 17:46:24.005" level="INFO">Clicking button 'id=btnLogin'.</msg>
<status status="PASS" starttime="20200205 17:46:24.004" endtime="20200205 17:46:27.510"></status>
</kw>
<status status="PASS" starttime="20200205 17:46:24.004" endtime="20200205 17:46:27.511"></status>
</kw>
<status status="PASS" starttime="20200205 17:46:23.825" endtime="20200205 17:46:27.511"></status>
</kw>
<status status="PASS" starttime="20200205 17:46:21.939" endtime="20200205 17:46:28.563"></status>
</kw>
<status status="PASS" starttime="20200205 17:46:21.938" endtime="20200205 17:46:28.563"></status>
</kw>
<status status="PASS" starttime="20200205 17:46:21.938" endtime="20200205 17:46:28.563"></status>
</kw>
<kw name="Set Test Data" library="Common_Keywords">
<arguments>
<arg>${configData["Edit Division"]}</arg>
</arguments>
<kw name="Set Test Variable" library="BuiltIn">
<doc>Makes a variable available everywhere within the scope of the current test.</doc>
<arguments>
<arg>${datadictionary}</arg>
<arg>${dataJson}</arg>
</arguments>
<msg timestamp="20200205 17:46:28.568" level="INFO">${datadictionary} = OrderedDict([('Edit', OrderedDict([('Type', 'Element'), ('Locator', "//td[contains(text(),'QMATEdivision')]/following-sibling::td//i[contains(@class,'fa fa-pencil')]")])), ('Delete', OrderedDict([('Ty...</msg>
<status status="PASS" starttime="20200205 17:46:28.564" endtime="20200205 17:46:28.568"></status>
</kw>
<status status="PASS" starttime="20200205 17:46:28.564" endtime="20200205 17:46:28.568"></status>
</kw>
<kw name="Edit Division Details" library="HRMS_Keywords">
<arguments>
<arg>${dataDictionary}</arg>
</arguments>
<kw name="Click On Edit Button" library="Division">
<arguments>
<arg>${dataDictionary}</arg>
</arguments>
<kw name="Input Value Into Field" library="FillFields">
<arguments>
<arg>${dataDictionary["Edit"]}</arg>
</arguments>
<kw name="Get Field Type" library="FillFields">
<arguments>
<arg>${key}</arg>
</arguments>
<assign>
<var>${fieldType}</var>
</assign>
<kw name="Return From Keyword" library="BuiltIn">
<doc>Returns from the enclosing user keyword.</doc>
<arguments>
<arg>${Key["Type"]}</arg>
</arguments>
<msg timestamp="20200205 17:46:28.572" level="INFO">Returning from the enclosing user keyword.</msg>
<status status="PASS" starttime="20200205 17:46:28.572" endtime="20200205 17:46:28.573"></status>
</kw>
<msg timestamp="20200205 17:46:28.573" level="INFO">${fieldType} = Element</msg>
<status status="PASS" starttime="20200205 17:46:28.572" endtime="20200205 17:46:28.573"></status>
</kw>
<kw name="Wait Until Keyword Succeeds" library="BuiltIn">
<doc>Runs the specified keyword and retries if it fails.</doc>
<arguments>
<arg>${RETRY TIME}</arg>
<arg>${RETRY INTERVAL}</arg>
<arg>run keyword</arg>
<arg>ClearFields.Clear ${fieldType}</arg>
<arg>${key["Locator"]}</arg>
<arg>${value}</arg>
</arguments>
<kw name="Run Keyword" library="BuiltIn">
<doc>Executes the given keyword with the given arguments.</doc>
<arguments>
<arg>ClearFields.Clear ${fieldType}</arg>
<arg>${key["Locator"]}</arg>
<arg>${value}</arg>
</arguments>
<kw name="Clear Element" library="ClearFields">
<arguments>
<arg>${key["Locator"]}</arg>
<arg>${value}</arg>
</arguments>
<kw name="Log" library="BuiltIn">
<doc>Logs the given message with the given level.</doc>
<arguments>
<arg>element cleared</arg>
</arguments>
<msg timestamp="20200205 17:46:28.577" level="INFO">element cleared</msg>
<status status="PASS" starttime="20200205 17:46:28.576" endtime="20200205 17:46:28.577"></status>
</kw>
<status status="PASS" starttime="20200205 17:46:28.575" endtime="20200205 17:46:28.577"></status>
</kw>
<status status="PASS" starttime="20200205 17:46:28.574" endtime="20200205 17:46:28.577"></status>
</kw>
<status status="PASS" starttime="20200205 17:46:28.573" endtime="20200205 17:46:28.577"></status>
</kw>
<kw name="Wait Until Keyword Succeeds" library="BuiltIn">
<doc>Runs the specified keyword and retries if it fails.</doc>
<arguments>
<arg>${RETRY TIME}</arg>
<arg>${RETRY INTERVAL}</arg>
<arg>run keyword</arg>
<arg>InputFields.Input ${fieldType}</arg>
<arg>${key["Locator"]}</arg>
<arg>${value}</arg>
</arguments>
<kw name="Run Keyword" library="BuiltIn">
<doc>Executes the given keyword with the given arguments.</doc>
<arguments>
<arg>InputFields.Input ${fieldType}</arg>
<arg>${key["Locator"]}</arg>
<arg>${value}</arg>
</arguments>
<kw name="Input Element" library="InputFields">
<arguments>
<arg>${key["Locator"]}</arg>
<arg>${value}</arg>
</arguments>
<kw name="Click Element" library="SeleniumLibrary">
<doc>Click the element identified by ``locator``.</doc>
<arguments>
<arg>${Locator}</arg>
</arguments>
<msg timestamp="20200205 17:46:28.580" level="INFO">Clicking element '//td[contains(text(),'QMATEdivision')]/following-sibling::td//i[contains(@class,'fa fa-pencil')]'.</msg>
<status status="PASS" starttime="20200205 17:46:28.580" endtime="20200205 17:46:28.665"></status>
</kw>
<status status="PASS" starttime="20200205 17:46:28.579" endtime="20200205 17:46:28.665"></status>
</kw>
<status status="PASS" starttime="20200205 17:46:28.578" endtime="20200205 17:46:28.665"></status>
</kw>
<status status="PASS" starttime="20200205 17:46:28.578" endtime="20200205 17:46:28.665"></status>
</kw>
<kw name="Wait Until Keyword Succeeds" library="BuiltIn">
<doc>Runs the specified keyword and retries if it fails.</doc>
<arguments>
<arg>${RETRY TIME}</arg>
<arg>${RETRY INTERVAL}</arg>
<arg>run keyword</arg>
<arg>ConfirmFields.Confirm ${fieldType}</arg>
<arg>${key["Locator"]}</arg>
<arg>${value}</arg>
</arguments>
<kw name="Run Keyword" library="BuiltIn">
<doc>Executes the given keyword with the given arguments.</doc>
<arguments>
<arg>ConfirmFields.Confirm ${fieldType}</arg>
<arg>${key["Locator"]}</arg>
<arg>${value}</arg>
</arguments>
<kw name="Confirm Element" library="ConfirmFields">
<arguments>
<arg>${key["Locator"]}</arg>
<arg>${value}</arg>
</arguments>
<kw name="Log" library="BuiltIn">
<doc>Logs the given message with the given level.</doc>
<arguments>
<arg>Element clicked confirmation</arg>
</arguments>
<msg timestamp="20200205 17:46:28.670" level="INFO">Element clicked confirmation</msg>
<status status="PASS" starttime="20200205 17:46:28.669" endtime="20200205 17:46:28.670"></status>
</kw>
<status status="PASS" starttime="20200205 17:46:28.668" endtime="20200205 17:46:28.670"></status>
</kw>
<status status="PASS" starttime="20200205 17:46:28.667" endtime="20200205 17:46:28.670"></status>
</kw>
<status status="PASS" starttime="20200205 17:46:28.666" endtime="20200205 17:46:28.670"></status>
</kw>
<status status="PASS" starttime="20200205 17:46:28.571" endtime="20200205 17:46:28.670"></status>
</kw>
<status status="PASS" starttime="20200205 17:46:28.570" endtime="20200205 17:46:28.670"></status>
</kw>
<kw name="Fill Division Form" library="Division">
<arguments>
<arg>${dataDictionary}</arg>
</arguments>
<kw name="Input Value Into Field" library="FillFields">
<arguments>
<arg>${dataDictionary["Name"]}</arg>
<arg>${dataDictionary["Name"]["Value"]}</arg>
</arguments>
<kw name="Get Field Type" library="FillFields">
<arguments>
<arg>${key}</arg>
</arguments>
<assign>
<var>${fieldType}</var>
</assign>
<kw name="Return From Keyword" library="BuiltIn">
<doc>Returns from the enclosing user keyword.</doc>
<arguments>
<arg>${Key["Type"]}</arg>
</arguments>
<msg timestamp="20200205 17:46:28.675" level="INFO">Returning from the enclosing user keyword.</msg>
<status status="PASS" starttime="20200205 17:46:28.674" endtime="20200205 17:46:28.675"></status>
</kw>
<msg timestamp="20200205 17:46:28.675" level="INFO">${fieldType} = Text Value</msg>
<status status="PASS" starttime="20200205 17:46:28.673" endtime="20200205 17:46:28.675"></status>
</kw>
<kw name="Wait Until Keyword Succeeds" library="BuiltIn">
<doc>Runs the specified keyword and retries if it fails.</doc>
<arguments>
<arg>${RETRY TIME}</arg>
<arg>${RETRY INTERVAL}</arg>
<arg>run keyword</arg>
<arg>ClearFields.Clear ${fieldType}</arg>
<arg>${key["Locator"]}</arg>
<arg>${value}</arg>
</arguments>
<kw name="Run Keyword" library="BuiltIn">
<doc>Executes the given keyword with the given arguments.</doc>
<arguments>
<arg>ClearFields.Clear ${fieldType}</arg>
<arg>${key["Locator"]}</arg>
<arg>${value}</arg>
</arguments>
<kw name="Clear Text Value" library="ClearFields">
<doc>Fills Empty text into field</doc>
<arguments>
<arg>${key["Locator"]}</arg>
<arg>${value}</arg>
</arguments>
<kw name="Input Text" library="SeleniumLibrary">
<doc>Types the given ``text`` into the text field identified by ``locator``.</doc>
<arguments>
<arg>${locator}</arg>
<arg>${EMPTY}</arg>
</arguments>
<msg timestamp="20200205 17:46:28.680" level="INFO">Typing text '' into text field 'Name'.</msg>
<kw name="Capture Page Screenshot" library="SeleniumLibrary">
<doc>Takes a screenshot of the current page and embeds it into a log file.</doc>
<msg timestamp="20200205 17:46:28.998" level="INFO" html="yes">&lt;/td&gt;&lt;/tr&gt;&lt;tr&gt;&lt;td colspan="3"&gt;&lt;a href="selenium-screenshot-2.png"&gt;&lt;img src="selenium-screenshot-2.png" width="800px"&gt;&lt;/a&gt;</msg>
<status status="PASS" starttime="20200205 17:46:28.706" endtime="20200205 17:46:28.998"></status>
</kw>
<msg timestamp="20200205 17:46:29.018" level="FAIL">Element with locator 'Name' not found.</msg>
<status status="FAIL" starttime="20200205 17:46:28.680" endtime="20200205 17:46:29.018"></status>
</kw>
<status status="FAIL" starttime="20200205 17:46:28.678" endtime="20200205 17:46:29.018"></status>
</kw>
<status status="FAIL" starttime="20200205 17:46:28.677" endtime="20200205 17:46:29.018"></status>
</kw>
<kw name="Run Keyword" library="BuiltIn">
<doc>Executes the given keyword with the given arguments.</doc>
<arguments>
<arg>ClearFields.Clear ${fieldType}</arg>
<arg>${key["Locator"]}</arg>
<arg>${value}</arg>
</arguments>
<kw name="Clear Text Value" library="ClearFields">
<doc>Fills Empty text into field</doc>
<arguments>
<arg>${key["Locator"]}</arg>
<arg>${value}</arg>
</arguments>
<kw name="Input Text" library="SeleniumLibrary">
<doc>Types the given ``text`` into the text field identified by ``locator``.</doc>
<arguments>
<arg>${locator}</arg>
<arg>${EMPTY}</arg>
</arguments>
<msg timestamp="20200205 17:46:31.020" level="INFO">Typing text '' into text field 'Name'.</msg>
<status status="PASS" starttime="20200205 17:46:31.019" endtime="20200205 17:46:31.075"></status>
</kw>
<status status="PASS" starttime="20200205 17:46:31.019" endtime="20200205 17:46:31.076"></status>
</kw>
<status status="PASS" starttime="20200205 17:46:31.018" endtime="20200205 17:46:31.076"></status>
</kw>
<status status="PASS" starttime="20200205 17:46:28.676" endtime="20200205 17:46:31.076"></status>
</kw>
<kw name="Wait Until Keyword Succeeds" library="BuiltIn">
<doc>Runs the specified keyword and retries if it fails.</doc>
<arguments>
<arg>${RETRY TIME}</arg>
<arg>${RETRY INTERVAL}</arg>
<arg>run keyword</arg>
<arg>InputFields.Input ${fieldType}</arg>
<arg>${key["Locator"]}</arg>
<arg>${value}</arg>
</arguments>
<kw name="Run Keyword" library="BuiltIn">
<doc>Executes the given keyword with the given arguments.</doc>
<arguments>
<arg>InputFields.Input ${fieldType}</arg>
<arg>${key["Locator"]}</arg>
<arg>${value}</arg>
</arguments>
<kw name="Input Text Value" library="InputFields">
<arguments>
<arg>${key["Locator"]}</arg>
<arg>${value}</arg>
</arguments>
<kw name="Input Text" library="SeleniumLibrary">
<doc>Types the given ``text`` into the text field identified by ``locator``.</doc>
<arguments>
<arg>${locator}</arg>
<arg>${value}</arg>
</arguments>
<msg timestamp="20200205 17:46:31.077" level="INFO">Typing text 'QMATEdivision2' into text field 'Name'.</msg>
<status status="PASS" starttime="20200205 17:46:31.077" endtime="20200205 17:46:31.165"></status>
</kw>
<status status="PASS" starttime="20200205 17:46:31.077" endtime="20200205 17:46:31.165"></status>
</kw>
<status status="PASS" starttime="20200205 17:46:31.076" endtime="20200205 17:46:31.165"></status>
</kw>
<status status="PASS" starttime="20200205 17:46:31.076" endtime="20200205 17:46:31.165"></status>
</kw>
<kw name="Wait Until Keyword Succeeds" library="BuiltIn">
<doc>Runs the specified keyword and retries if it fails.</doc>
<arguments>
<arg>${RETRY TIME}</arg>
<arg>${RETRY INTERVAL}</arg>
<arg>run keyword</arg>
<arg>ConfirmFields.Confirm ${fieldType}</arg>
<arg>${key["Locator"]}</arg>
<arg>${value}</arg>
</arguments>
<kw name="Run Keyword" library="BuiltIn">
<doc>Executes the given keyword with the given arguments.</doc>
<arguments>
<arg>ConfirmFields.Confirm ${fieldType}</arg>
<arg>${key["Locator"]}</arg>
<arg>${value}</arg>
</arguments>
<kw name="Confirm Text Value" library="ConfirmFields">
<arguments>
<arg>${key["Locator"]}</arg>
<arg>${value}</arg>
</arguments>
<kw name="Get Value" library="SeleniumLibrary">
<doc>Returns the value attribute of the element identified by ``locator``.</doc>
<arguments>
<arg>${locator}</arg>
</arguments>
<assign>
<var>${filledValue}</var>
</assign>
<msg timestamp="20200205 17:46:31.181" level="INFO">${filledValue} = QMATEdivision2</msg>
<status status="PASS" starttime="20200205 17:46:31.167" endtime="20200205 17:46:31.182"></status>
</kw>
<kw name="Should Be Equal" library="BuiltIn">
<doc>Fails if the given objects are unequal.</doc>
<arguments>
<arg>${filledValue}</arg>
<arg>${value}</arg>
</arguments>
<status status="PASS" starttime="20200205 17:46:31.182" endtime="20200205 17:46:31.182"></status>
</kw>
<status status="PASS" starttime="20200205 17:46:31.167" endtime="20200205 17:46:31.182"></status>
</kw>
<status status="PASS" starttime="20200205 17:46:31.166" endtime="20200205 17:46:31.182"></status>
</kw>
<status status="PASS" starttime="20200205 17:46:31.165" endtime="20200205 17:46:31.182"></status>
</kw>
<status status="PASS" starttime="20200205 17:46:28.672" endtime="20200205 17:46:31.183"></status>
</kw>
<status status="PASS" starttime="20200205 17:46:28.671" endtime="20200205 17:46:31.183"></status>
</kw>
<kw name="Save Details" library="Division">
<arguments>
<arg>${dataDictionary}</arg>
</arguments>
<kw name="Input Value Into Field" library="FillFields">
<arguments>
<arg>${dataDictionary["Save"]}</arg>
</arguments>
<kw name="Get Field Type" library="FillFields">
<arguments>
<arg>${key}</arg>
</arguments>
<assign>
<var>${fieldType}</var>
</assign>
<kw name="Return From Keyword" library="BuiltIn">
<doc>Returns from the enclosing user keyword.</doc>
<arguments>
<arg>${Key["Type"]}</arg>
</arguments>
<msg timestamp="20200205 17:46:31.185" level="INFO">Returning from the enclosing user keyword.</msg>
<status status="PASS" starttime="20200205 17:46:31.185" endtime="20200205 17:46:31.185"></status>
</kw>
<msg timestamp="20200205 17:46:31.185" level="INFO">${fieldType} = Button</msg>
<status status="PASS" starttime="20200205 17:46:31.184" endtime="20200205 17:46:31.185"></status>
</kw>
<kw name="Wait Until Keyword Succeeds" library="BuiltIn">
<doc>Runs the specified keyword and retries if it fails.</doc>
<arguments>
<arg>${RETRY TIME}</arg>
<arg>${RETRY INTERVAL}</arg>
<arg>run keyword</arg>
<arg>ClearFields.Clear ${fieldType}</arg>
<arg>${key["Locator"]}</arg>
<arg>${value}</arg>
</arguments>
<kw name="Run Keyword" library="BuiltIn">
<doc>Executes the given keyword with the given arguments.</doc>
<arguments>
<arg>ClearFields.Clear ${fieldType}</arg>
<arg>${key["Locator"]}</arg>
<arg>${value}</arg>
</arguments>
<kw name="Clear Button" library="ClearFields">
<arguments>
<arg>${key["Locator"]}</arg>
<arg>${value}</arg>
</arguments>
<kw name="Log" library="BuiltIn">
<doc>Logs the given message with the given level.</doc>
<arguments>
<arg>button cleared</arg>
</arguments>
<msg timestamp="20200205 17:46:31.187" level="INFO">button cleared</msg>
<status status="PASS" starttime="20200205 17:46:31.187" endtime="20200205 17:46:31.187"></status>
</kw>
<status status="PASS" starttime="20200205 17:46:31.186" endtime="20200205 17:46:31.187"></status>
</kw>
<status status="PASS" starttime="20200205 17:46:31.186" endtime="20200205 17:46:31.187"></status>
</kw>
<status status="PASS" starttime="20200205 17:46:31.186" endtime="20200205 17:46:31.187"></status>
</kw>
<kw name="Wait Until Keyword Succeeds" library="BuiltIn">
<doc>Runs the specified keyword and retries if it fails.</doc>
<arguments>
<arg>${RETRY TIME}</arg>
<arg>${RETRY INTERVAL}</arg>
<arg>run keyword</arg>
<arg>InputFields.Input ${fieldType}</arg>
<arg>${key["Locator"]}</arg>
<arg>${value}</arg>
</arguments>
<kw name="Run Keyword" library="BuiltIn">
<doc>Executes the given keyword with the given arguments.</doc>
<arguments>
<arg>InputFields.Input ${fieldType}</arg>
<arg>${key["Locator"]}</arg>
<arg>${value}</arg>
</arguments>
<kw name="Input Button" library="InputFields">
<arguments>
<arg>${key["Locator"]}</arg>
<arg>${value}</arg>
</arguments>
<kw name="Wait Until Element Is Enabled" library="SeleniumLibrary">
<doc>Waits until the element ``locator`` is enabled.</doc>
<arguments>
<arg>${Locator}</arg>
</arguments>
<status status="PASS" starttime="20200205 17:46:31.189" endtime="20200205 17:46:31.215"></status>
</kw>
<kw name="Click Button" library="SeleniumLibrary">
<doc>Clicks the button identified by ``locator``.</doc>
<arguments>
<arg>${Locator}</arg>
</arguments>
<msg timestamp="20200205 17:46:31.216" level="INFO">Clicking button 'btnSave'.</msg>
<status status="PASS" starttime="20200205 17:46:31.216" endtime="20200205 17:46:31.280"></status>
</kw>
<status status="PASS" starttime="20200205 17:46:31.189" endtime="20200205 17:46:31.280"></status>
</kw>
<status status="PASS" starttime="20200205 17:46:31.188" endtime="20200205 17:46:31.280"></status>
</kw>
<status status="PASS" starttime="20200205 17:46:31.188" endtime="20200205 17:46:31.280"></status>
</kw>
<kw name="Wait Until Keyword Succeeds" library="BuiltIn">
<doc>Runs the specified keyword and retries if it fails.</doc>
<arguments>
<arg>${RETRY TIME}</arg>
<arg>${RETRY INTERVAL}</arg>
<arg>run keyword</arg>
<arg>ConfirmFields.Confirm ${fieldType}</arg>
<arg>${key["Locator"]}</arg>
<arg>${value}</arg>
</arguments>
<kw name="Run Keyword" library="BuiltIn">
<doc>Executes the given keyword with the given arguments.</doc>
<arguments>
<arg>ConfirmFields.Confirm ${fieldType}</arg>
<arg>${key["Locator"]}</arg>
<arg>${value}</arg>
</arguments>
<kw name="Confirm Button" library="ConfirmFields">
<arguments>
<arg>${key["Locator"]}</arg>
<arg>${value}</arg>
</arguments>
<kw name="Log" library="BuiltIn">
<doc>Logs the given message with the given level.</doc>
<arguments>
<arg>Button clicked confirmation</arg>
</arguments>
<msg timestamp="20200205 17:46:31.281" level="INFO">Button clicked confirmation</msg>
<status status="PASS" starttime="20200205 17:46:31.281" endtime="20200205 17:46:31.281"></status>
</kw>
<status status="PASS" starttime="20200205 17:46:31.281" endtime="20200205 17:46:31.281"></status>
</kw>
<status status="PASS" starttime="20200205 17:46:31.280" endtime="20200205 17:46:31.281"></status>
</kw>
<status status="PASS" starttime="20200205 17:46:31.280" endtime="20200205 17:46:31.282"></status>
</kw>
<status status="PASS" starttime="20200205 17:46:31.183" endtime="20200205 17:46:31.282"></status>
</kw>
<status status="PASS" starttime="20200205 17:46:31.183" endtime="20200205 17:46:31.282"></status>
</kw>
<status status="PASS" starttime="20200205 17:46:28.569" endtime="20200205 17:46:31.282"></status>
</kw>
<kw name="Reload Page" library="SeleniumLibrary">
<doc>Simulates user reloading page.</doc>
<status status="PASS" starttime="20200205 17:46:31.282" endtime="20200205 17:46:31.289"></status>
</kw>
<kw name="Verify Division Entry" library="HRMS_Keywords">
<arguments>
<arg>${dataDictionary}</arg>
</arguments>
<kw name="Check For Division Entry In Division Table" library="Division">
<arguments>
<arg>${dataDictionary}</arg>
</arguments>
<kw name="Page Should Contain Element" library="SeleniumLibrary">
<doc>Verifies that element ``locator`` is found on the current page.</doc>
<arguments>
<arg>//td[contains(text(),'${dataDictionary["Name"]["Value"]}')]</arg>
</arguments>
<msg timestamp="20200205 17:46:37.329" level="INFO">Current page contains element '//td[contains(text(),'QMATEdivision2')]'.</msg>
<status status="PASS" starttime="20200205 17:46:31.291" endtime="20200205 17:46:37.329"></status>
</kw>
<status status="PASS" starttime="20200205 17:46:31.290" endtime="20200205 17:46:37.329"></status>
</kw>
<status status="PASS" starttime="20200205 17:46:31.289" endtime="20200205 17:46:37.329"></status>
</kw>
<doc>Edits the division details and saves them. Verifies its updation in the division table.</doc>
<tags>
<tag>division</tag>
<tag>editdata</tag>
<tag>HRMS</tag>
</tags>
<status status="PASS" starttime="20200205 17:46:21.936" endtime="20200205 17:46:37.330" critical="yes"></status>
</test>
<status status="PASS" starttime="20200205 17:46:21.729" endtime="20200205 17:46:37.332"></status>
</suite>
<kw name="End HRMS Testing" library="Common_Keywords" type="teardown">
<kw name="Close Browser" library="SeleniumLibrary">
<doc>Closes the current browser.</doc>
<status status="PASS" starttime="20200205 17:46:37.335" endtime="20200205 17:46:39.462"></status>
</kw>
<status status="PASS" starttime="20200205 17:46:37.335" endtime="20200205 17:46:39.463"></status>
</kw>
<status status="PASS" starttime="20200205 17:46:18.352" endtime="20200205 17:46:39.463"></status>
</suite>
<kw name="End Basic Testing" library="Common_Keywords" type="teardown">
<kw name="Close Browser" library="SeleniumLibrary">
<doc>Closes the current browser.</doc>
<status status="PASS" starttime="20200205 17:46:39.470" endtime="20200205 17:46:39.471"></status>
</kw>
<status status="PASS" starttime="20200205 17:46:39.469" endtime="20200205 17:46:39.471"></status>
</kw>
<status status="PASS" starttime="20200205 17:46:14.574" endtime="20200205 17:46:39.471"></status>
</suite>
<statistics>
<total>
<stat pass="1" fail="0">Critical Tests</stat>
<stat pass="1" fail="0">All Tests</stat>
</total>
<tag>
<stat pass="1" fail="0">division</stat>
<stat pass="1" fail="0">editdata</stat>
<stat pass="1" fail="0">HRMS</stat>
</tag>
<suite>
<stat pass="1" fail="0" id="s1" name="Tests">Tests</stat>
<stat pass="1" fail="0" id="s1-s1" name="HRMS">Tests.HRMS</stat>
<stat pass="1" fail="0" id="s1-s1-s1" name="HRMS Configurations">Tests.HRMS.HRMS Configurations</stat>
</suite>
</statistics>
<errors>
</errors>
</robot>
