<?xml version="1.0" encoding="UTF-8"?>
<robot generator="Robot 3.1.2 (Python 3.7.4 on win32)" generated="20200124 15:08:56.253" rpa="false">
<suite id="s1" name="Tests" source="D:\Q-mate\Tests">
<suite id="s1-s1" name="Basic" source="D:\Q-mate\Tests\Basic">
<kw name="Begin Basic Testing" library="Common_Keywords" type="setup">
<kw name="Set Paths" library="Common_Keywords">
<kw name="Evaluate" library="BuiltIn">
<doc>Evaluates the given expression in Python and returns the results.</doc>
<arguments>
<arg>sys.path.append(os.path.join(r'${LIBRARY}'))</arg>
<arg>modules=os, sys</arg>
</arguments>
<status status="PASS" starttime="20200124 15:08:56.629" endtime="20200124 15:08:56.629"></status>
</kw>
<status status="PASS" starttime="20200124 15:08:56.627" endtime="20200124 15:08:56.629"></status>
</kw>
<kw name="Remove Files" library="Common_Keywords">
<kw name="Remove File" library="OperatingSystem">
<doc>Removes a file with the given path.</doc>
<arguments>
<arg>${ERRORFILE}</arg>
</arguments>
<msg timestamp="20200124 15:08:56.630" level="INFO" html="yes">File '&lt;a href="file://D:\Q-mate\Results\ErrorReport.csv"&gt;D:\Q-mate\Results\ErrorReport.csv&lt;/a&gt;' does not exist.</msg>
<status status="PASS" starttime="20200124 15:08:56.629" endtime="20200124 15:08:56.630"></status>
</kw>
<kw name="Remove File" library="OperatingSystem">
<doc>Removes a file with the given path.</doc>
<arguments>
<arg>${DV_REPORT}</arg>
</arguments>
<msg timestamp="20200124 15:08:56.630" level="INFO" html="yes">File '&lt;a href="file://D:\Q-mate\Results\DV\Disbursement.csv"&gt;D:\Q-mate\Results\DV\Disbursement.csv&lt;/a&gt;' does not exist.</msg>
<status status="PASS" starttime="20200124 15:08:56.630" endtime="20200124 15:08:56.630"></status>
</kw>
<status status="PASS" starttime="20200124 15:08:56.629" endtime="20200124 15:08:56.630"></status>
</kw>
<kw name="Open Browser" library="SeleniumLibrary">
<doc>Opens a new browser instance to the optional ``url``.</doc>
<arguments>
<arg>about:blank</arg>
<arg>${BROWSER}</arg>
</arguments>
<msg timestamp="20200124 15:08:56.630" level="INFO">Opening browser 'headlesschrome' to base url 'about:blank'.</msg>
<status status="PASS" starttime="20200124 15:08:56.630" endtime="20200124 15:08:58.661"></status>
</kw>
<kw name="Maximize Browser Window" library="SeleniumLibrary">
<doc>Maximizes current browser window.</doc>
<status status="PASS" starttime="20200124 15:08:58.661" endtime="20200124 15:08:59.776"></status>
</kw>
<status status="PASS" starttime="20200124 15:08:56.627" endtime="20200124 15:08:59.777"></status>
</kw>
<suite id="s1-s1-s1" name="001 ERP Login" source="D:\Q-mate\Tests\Basic\001_ERP_Login.robot">
<test id="s1-s1-s1-t1" name="User should be able to access login page">
<kw name="Run Keyword And Ignore Error" library="BuiltIn">
<doc>Runs the given keyword with the given arguments and ignores possible error.</doc>
<arguments>
<arg>ERP_Keywords.Attempt Full Logout</arg>
</arguments>
<kw name="Attempt Full Logout" library="ERP_Keywords">
<doc>Logout the user</doc>
<kw name="Open User Action Menu" library="TopNavigation">
<doc>Opens the user action menu</doc>
<kw name="Wait Until Element Is Visible" library="SeleniumLibrary">
<doc>Waits until the element ``locator`` is visible.</doc>
<arguments>
<arg>${USER_ACTION_DROPDOWN_LINK}</arg>
</arguments>
<kw name="Capture Page Screenshot" library="SeleniumLibrary">
<doc>Takes a screenshot of the current page and embeds it into a log file.</doc>
<msg timestamp="20200124 15:09:05.178" level="INFO" html="yes">&lt;/td&gt;&lt;/tr&gt;&lt;tr&gt;&lt;td colspan="3"&gt;&lt;a href="selenium-screenshot-2.png"&gt;&lt;img src="selenium-screenshot-2.png" width="800px"&gt;&lt;/a&gt;</msg>
<status status="PASS" starttime="20200124 15:09:04.916" endtime="20200124 15:09:05.178"></status>
</kw>
<msg timestamp="20200124 15:09:05.179" level="FAIL">Element 'xpath=//span[contains(@class,'pull-left')]' not visible after 5 seconds.</msg>
<status status="FAIL" starttime="20200124 15:08:59.888" endtime="20200124 15:09:05.180"></status>
</kw>
<status status="FAIL" starttime="20200124 15:08:59.887" endtime="20200124 15:09:05.180"></status>
</kw>
<status status="FAIL" starttime="20200124 15:08:59.887" endtime="20200124 15:09:05.180"></status>
</kw>
<status status="PASS" starttime="20200124 15:08:59.887" endtime="20200124 15:09:05.180"></status>
</kw>
<kw name="Open the Login Page" library="ERP_Keywords">
<doc>Opens the login page and verified it is loaded or not</doc>
<kw name="Navigate To Page" library="Login">
<kw name="Go To" library="SeleniumLibrary">
<doc>Navigates the current browser window to the provided ``url``.</doc>
<arguments>
<arg>${BASE_URL.${ENVIRONMENT}}</arg>
</arguments>
<msg timestamp="20200124 15:09:05.182" level="INFO">Opening url 'http://demoprojects.e-connectsolutions.com/ERP-TEST'</msg>
<status status="PASS" starttime="20200124 15:09:05.181" endtime="20200124 15:09:07.020"></status>
</kw>
<status status="PASS" starttime="20200124 15:09:05.181" endtime="20200124 15:09:07.020"></status>
</kw>
<kw name="Verify Page Loaded" library="Login">
<kw name="Page Should Contain Element" library="SeleniumLibrary">
<doc>Verifies that element ``locator`` is found on the current page.</doc>
<arguments>
<arg>${LOGIN_TEXT_HEADER}</arg>
</arguments>
<msg timestamp="20200124 15:09:07.035" level="INFO">Current page contains element 'xpath=//h4[@class='innerAll margin-none border-bottom text-center']'.</msg>
<status status="PASS" starttime="20200124 15:09:07.021" endtime="20200124 15:09:07.035"></status>
</kw>
<status status="PASS" starttime="20200124 15:09:07.021" endtime="20200124 15:09:07.035"></status>
</kw>
<status status="PASS" starttime="20200124 15:09:05.181" endtime="20200124 15:09:07.035"></status>
</kw>
<tags>
<tag>login</tag>
<tag>loginpage</tag>
</tags>
<status status="PASS" starttime="20200124 15:08:59.886" endtime="20200124 15:09:07.036" critical="yes"></status>
</test>
<test id="s1-s1-s1-t2" name="Invalid login scenarios should display correct error messages">
<kw name="Test Mutiple Login Failed Scenarios" library="ERP_Keywords">
<doc>Tests the login functionality with wrong credentials</doc>
<arguments>
<arg>${INVALID_USER}</arg>
</arguments>
<kw name="Open the Login Page" library="ERP_Keywords">
<doc>Opens the login page and verified it is loaded or not</doc>
<kw name="Navigate To Page" library="Login">
<kw name="Go To" library="SeleniumLibrary">
<doc>Navigates the current browser window to the provided ``url``.</doc>
<arguments>
<arg>${BASE_URL.${ENVIRONMENT}}</arg>
</arguments>
<msg timestamp="20200124 15:09:07.040" level="INFO">Opening url 'http://demoprojects.e-connectsolutions.com/ERP-TEST'</msg>
<status status="PASS" starttime="20200124 15:09:07.040" endtime="20200124 15:09:07.281"></status>
</kw>
<status status="PASS" starttime="20200124 15:09:07.039" endtime="20200124 15:09:07.281"></status>
</kw>
<kw name="Verify Page Loaded" library="Login">
<kw name="Page Should Contain Element" library="SeleniumLibrary">
<doc>Verifies that element ``locator`` is found on the current page.</doc>
<arguments>
<arg>${LOGIN_TEXT_HEADER}</arg>
</arguments>
<msg timestamp="20200124 15:09:07.291" level="INFO">Current page contains element 'xpath=//h4[@class='innerAll margin-none border-bottom text-center']'.</msg>
<status status="PASS" starttime="20200124 15:09:07.282" endtime="20200124 15:09:07.291"></status>
</kw>
<status status="PASS" starttime="20200124 15:09:07.282" endtime="20200124 15:09:07.292"></status>
</kw>
<status status="PASS" starttime="20200124 15:09:07.039" endtime="20200124 15:09:07.292"></status>
</kw>
<kw name="Attempt Login" library="ERP_Keywords">
<doc>Logins the Erp with given credentials</doc>
<arguments>
<arg>${Credentials}</arg>
</arguments>
<kw name="Get From Dictionary" library="Collections">
<doc>Returns a value from the given ``dictionary`` based on the given ``key``.</doc>
<arguments>
<arg>${Credentials}</arg>
<arg>username</arg>
</arguments>
<assign>
<var>${username}</var>
</assign>
<msg timestamp="20200124 15:09:07.293" level="INFO">${username} = qwerty</msg>
<status status="PASS" starttime="20200124 15:09:07.292" endtime="20200124 15:09:07.293"></status>
</kw>
<kw name="Get From Dictionary" library="Collections">
<doc>Returns a value from the given ``dictionary`` based on the given ``key``.</doc>
<arguments>
<arg>${Credentials}</arg>
<arg>password</arg>
</arguments>
<assign>
<var>${password}</var>
</assign>
<msg timestamp="20200124 15:09:07.293" level="INFO">${password} = qwerty</msg>
<status status="PASS" starttime="20200124 15:09:07.293" endtime="20200124 15:09:07.293"></status>
</kw>
<kw name="Fill Username" library="Login">
<arguments>
<arg>${username}</arg>
</arguments>
<kw name="Input Text" library="SeleniumLibrary">
<doc>Types the given ``text`` into the text field identified by ``locator``.</doc>
<arguments>
<arg>${LOGIN_USERNAME_INPUT}</arg>
<arg>${username}</arg>
</arguments>
<msg timestamp="20200124 15:09:07.294" level="INFO">Typing text 'qwerty' into text field 'id=LoginIdForShow'.</msg>
<status status="PASS" starttime="20200124 15:09:07.294" endtime="20200124 15:09:07.370"></status>
</kw>
<status status="PASS" starttime="20200124 15:09:07.293" endtime="20200124 15:09:07.370"></status>
</kw>
<kw name="Fill Password" library="Login">
<arguments>
<arg>${password}</arg>
</arguments>
<kw name="Input Text" library="SeleniumLibrary">
<doc>Types the given ``text`` into the text field identified by ``locator``.</doc>
<arguments>
<arg>${LOGIN_PASSWORD_INPUT}</arg>
<arg>${password}</arg>
</arguments>
<msg timestamp="20200124 15:09:07.371" level="INFO">Typing text 'qwerty' into text field 'id=PasswordForShow'.</msg>
<status status="PASS" starttime="20200124 15:09:07.371" endtime="20200124 15:09:07.470"></status>
</kw>
<status status="PASS" starttime="20200124 15:09:07.371" endtime="20200124 15:09:07.470"></status>
</kw>
<kw name="Submit The Form" library="Login">
<kw name="Click Button" library="SeleniumLibrary">
<doc>Clicks the button identified by ``locator``.</doc>
<arguments>
<arg>${LOGIN_BUTTON}</arg>
</arguments>
<msg timestamp="20200124 15:09:07.471" level="INFO">Clicking button 'id=btnLogin'.</msg>
<status status="PASS" starttime="20200124 15:09:07.471" endtime="20200124 15:09:07.770"></status>
</kw>
<status status="PASS" starttime="20200124 15:09:07.470" endtime="20200124 15:09:07.770"></status>
</kw>
<status status="PASS" starttime="20200124 15:09:07.292" endtime="20200124 15:09:07.770"></status>
</kw>
<kw name="Verify Login Message" library="Login">
<arguments>
<arg>${Credentials.ExpectedResponseMessage}</arg>
</arguments>
<kw name="Wait Until Page Contains" library="SeleniumLibrary">
<doc>Waits until ``text`` appears on the current page.</doc>
<arguments>
<arg>${ExpectedResponseMessage}</arg>
</arguments>
<status status="PASS" starttime="20200124 15:09:07.771" endtime="20200124 15:09:07.785"></status>
</kw>
<status status="PASS" starttime="20200124 15:09:07.770" endtime="20200124 15:09:07.785"></status>
</kw>
<status status="PASS" starttime="20200124 15:09:07.038" endtime="20200124 15:09:07.785"></status>
</kw>
<kw name="Test Mutiple Login Failed Scenarios" library="ERP_Keywords">
<doc>Tests the login functionality with wrong credentials</doc>
<arguments>
<arg>${INVALID_PASSWORD}</arg>
</arguments>
<kw name="Open the Login Page" library="ERP_Keywords">
<doc>Opens the login page and verified it is loaded or not</doc>
<kw name="Navigate To Page" library="Login">
<kw name="Go To" library="SeleniumLibrary">
<doc>Navigates the current browser window to the provided ``url``.</doc>
<arguments>
<arg>${BASE_URL.${ENVIRONMENT}}</arg>
</arguments>
<msg timestamp="20200124 15:09:07.787" level="INFO">Opening url 'http://demoprojects.e-connectsolutions.com/ERP-TEST'</msg>
<status status="PASS" starttime="20200124 15:09:07.787" endtime="20200124 15:09:08.048"></status>
</kw>
<status status="PASS" starttime="20200124 15:09:07.787" endtime="20200124 15:09:08.048"></status>
</kw>
<kw name="Verify Page Loaded" library="Login">
<kw name="Page Should Contain Element" library="SeleniumLibrary">
<doc>Verifies that element ``locator`` is found on the current page.</doc>
<arguments>
<arg>${LOGIN_TEXT_HEADER}</arg>
</arguments>
<msg timestamp="20200124 15:09:08.057" level="INFO">Current page contains element 'xpath=//h4[@class='innerAll margin-none border-bottom text-center']'.</msg>
<status status="PASS" starttime="20200124 15:09:08.049" endtime="20200124 15:09:08.057"></status>
</kw>
<status status="PASS" starttime="20200124 15:09:08.048" endtime="20200124 15:09:08.058"></status>
</kw>
<status status="PASS" starttime="20200124 15:09:07.786" endtime="20200124 15:09:08.058"></status>
</kw>
<kw name="Attempt Login" library="ERP_Keywords">
<doc>Logins the Erp with given credentials</doc>
<arguments>
<arg>${Credentials}</arg>
</arguments>
<kw name="Get From Dictionary" library="Collections">
<doc>Returns a value from the given ``dictionary`` based on the given ``key``.</doc>
<arguments>
<arg>${Credentials}</arg>
<arg>username</arg>
</arguments>
<assign>
<var>${username}</var>
</assign>
<msg timestamp="20200124 15:09:08.059" level="INFO">${username} = econnect</msg>
<status status="PASS" starttime="20200124 15:09:08.058" endtime="20200124 15:09:08.059"></status>
</kw>
<kw name="Get From Dictionary" library="Collections">
<doc>Returns a value from the given ``dictionary`` based on the given ``key``.</doc>
<arguments>
<arg>${Credentials}</arg>
<arg>password</arg>
</arguments>
<assign>
<var>${password}</var>
</assign>
<msg timestamp="20200124 15:09:08.059" level="INFO">${password} = qwerty</msg>
<status status="PASS" starttime="20200124 15:09:08.059" endtime="20200124 15:09:08.059"></status>
</kw>
<kw name="Fill Username" library="Login">
<arguments>
<arg>${username}</arg>
</arguments>
<kw name="Input Text" library="SeleniumLibrary">
<doc>Types the given ``text`` into the text field identified by ``locator``.</doc>
<arguments>
<arg>${LOGIN_USERNAME_INPUT}</arg>
<arg>${username}</arg>
</arguments>
<msg timestamp="20200124 15:09:08.060" level="INFO">Typing text 'econnect' into text field 'id=LoginIdForShow'.</msg>
<status status="PASS" starttime="20200124 15:09:08.060" endtime="20200124 15:09:08.137"></status>
</kw>
<status status="PASS" starttime="20200124 15:09:08.059" endtime="20200124 15:09:08.137"></status>
</kw>
<kw name="Fill Password" library="Login">
<arguments>
<arg>${password}</arg>
</arguments>
<kw name="Input Text" library="SeleniumLibrary">
<doc>Types the given ``text`` into the text field identified by ``locator``.</doc>
<arguments>
<arg>${LOGIN_PASSWORD_INPUT}</arg>
<arg>${password}</arg>
</arguments>
<msg timestamp="20200124 15:09:08.138" level="INFO">Typing text 'qwerty' into text field 'id=PasswordForShow'.</msg>
<status status="PASS" starttime="20200124 15:09:08.138" endtime="20200124 15:09:08.233"></status>
</kw>
<status status="PASS" starttime="20200124 15:09:08.137" endtime="20200124 15:09:08.233"></status>
</kw>
<kw name="Submit The Form" library="Login">
<kw name="Click Button" library="SeleniumLibrary">
<doc>Clicks the button identified by ``locator``.</doc>
<arguments>
<arg>${LOGIN_BUTTON}</arg>
</arguments>
<msg timestamp="20200124 15:09:08.234" level="INFO">Clicking button 'id=btnLogin'.</msg>
<status status="PASS" starttime="20200124 15:09:08.234" endtime="20200124 15:09:08.576"></status>
</kw>
<status status="PASS" starttime="20200124 15:09:08.234" endtime="20200124 15:09:08.576"></status>
</kw>
<status status="PASS" starttime="20200124 15:09:08.058" endtime="20200124 15:09:08.576"></status>
</kw>
<kw name="Verify Login Message" library="Login">
<arguments>
<arg>${Credentials.ExpectedResponseMessage}</arg>
</arguments>
<kw name="Wait Until Page Contains" library="SeleniumLibrary">
<doc>Waits until ``text`` appears on the current page.</doc>
<arguments>
<arg>${ExpectedResponseMessage}</arg>
</arguments>
<status status="PASS" starttime="20200124 15:09:08.577" endtime="20200124 15:09:08.587"></status>
</kw>
<status status="PASS" starttime="20200124 15:09:08.576" endtime="20200124 15:09:08.587"></status>
</kw>
<status status="PASS" starttime="20200124 15:09:07.786" endtime="20200124 15:09:08.587"></status>
</kw>
<tags>
<tag>invalidlogin</tag>
<tag>login</tag>
</tags>
<status status="PASS" starttime="20200124 15:09:07.037" endtime="20200124 15:09:08.588" critical="yes"></status>
</test>
<test id="s1-s1-s1-t3" name="Users should be able to login with correct username and password">
<kw name="Test Mutiple Login Successful Scenarios" library="ERP_Keywords">
<doc>Tests the login functionality with right credentials</doc>
<arguments>
<arg>${ADMIN_USER}</arg>
</arguments>
<kw name="Run Keyword And Return Status" library="BuiltIn">
<doc>Runs the given keyword with given arguments and returns the status as a Boolean value.</doc>
<arguments>
<arg>Login.Verify Page Loaded</arg>
</arguments>
<assign>
<var>${status}</var>
</assign>
<kw name="Verify Page Loaded" library="Login">
<kw name="Page Should Contain Element" library="SeleniumLibrary">
<doc>Verifies that element ``locator`` is found on the current page.</doc>
<arguments>
<arg>${LOGIN_TEXT_HEADER}</arg>
</arguments>
<msg timestamp="20200124 15:09:08.600" level="INFO">Current page contains element 'xpath=//h4[@class='innerAll margin-none border-bottom text-center']'.</msg>
<status status="PASS" starttime="20200124 15:09:08.591" endtime="20200124 15:09:08.600"></status>
</kw>
<status status="PASS" starttime="20200124 15:09:08.591" endtime="20200124 15:09:08.600"></status>
</kw>
<msg timestamp="20200124 15:09:08.600" level="INFO">${status} = True</msg>
<status status="PASS" starttime="20200124 15:09:08.591" endtime="20200124 15:09:08.600"></status>
</kw>
<kw name="Run Keyword Unless" library="BuiltIn">
<doc>Runs the given keyword with the given arguments if ``condition`` is false.</doc>
<arguments>
<arg>${status}</arg>
<arg>Login.Go To Logout</arg>
</arguments>
<status status="PASS" starttime="20200124 15:09:08.600" endtime="20200124 15:09:08.601"></status>
</kw>
<kw name="Attempt Login" library="ERP_Keywords">
<doc>Logins the Erp with given credentials</doc>
<arguments>
<arg>${Credentials}</arg>
</arguments>
<kw name="Get From Dictionary" library="Collections">
<doc>Returns a value from the given ``dictionary`` based on the given ``key``.</doc>
<arguments>
<arg>${Credentials}</arg>
<arg>username</arg>
</arguments>
<assign>
<var>${username}</var>
</assign>
<msg timestamp="20200124 15:09:08.602" level="INFO">${username} = econnect</msg>
<status status="PASS" starttime="20200124 15:09:08.601" endtime="20200124 15:09:08.602"></status>
</kw>
<kw name="Get From Dictionary" library="Collections">
<doc>Returns a value from the given ``dictionary`` based on the given ``key``.</doc>
<arguments>
<arg>${Credentials}</arg>
<arg>password</arg>
</arguments>
<assign>
<var>${password}</var>
</assign>
<msg timestamp="20200124 15:09:08.602" level="INFO">${password} = admin</msg>
<status status="PASS" starttime="20200124 15:09:08.602" endtime="20200124 15:09:08.602"></status>
</kw>
<kw name="Fill Username" library="Login">
<arguments>
<arg>${username}</arg>
</arguments>
<kw name="Input Text" library="SeleniumLibrary">
<doc>Types the given ``text`` into the text field identified by ``locator``.</doc>
<arguments>
<arg>${LOGIN_USERNAME_INPUT}</arg>
<arg>${username}</arg>
</arguments>
<msg timestamp="20200124 15:09:08.603" level="INFO">Typing text 'econnect' into text field 'id=LoginIdForShow'.</msg>
<status status="PASS" starttime="20200124 15:09:08.603" endtime="20200124 15:09:08.682"></status>
</kw>
<status status="PASS" starttime="20200124 15:09:08.602" endtime="20200124 15:09:08.683"></status>
</kw>
<kw name="Fill Password" library="Login">
<arguments>
<arg>${password}</arg>
</arguments>
<kw name="Input Text" library="SeleniumLibrary">
<doc>Types the given ``text`` into the text field identified by ``locator``.</doc>
<arguments>
<arg>${LOGIN_PASSWORD_INPUT}</arg>
<arg>${password}</arg>
</arguments>
<msg timestamp="20200124 15:09:08.683" level="INFO">Typing text 'admin' into text field 'id=PasswordForShow'.</msg>
<status status="PASS" starttime="20200124 15:09:08.683" endtime="20200124 15:09:08.775"></status>
</kw>
<status status="PASS" starttime="20200124 15:09:08.683" endtime="20200124 15:09:08.775"></status>
</kw>
<kw name="Submit The Form" library="Login">
<kw name="Click Button" library="SeleniumLibrary">
<doc>Clicks the button identified by ``locator``.</doc>
<arguments>
<arg>${LOGIN_BUTTON}</arg>
</arguments>
<msg timestamp="20200124 15:09:08.776" level="INFO">Clicking button 'id=btnLogin'.</msg>
<status status="PASS" starttime="20200124 15:09:08.776" endtime="20200124 15:09:11.411"></status>
</kw>
<status status="PASS" starttime="20200124 15:09:08.775" endtime="20200124 15:09:11.411"></status>
</kw>
<status status="PASS" starttime="20200124 15:09:08.601" endtime="20200124 15:09:11.411"></status>
</kw>
<kw name="Verify Login Message" library="Login">
<arguments>
<arg>${Credentials.ExpectedResponseMessage}</arg>
</arguments>
<kw name="Wait Until Page Contains" library="SeleniumLibrary">
<doc>Waits until ``text`` appears on the current page.</doc>
<arguments>
<arg>${ExpectedResponseMessage}</arg>
</arguments>
<status status="PASS" starttime="20200124 15:09:11.412" endtime="20200124 15:09:11.437"></status>
</kw>
<status status="PASS" starttime="20200124 15:09:11.411" endtime="20200124 15:09:11.437"></status>
</kw>
<kw name="Sleep" library="BuiltIn">
<doc>Pauses the test executed for the given time.</doc>
<arguments>
<arg>5s</arg>
</arguments>
<msg timestamp="20200124 15:09:16.438" level="INFO">Slept 5 seconds</msg>
<status status="PASS" starttime="20200124 15:09:11.437" endtime="20200124 15:09:16.438"></status>
</kw>
<kw name="Attempt Full Logout" library="ERP_Keywords">
<doc>Logout the user</doc>
<kw name="Open User Action Menu" library="TopNavigation">
<doc>Opens the user action menu</doc>
<kw name="Wait Until Element Is Visible" library="SeleniumLibrary">
<doc>Waits until the element ``locator`` is visible.</doc>
<arguments>
<arg>${USER_ACTION_DROPDOWN_LINK}</arg>
</arguments>
<status status="PASS" starttime="20200124 15:09:16.441" endtime="20200124 15:09:16.497"></status>
</kw>
<kw name="Sleep" library="BuiltIn">
<doc>Pauses the test executed for the given time.</doc>
<arguments>
<arg>5s</arg>
</arguments>
<msg timestamp="20200124 15:09:21.499" level="INFO">Slept 5 seconds</msg>
<status status="PASS" starttime="20200124 15:09:16.497" endtime="20200124 15:09:21.499"></status>
</kw>
<kw name="Mouse Over" library="SeleniumLibrary">
<doc>Simulates hovering the mouse over the element ``locator``.</doc>
<arguments>
<arg>${USER_ACTION_DROPDOWN_LINK}</arg>
</arguments>
<msg timestamp="20200124 15:09:21.499" level="INFO">Simulating Mouse Over on element 'xpath=//span[contains(@class,'pull-left')]'.</msg>
<status status="PASS" starttime="20200124 15:09:21.499" endtime="20200124 15:09:22.037"></status>
</kw>
<status status="PASS" starttime="20200124 15:09:16.440" endtime="20200124 15:09:22.037"></status>
</kw>
<kw name="Click On Logout Link" library="TopNavigation">
<kw name="Click Element" library="SeleniumLibrary">
<doc>Click the element identified by ``locator``.</doc>
<arguments>
<arg>${LOGOUT_LINK}</arg>
</arguments>
<msg timestamp="20200124 15:09:22.040" level="INFO">Clicking element 'xpath=//a[contains(text(),'Log Out')]'.</msg>
<status status="PASS" starttime="20200124 15:09:22.039" endtime="20200124 15:09:22.487"></status>
</kw>
<status status="PASS" starttime="20200124 15:09:22.038" endtime="20200124 15:09:22.487"></status>
</kw>
<kw name="Verify Login Page Is Loaded" library="TopNavigation">
<kw name="Wait Until Page Contains" library="SeleniumLibrary">
<doc>Waits until ``text`` appears on the current page.</doc>
<arguments>
<arg>${LOGOUT_TEXT}</arg>
</arguments>
<status status="PASS" starttime="20200124 15:09:22.489" endtime="20200124 15:09:22.508"></status>
</kw>
<status status="PASS" starttime="20200124 15:09:22.488" endtime="20200124 15:09:22.508"></status>
</kw>
<status status="PASS" starttime="20200124 15:09:16.439" endtime="20200124 15:09:22.508"></status>
</kw>
<status status="PASS" starttime="20200124 15:09:08.590" endtime="20200124 15:09:22.508"></status>
</kw>
<kw name="Test Mutiple Login Successful Scenarios" library="ERP_Keywords">
<doc>Tests the login functionality with right credentials</doc>
<arguments>
<arg>${NONADMIN_USER}</arg>
</arguments>
<kw name="Run Keyword And Return Status" library="BuiltIn">
<doc>Runs the given keyword with given arguments and returns the status as a Boolean value.</doc>
<arguments>
<arg>Login.Verify Page Loaded</arg>
</arguments>
<assign>
<var>${status}</var>
</assign>
<kw name="Verify Page Loaded" library="Login">
<kw name="Page Should Contain Element" library="SeleniumLibrary">
<doc>Verifies that element ``locator`` is found on the current page.</doc>
<arguments>
<arg>${LOGIN_TEXT_HEADER}</arg>
</arguments>
<msg timestamp="20200124 15:09:22.522" level="INFO">Current page contains element 'xpath=//h4[@class='innerAll margin-none border-bottom text-center']'.</msg>
<status status="PASS" starttime="20200124 15:09:22.510" endtime="20200124 15:09:22.522"></status>
</kw>
<status status="PASS" starttime="20200124 15:09:22.510" endtime="20200124 15:09:22.522"></status>
</kw>
<msg timestamp="20200124 15:09:22.522" level="INFO">${status} = True</msg>
<status status="PASS" starttime="20200124 15:09:22.509" endtime="20200124 15:09:22.523"></status>
</kw>
<kw name="Run Keyword Unless" library="BuiltIn">
<doc>Runs the given keyword with the given arguments if ``condition`` is false.</doc>
<arguments>
<arg>${status}</arg>
<arg>Login.Go To Logout</arg>
</arguments>
<status status="PASS" starttime="20200124 15:09:22.523" endtime="20200124 15:09:22.524"></status>
</kw>
<kw name="Attempt Login" library="ERP_Keywords">
<doc>Logins the Erp with given credentials</doc>
<arguments>
<arg>${Credentials}</arg>
</arguments>
<kw name="Get From Dictionary" library="Collections">
<doc>Returns a value from the given ``dictionary`` based on the given ``key``.</doc>
<arguments>
<arg>${Credentials}</arg>
<arg>username</arg>
</arguments>
<assign>
<var>${username}</var>
</assign>
<msg timestamp="20200124 15:09:22.525" level="INFO">${username} = 40052</msg>
<status status="PASS" starttime="20200124 15:09:22.525" endtime="20200124 15:09:22.526"></status>
</kw>
<kw name="Get From Dictionary" library="Collections">
<doc>Returns a value from the given ``dictionary`` based on the given ``key``.</doc>
<arguments>
<arg>${Credentials}</arg>
<arg>password</arg>
</arguments>
<assign>
<var>${password}</var>
</assign>
<msg timestamp="20200124 15:09:22.526" level="INFO">${password} = admin</msg>
<status status="PASS" starttime="20200124 15:09:22.526" endtime="20200124 15:09:22.527"></status>
</kw>
<kw name="Fill Username" library="Login">
<arguments>
<arg>${username}</arg>
</arguments>
<kw name="Input Text" library="SeleniumLibrary">
<doc>Types the given ``text`` into the text field identified by ``locator``.</doc>
<arguments>
<arg>${LOGIN_USERNAME_INPUT}</arg>
<arg>${username}</arg>
</arguments>
<msg timestamp="20200124 15:09:22.528" level="INFO">Typing text '40052' into text field 'id=LoginIdForShow'.</msg>
<status status="PASS" starttime="20200124 15:09:22.528" endtime="20200124 15:09:22.608"></status>
</kw>
<status status="PASS" starttime="20200124 15:09:22.527" endtime="20200124 15:09:22.608"></status>
</kw>
<kw name="Fill Password" library="Login">
<arguments>
<arg>${password}</arg>
</arguments>
<kw name="Input Text" library="SeleniumLibrary">
<doc>Types the given ``text`` into the text field identified by ``locator``.</doc>
<arguments>
<arg>${LOGIN_PASSWORD_INPUT}</arg>
<arg>${password}</arg>
</arguments>
<msg timestamp="20200124 15:09:22.609" level="INFO">Typing text 'admin' into text field 'id=PasswordForShow'.</msg>
<status status="PASS" starttime="20200124 15:09:22.608" endtime="20200124 15:09:22.699"></status>
</kw>
<status status="PASS" starttime="20200124 15:09:22.608" endtime="20200124 15:09:22.699"></status>
</kw>
<kw name="Submit The Form" library="Login">
<kw name="Click Button" library="SeleniumLibrary">
<doc>Clicks the button identified by ``locator``.</doc>
<arguments>
<arg>${LOGIN_BUTTON}</arg>
</arguments>
<msg timestamp="20200124 15:09:22.700" level="INFO">Clicking button 'id=btnLogin'.</msg>
<status status="PASS" starttime="20200124 15:09:22.700" endtime="20200124 15:09:24.954"></status>
</kw>
<status status="PASS" starttime="20200124 15:09:22.700" endtime="20200124 15:09:24.954"></status>
</kw>
<status status="PASS" starttime="20200124 15:09:22.524" endtime="20200124 15:09:24.954"></status>
</kw>
<kw name="Verify Login Message" library="Login">
<arguments>
<arg>${Credentials.ExpectedResponseMessage}</arg>
</arguments>
<kw name="Wait Until Page Contains" library="SeleniumLibrary">
<doc>Waits until ``text`` appears on the current page.</doc>
<arguments>
<arg>${ExpectedResponseMessage}</arg>
</arguments>
<status status="PASS" starttime="20200124 15:09:24.955" endtime="20200124 15:09:24.983"></status>
</kw>
<status status="PASS" starttime="20200124 15:09:24.954" endtime="20200124 15:09:24.983"></status>
</kw>
<kw name="Sleep" library="BuiltIn">
<doc>Pauses the test executed for the given time.</doc>
<arguments>
<arg>5s</arg>
</arguments>
<msg timestamp="20200124 15:09:29.984" level="INFO">Slept 5 seconds</msg>
<status status="PASS" starttime="20200124 15:09:24.983" endtime="20200124 15:09:29.984"></status>
</kw>
<kw name="Attempt Full Logout" library="ERP_Keywords">
<doc>Logout the user</doc>
<kw name="Open User Action Menu" library="TopNavigation">
<doc>Opens the user action menu</doc>
<kw name="Wait Until Element Is Visible" library="SeleniumLibrary">
<doc>Waits until the element ``locator`` is visible.</doc>
<arguments>
<arg>${USER_ACTION_DROPDOWN_LINK}</arg>
</arguments>
<status status="PASS" starttime="20200124 15:09:29.987" endtime="20200124 15:09:30.060"></status>
</kw>
<kw name="Sleep" library="BuiltIn">
<doc>Pauses the test executed for the given time.</doc>
<arguments>
<arg>5s</arg>
</arguments>
<msg timestamp="20200124 15:09:35.062" level="INFO">Slept 5 seconds</msg>
<status status="PASS" starttime="20200124 15:09:30.061" endtime="20200124 15:09:35.062"></status>
</kw>
<kw name="Mouse Over" library="SeleniumLibrary">
<doc>Simulates hovering the mouse over the element ``locator``.</doc>
<arguments>
<arg>${USER_ACTION_DROPDOWN_LINK}</arg>
</arguments>
<msg timestamp="20200124 15:09:35.063" level="INFO">Simulating Mouse Over on element 'xpath=//span[contains(@class,'pull-left')]'.</msg>
<status status="PASS" starttime="20200124 15:09:35.063" endtime="20200124 15:09:35.609"></status>
</kw>
<status status="PASS" starttime="20200124 15:09:29.986" endtime="20200124 15:09:35.609"></status>
</kw>
<kw name="Click On Logout Link" library="TopNavigation">
<kw name="Click Element" library="SeleniumLibrary">
<doc>Click the element identified by ``locator``.</doc>
<arguments>
<arg>${LOGOUT_LINK}</arg>
</arguments>
<msg timestamp="20200124 15:09:35.612" level="INFO">Clicking element 'xpath=//a[contains(text(),'Log Out')]'.</msg>
<status status="PASS" starttime="20200124 15:09:35.611" endtime="20200124 15:09:36.073"></status>
</kw>
<status status="PASS" starttime="20200124 15:09:35.610" endtime="20200124 15:09:36.074"></status>
</kw>
<kw name="Verify Login Page Is Loaded" library="TopNavigation">
<kw name="Wait Until Page Contains" library="SeleniumLibrary">
<doc>Waits until ``text`` appears on the current page.</doc>
<arguments>
<arg>${LOGOUT_TEXT}</arg>
</arguments>
<status status="PASS" starttime="20200124 15:09:36.074" endtime="20200124 15:09:36.090"></status>
</kw>
<status status="PASS" starttime="20200124 15:09:36.074" endtime="20200124 15:09:36.090"></status>
</kw>
<status status="PASS" starttime="20200124 15:09:29.985" endtime="20200124 15:09:36.091"></status>
</kw>
<status status="PASS" starttime="20200124 15:09:22.509" endtime="20200124 15:09:36.091"></status>
</kw>
<tags>
<tag>login</tag>
<tag>validlogin</tag>
</tags>
<status status="PASS" starttime="20200124 15:09:08.589" endtime="20200124 15:09:36.091" critical="yes"></status>
</test>
<status status="PASS" starttime="20200124 15:08:59.777" endtime="20200124 15:09:36.093"></status>
</suite>
<kw name="End Basic Testing" library="Common_Keywords" type="teardown">
<kw name="Close Browser" library="SeleniumLibrary">
<doc>Closes the current browser.</doc>
<status status="PASS" starttime="20200124 15:09:36.098" endtime="20200124 15:09:38.168"></status>
</kw>
<status status="PASS" starttime="20200124 15:09:36.097" endtime="20200124 15:09:38.169"></status>
</kw>
<status status="PASS" starttime="20200124 15:08:56.281" endtime="20200124 15:09:38.169"></status>
</suite>
<status status="PASS" starttime="20200124 15:08:56.255" endtime="20200124 15:09:38.179"></status>
</suite>
<statistics>
<total>
<stat pass="3" fail="0">Critical Tests</stat>
<stat pass="3" fail="0">All Tests</stat>
</total>
<tag>
<stat pass="1" fail="0">invalidlogin</stat>
<stat pass="3" fail="0">login</stat>
<stat pass="1" fail="0">loginpage</stat>
<stat pass="1" fail="0">validlogin</stat>
</tag>
<suite>
<stat pass="3" fail="0" id="s1" name="Tests">Tests</stat>
<stat pass="3" fail="0" id="s1-s1" name="Basic">Tests.Basic</stat>
<stat pass="3" fail="0" id="s1-s1-s1" name="001 ERP Login">Tests.Basic.001 ERP Login</stat>
</suite>
</statistics>
<errors>
</errors>
</robot>
