<?xml version="1.0" encoding="UTF-8"?>
<robot generator="Robot 3.1.2 (Python 3.7.4 on win32)" generated="20191023 10:07:30.443" rpa="false">
<suite id="s1" name="Tests" source="D:\Q-mate\Tests">
<kw name="Begin Web Test" library="Common_Keywords" type="setup">
<kw name="Open Browser" library="SeleniumLibrary">
<doc>Opens a new browser instance to the given ``url``.</doc>
<arguments>
<arg>about:blank</arg>
<arg>${BROWSER}</arg>
</arguments>
<msg timestamp="20191023 10:07:30.664" level="INFO">Opening browser 'chrome' to base url 'about:blank'.</msg>
<status status="PASS" starttime="20191023 10:07:30.664" endtime="20191023 10:07:32.884"></status>
</kw>
<kw name="Maximize Browser Window" library="SeleniumLibrary">
<doc>Maximizes current browser window.</doc>
<status status="PASS" starttime="20191023 10:07:32.884" endtime="20191023 10:07:34.039"></status>
</kw>
<status status="PASS" starttime="20191023 10:07:30.664" endtime="20191023 10:07:34.040"></status>
</kw>
<suite id="s1-s1" name="002 GenericTests" source="D:\Q-mate\Tests\002_GenericTests.robot">
<test id="s1-s1-t1" name="All ERP module pages should be working for admin user">
<kw name="Run Generic Tests" library="ERP_Keywords">
<arguments>
<arg>${FA.name}</arg>
</arguments>
<kw name="Get All Module Urls" library="Generic">
<arguments>
<arg>${moduleName}</arg>
</arguments>
<assign>
<var>@{urlsList}</var>
</assign>
<kw name="Filter Module Urls" library="ERP">
<doc>Returns a list of filtered URLs for the given module</doc>
<arguments>
<arg>${muduleName}</arg>
<arg>${URLS_JSON}</arg>
</arguments>
<assign>
<var>@{moduleUrls}</var>
</assign>
<msg timestamp="20191023 10:07:34.123" level="INFO">@{moduleUrls} = [ ACC/PaymentAdvise/PaymentAdviseJVIndex | ACC/PaymentAdvisebillType/Index | ACC/PaymentAdvise/PaymentAdviseJVIndex | ACC/PaymentAdvise/BillSection | ACC/PaymentAdvise/PaymentSection | ACC/MISFilter/A...</msg>
<status status="PASS" starttime="20191023 10:07:34.119" endtime="20191023 10:07:34.123"></status>
</kw>
<kw name="Return From Keyword" library="BuiltIn">
<doc>Returns from the enclosing user keyword.</doc>
<arguments>
<arg>@{moduleUrls}</arg>
</arguments>
<msg timestamp="20191023 10:07:34.124" level="INFO">Returning from the enclosing user keyword.</msg>
<status status="PASS" starttime="20191023 10:07:34.124" endtime="20191023 10:07:34.124"></status>
</kw>
<msg timestamp="20191023 10:07:34.124" level="INFO">@{urlsList} = [ ACC/PaymentAdvise/PaymentAdviseJVIndex | ACC/PaymentAdvisebillType/Index | ACC/PaymentAdvise/PaymentAdviseJVIndex | ACC/PaymentAdvise/BillSection | ACC/PaymentAdvise/PaymentSection | ACC/MISFilter/A...</msg>
<status status="PASS" starttime="20191023 10:07:34.118" endtime="20191023 10:07:34.124"></status>
</kw>
<kw name="Perform All Critical Generic Tests On Urls" library="Generic">
<arguments>
<arg>@{urlsList}</arg>
</arguments>
<kw name="${url} IN [ @{moduleUrls} ]" type="for">
<kw name="${url} = ACC/PaymentAdvisebillType/Index" type="foritem">
<kw name="Open ERP Page" library="Generic">
<arguments>
<arg>${url}</arg>
</arguments>
<kw name="Go To Erp Page" library="ERP">
<doc>Variant of builtin Go To keyword for ERP. Navigates the active browser instance to the provided ``url`` and validate ERP session
if session is expired it will attempt the login with given user type. User type can be
given from the command line arguments. default is ADMIN</doc>
<arguments>
<arg>${BASE_URL.${ENVIRONMENT}}/${pageUrl}</arg>
</arguments>
<msg timestamp="20191023 10:07:34.126" level="INFO">Opening url 'http://demoprojects.e-connectsolutions.com/ERP-DEMO/ACC/PaymentAdvisebillType/Index'</msg>
<status status="PASS" starttime="20191023 10:07:34.125" endtime="20191023 10:07:55.336"></status>
</kw>
<status status="PASS" starttime="20191023 10:07:34.125" endtime="20191023 10:07:55.336"></status>
</kw>
<kw name="Check page error" library="Generic">
<assign>
<var>${result}</var>
</assign>
<kw name="Check Error Occurred" library="Generic">
<assign>
<var>${errorCheck1}</var>
</assign>
<kw name="Run Keyword And Return Status" library="BuiltIn">
<doc>Runs the given keyword with given arguments and returns the status as a Boolean value.</doc>
<arguments>
<arg>page should not contain</arg>
<arg>Sorry! An error</arg>
</arguments>
<assign>
<var>${errorStatus}</var>
</assign>
<kw name="Page Should Not Contain" library="SeleniumLibrary">
<doc>Verifies the current page does not contain ``text``.</doc>
<arguments>
<arg>Sorry! An error</arg>
</arguments>
<msg timestamp="20191023 10:07:55.365" level="INFO">Current page does not contain text 'Sorry! An error'.</msg>
<status status="PASS" starttime="20191023 10:07:55.337" endtime="20191023 10:07:55.365"></status>
</kw>
<msg timestamp="20191023 10:07:55.365" level="INFO">${errorStatus} = True</msg>
<status status="PASS" starttime="20191023 10:07:55.337" endtime="20191023 10:07:55.365"></status>
</kw>
<kw name="Return From Keyword If" library="BuiltIn">
<doc>Returns from the enclosing user keyword if ``condition`` is true.</doc>
<arguments>
<arg>${True}</arg>
</arguments>
<msg timestamp="20191023 10:07:55.365" level="INFO">Returning from the enclosing user keyword.</msg>
<status status="PASS" starttime="20191023 10:07:55.365" endtime="20191023 10:07:55.365"></status>
</kw>
<msg timestamp="20191023 10:07:55.366" level="INFO">${errorCheck1} = None</msg>
<status status="PASS" starttime="20191023 10:07:55.337" endtime="20191023 10:07:55.366"></status>
</kw>
<kw name="Check Title Tag" library="Generic">
<assign>
<var>${errorCheck2}</var>
</assign>
<kw name="Get Title" library="SeleniumLibrary">
<doc>Returns the title of the current page.</doc>
<assign>
<var>${title}</var>
</assign>
<msg timestamp="20191023 10:07:55.371" level="INFO">${title} = demoprojects.e-connectsolutions.com</msg>
<status status="PASS" starttime="20191023 10:07:55.366" endtime="20191023 10:07:55.371"></status>
</kw>
<kw name="Run Keyword And Return Status" library="BuiltIn">
<doc>Runs the given keyword with given arguments and returns the status as a Boolean value.</doc>
<arguments>
<arg>should not be empty</arg>
<arg>${title}</arg>
</arguments>
<assign>
<var>${titleStatus1}</var>
</assign>
<kw name="Should Not Be Empty" library="BuiltIn">
<doc>Verifies that the given item is not empty.</doc>
<arguments>
<arg>${title}</arg>
</arguments>
<msg timestamp="20191023 10:07:55.372" level="INFO">Length is 35</msg>
<status status="PASS" starttime="20191023 10:07:55.372" endtime="20191023 10:07:55.372"></status>
</kw>
<msg timestamp="20191023 10:07:55.372" level="INFO">${titleStatus1} = True</msg>
<status status="PASS" starttime="20191023 10:07:55.371" endtime="20191023 10:07:55.372"></status>
</kw>
<kw name="Run Keyword And Return Status" library="BuiltIn">
<doc>Runs the given keyword with given arguments and returns the status as a Boolean value.</doc>
<arguments>
<arg>should not be equal</arg>
<arg>${title}</arg>
<arg>Index</arg>
</arguments>
<assign>
<var>${titleStatus2}</var>
</assign>
<kw name="Should Not Be Equal" library="BuiltIn">
<doc>Fails if the given objects are equal.</doc>
<arguments>
<arg>${title}</arg>
<arg>Index</arg>
</arguments>
<status status="PASS" starttime="20191023 10:07:55.373" endtime="20191023 10:07:55.373"></status>
</kw>
<msg timestamp="20191023 10:07:55.373" level="INFO">${titleStatus2} = True</msg>
<status status="PASS" starttime="20191023 10:07:55.372" endtime="20191023 10:07:55.373"></status>
</kw>
<kw name="Return From Keyword If" library="BuiltIn">
<doc>Returns from the enclosing user keyword if ``condition`` is true.</doc>
<arguments>
<arg>'${titleStatus1}' == '${True}' and '${titleStatus2}' == '${True}'</arg>
<arg>${True}</arg>
</arguments>
<msg timestamp="20191023 10:07:55.374" level="INFO">Returning from the enclosing user keyword.</msg>
<status status="PASS" starttime="20191023 10:07:55.373" endtime="20191023 10:07:55.374"></status>
</kw>
<msg timestamp="20191023 10:07:55.374" level="INFO">${errorCheck2} = True</msg>
<status status="PASS" starttime="20191023 10:07:55.366" endtime="20191023 10:07:55.374"></status>
</kw>
<kw name="Return From Keyword If" library="BuiltIn">
<doc>Returns from the enclosing user keyword if ``condition`` is true.</doc>
<arguments>
<arg>'${errorCheck1}' == '${True}' and '${errorCheck2}' == '${True}'</arg>
<arg>${True}</arg>
</arguments>
<status status="PASS" starttime="20191023 10:07:55.374" endtime="20191023 10:07:55.375"></status>
</kw>
<msg timestamp="20191023 10:07:55.375" level="INFO">${result} = None</msg>
<status status="PASS" starttime="20191023 10:07:55.336" endtime="20191023 10:07:55.375"></status>
</kw>
<kw name="Run Keyword If" library="BuiltIn">
<doc>Runs the given keyword with the given arguments, if ``condition`` is true.</doc>
<arguments>
<arg>${result} == None</arg>
<arg>Add Failed Url To The fatal Error List</arg>
<arg>${url}</arg>
</arguments>
<kw name="Add Failed Url To The fatal Error List" library="Generic">
<arguments>
<arg>${url}</arg>
</arguments>
<kw name="Append To List" library="Collections">
<doc>Adds ``values`` to the end of ``list``.</doc>
<arguments>
<arg>${fatalErorrs}</arg>
<arg>${url}</arg>
</arguments>
<status status="PASS" starttime="20191023 10:07:55.376" endtime="20191023 10:07:55.376"></status>
</kw>
<status status="PASS" starttime="20191023 10:07:55.375" endtime="20191023 10:07:55.376"></status>
</kw>
<status status="PASS" starttime="20191023 10:07:55.375" endtime="20191023 10:07:55.376"></status>
</kw>
<status status="PASS" starttime="20191023 10:07:34.125" endtime="20191023 10:07:55.376"></status>
</kw>
<kw name="${url} = ACC/PaymentAdvise/PaymentAdviseJVIndex" type="foritem">
<kw name="Open ERP Page" library="Generic">
<arguments>
<arg>${url}</arg>
</arguments>
<kw name="Go To Erp Page" library="ERP">
<doc>Variant of builtin Go To keyword for ERP. Navigates the active browser instance to the provided ``url`` and validate ERP session
if session is expired it will attempt the login with given user type. User type can be
given from the command line arguments. default is ADMIN</doc>
<arguments>
<arg>${BASE_URL.${ENVIRONMENT}}/${pageUrl}</arg>
</arguments>
<msg timestamp="20191023 10:07:55.377" level="INFO">Opening url 'http://demoprojects.e-connectsolutions.com/ERP-DEMO/ACC/PaymentAdvise/PaymentAdviseJVIndex'</msg>
<status status="PASS" starttime="20191023 10:07:55.377" endtime="20191023 10:07:55.493"></status>
</kw>
<status status="PASS" starttime="20191023 10:07:55.376" endtime="20191023 10:07:55.494"></status>
</kw>
<kw name="Check page error" library="Generic">
<assign>
<var>${result}</var>
</assign>
<kw name="Check Error Occurred" library="Generic">
<assign>
<var>${errorCheck1}</var>
</assign>
<kw name="Run Keyword And Return Status" library="BuiltIn">
<doc>Runs the given keyword with given arguments and returns the status as a Boolean value.</doc>
<arguments>
<arg>page should not contain</arg>
<arg>Sorry! An error</arg>
</arguments>
<assign>
<var>${errorStatus}</var>
</assign>
<kw name="Page Should Not Contain" library="SeleniumLibrary">
<doc>Verifies the current page does not contain ``text``.</doc>
<arguments>
<arg>Sorry! An error</arg>
</arguments>
<msg timestamp="20191023 10:07:55.511" level="INFO">Current page does not contain text 'Sorry! An error'.</msg>
<status status="PASS" starttime="20191023 10:07:55.495" endtime="20191023 10:07:55.511"></status>
</kw>
<msg timestamp="20191023 10:07:55.511" level="INFO">${errorStatus} = True</msg>
<status status="PASS" starttime="20191023 10:07:55.494" endtime="20191023 10:07:55.511"></status>
</kw>
<kw name="Return From Keyword If" library="BuiltIn">
<doc>Returns from the enclosing user keyword if ``condition`` is true.</doc>
<arguments>
<arg>${True}</arg>
</arguments>
<msg timestamp="20191023 10:07:55.511" level="INFO">Returning from the enclosing user keyword.</msg>
<status status="PASS" starttime="20191023 10:07:55.511" endtime="20191023 10:07:55.511"></status>
</kw>
<msg timestamp="20191023 10:07:55.512" level="INFO">${errorCheck1} = None</msg>
<status status="PASS" starttime="20191023 10:07:55.494" endtime="20191023 10:07:55.512"></status>
</kw>
<kw name="Check Title Tag" library="Generic">
<assign>
<var>${errorCheck2}</var>
</assign>
<kw name="Get Title" library="SeleniumLibrary">
<doc>Returns the title of the current page.</doc>
<assign>
<var>${title}</var>
</assign>
<msg timestamp="20191023 10:07:55.515" level="INFO">${title} = demoprojects.e-connectsolutions.com</msg>
<status status="PASS" starttime="20191023 10:07:55.512" endtime="20191023 10:07:55.515"></status>
</kw>
<kw name="Run Keyword And Return Status" library="BuiltIn">
<doc>Runs the given keyword with given arguments and returns the status as a Boolean value.</doc>
<arguments>
<arg>should not be empty</arg>
<arg>${title}</arg>
</arguments>
<assign>
<var>${titleStatus1}</var>
</assign>
<kw name="Should Not Be Empty" library="BuiltIn">
<doc>Verifies that the given item is not empty.</doc>
<arguments>
<arg>${title}</arg>
</arguments>
<msg timestamp="20191023 10:07:55.516" level="INFO">Length is 35</msg>
<status status="PASS" starttime="20191023 10:07:55.516" endtime="20191023 10:07:55.517"></status>
</kw>
<msg timestamp="20191023 10:07:55.517" level="INFO">${titleStatus1} = True</msg>
<status status="PASS" starttime="20191023 10:07:55.516" endtime="20191023 10:07:55.517"></status>
</kw>
<kw name="Run Keyword And Return Status" library="BuiltIn">
<doc>Runs the given keyword with given arguments and returns the status as a Boolean value.</doc>
<arguments>
<arg>should not be equal</arg>
<arg>${title}</arg>
<arg>Index</arg>
</arguments>
<assign>
<var>${titleStatus2}</var>
</assign>
<kw name="Should Not Be Equal" library="BuiltIn">
<doc>Fails if the given objects are equal.</doc>
<arguments>
<arg>${title}</arg>
<arg>Index</arg>
</arguments>
<status status="PASS" starttime="20191023 10:07:55.517" endtime="20191023 10:07:55.517"></status>
</kw>
<msg timestamp="20191023 10:07:55.517" level="INFO">${titleStatus2} = True</msg>
<status status="PASS" starttime="20191023 10:07:55.517" endtime="20191023 10:07:55.517"></status>
</kw>
<kw name="Return From Keyword If" library="BuiltIn">
<doc>Returns from the enclosing user keyword if ``condition`` is true.</doc>
<arguments>
<arg>'${titleStatus1}' == '${True}' and '${titleStatus2}' == '${True}'</arg>
<arg>${True}</arg>
</arguments>
<msg timestamp="20191023 10:07:55.518" level="INFO">Returning from the enclosing user keyword.</msg>
<status status="PASS" starttime="20191023 10:07:55.518" endtime="20191023 10:07:55.518"></status>
</kw>
<msg timestamp="20191023 10:07:55.519" level="INFO">${errorCheck2} = True</msg>
<status status="PASS" starttime="20191023 10:07:55.512" endtime="20191023 10:07:55.519"></status>
</kw>
<kw name="Return From Keyword If" library="BuiltIn">
<doc>Returns from the enclosing user keyword if ``condition`` is true.</doc>
<arguments>
<arg>'${errorCheck1}' == '${True}' and '${errorCheck2}' == '${True}'</arg>
<arg>${True}</arg>
</arguments>
<status status="PASS" starttime="20191023 10:07:55.519" endtime="20191023 10:07:55.519"></status>
</kw>
<msg timestamp="20191023 10:07:55.519" level="INFO">${result} = None</msg>
<status status="PASS" starttime="20191023 10:07:55.494" endtime="20191023 10:07:55.519"></status>
</kw>
<kw name="Run Keyword If" library="BuiltIn">
<doc>Runs the given keyword with the given arguments, if ``condition`` is true.</doc>
<arguments>
<arg>${result} == None</arg>
<arg>Add Failed Url To The fatal Error List</arg>
<arg>${url}</arg>
</arguments>
<kw name="Add Failed Url To The fatal Error List" library="Generic">
<arguments>
<arg>${url}</arg>
</arguments>
<kw name="Append To List" library="Collections">
<doc>Adds ``values`` to the end of ``list``.</doc>
<arguments>
<arg>${fatalErorrs}</arg>
<arg>${url}</arg>
</arguments>
<status status="PASS" starttime="20191023 10:07:55.520" endtime="20191023 10:07:55.520"></status>
</kw>
<status status="PASS" starttime="20191023 10:07:55.520" endtime="20191023 10:07:55.520"></status>
</kw>
<status status="PASS" starttime="20191023 10:07:55.519" endtime="20191023 10:07:55.521"></status>
</kw>
<status status="PASS" starttime="20191023 10:07:55.376" endtime="20191023 10:07:55.521"></status>
</kw>
<kw name="${url} = ACC/PaymentAdvise/BillSection" type="foritem">
<kw name="Open ERP Page" library="Generic">
<arguments>
<arg>${url}</arg>
</arguments>
<kw name="Go To Erp Page" library="ERP">
<doc>Variant of builtin Go To keyword for ERP. Navigates the active browser instance to the provided ``url`` and validate ERP session
if session is expired it will attempt the login with given user type. User type can be
given from the command line arguments. default is ADMIN</doc>
<arguments>
<arg>${BASE_URL.${ENVIRONMENT}}/${pageUrl}</arg>
</arguments>
<msg timestamp="20191023 10:07:55.522" level="INFO">Opening url 'http://demoprojects.e-connectsolutions.com/ERP-DEMO/ACC/PaymentAdvise/BillSection'</msg>
<msg timestamp="20191023 10:08:06.032" level="INFO">Current page contains button 'xpath=//*[@id="btnLogin"]'.</msg>
<kw name="Attempt Login" library="ERP_Keywords">
<arguments>
<arg>${ADMIN_USER}</arg>
</arguments>
<kw name="Fill Username" library="Login">
<arguments>
<arg>${Credentials.username}</arg>
</arguments>
<kw name="Input Text" library="SeleniumLibrary">
<doc>Types the given ``text`` into the text field identified by ``locator``.</doc>
<arguments>
<arg>${LOGIN_USERNAME_INPUT}</arg>
<arg>${username}</arg>
</arguments>
<msg timestamp="20191023 10:08:06.034" level="INFO">Typing text 'econnect' into text field 'id=LoginIdForShow'.</msg>
<status status="PASS" starttime="20191023 10:08:06.034" endtime="20191023 10:08:06.152"></status>
</kw>
<status status="PASS" starttime="20191023 10:08:06.033" endtime="20191023 10:08:06.152"></status>
</kw>
<kw name="Fill Password" library="Login">
<arguments>
<arg>${Credentials.password}</arg>
</arguments>
<kw name="Input Text" library="SeleniumLibrary">
<doc>Types the given ``text`` into the text field identified by ``locator``.</doc>
<arguments>
<arg>${LOGIN_PASSWORD_INPUT}</arg>
<arg>${password}</arg>
</arguments>
<msg timestamp="20191023 10:08:06.153" level="INFO">Typing text 'admin' into text field 'id=PasswordForShow'.</msg>
<status status="PASS" starttime="20191023 10:08:06.153" endtime="20191023 10:08:06.245"></status>
</kw>
<status status="PASS" starttime="20191023 10:08:06.152" endtime="20191023 10:08:06.245"></status>
</kw>
<kw name="Submit The Form" library="Login">
<kw name="Click Button" library="SeleniumLibrary">
<doc>Clicks the button identified by ``locator``.</doc>
<arguments>
<arg>${LOGIN_BUTTON}</arg>
</arguments>
<msg timestamp="20191023 10:08:06.246" level="INFO">Clicking button 'id=btnLogin'.</msg>
<status status="PASS" starttime="20191023 10:08:06.246" endtime="20191023 10:08:08.907"></status>
</kw>
<status status="PASS" starttime="20191023 10:08:06.246" endtime="20191023 10:08:08.908"></status>
</kw>
<status status="PASS" starttime="20191023 10:08:06.032" endtime="20191023 10:08:08.908"></status>
</kw>
<msg timestamp="20191023 10:08:08.908" level="INFO">Opening url 'http://demoprojects.e-connectsolutions.com/ERP-DEMO/ACC/PaymentAdvise/BillSection'</msg>
<status status="PASS" starttime="20191023 10:07:55.521" endtime="20191023 10:08:11.326"></status>
</kw>
<status status="PASS" starttime="20191023 10:07:55.521" endtime="20191023 10:08:11.327"></status>
</kw>
<kw name="Check page error" library="Generic">
<assign>
<var>${result}</var>
</assign>
<kw name="Check Error Occurred" library="Generic">
<assign>
<var>${errorCheck1}</var>
</assign>
<kw name="Run Keyword And Return Status" library="BuiltIn">
<doc>Runs the given keyword with given arguments and returns the status as a Boolean value.</doc>
<arguments>
<arg>page should not contain</arg>
<arg>Sorry! An error</arg>
</arguments>
<assign>
<var>${errorStatus}</var>
</assign>
<kw name="Page Should Not Contain" library="SeleniumLibrary">
<doc>Verifies the current page does not contain ``text``.</doc>
<arguments>
<arg>Sorry! An error</arg>
</arguments>
<msg timestamp="20191023 10:08:11.373" level="INFO">Current page does not contain text 'Sorry! An error'.</msg>
<status status="PASS" starttime="20191023 10:08:11.328" endtime="20191023 10:08:11.373"></status>
</kw>
<msg timestamp="20191023 10:08:11.373" level="INFO">${errorStatus} = True</msg>
<status status="PASS" starttime="20191023 10:08:11.327" endtime="20191023 10:08:11.373"></status>
</kw>
<kw name="Return From Keyword If" library="BuiltIn">
<doc>Returns from the enclosing user keyword if ``condition`` is true.</doc>
<arguments>
<arg>${True}</arg>
</arguments>
<msg timestamp="20191023 10:08:11.374" level="INFO">Returning from the enclosing user keyword.</msg>
<status status="PASS" starttime="20191023 10:08:11.374" endtime="20191023 10:08:11.374"></status>
</kw>
<msg timestamp="20191023 10:08:11.374" level="INFO">${errorCheck1} = None</msg>
<status status="PASS" starttime="20191023 10:08:11.327" endtime="20191023 10:08:11.374"></status>
</kw>
<kw name="Check Title Tag" library="Generic">
<assign>
<var>${errorCheck2}</var>
</assign>
<kw name="Get Title" library="SeleniumLibrary">
<doc>Returns the title of the current page.</doc>
<assign>
<var>${title}</var>
</assign>
<msg timestamp="20191023 10:08:11.380" level="INFO">${title} = Payment Advise(Bill Section)</msg>
<status status="PASS" starttime="20191023 10:08:11.375" endtime="20191023 10:08:11.380"></status>
</kw>
<kw name="Run Keyword And Return Status" library="BuiltIn">
<doc>Runs the given keyword with given arguments and returns the status as a Boolean value.</doc>
<arguments>
<arg>should not be empty</arg>
<arg>${title}</arg>
</arguments>
<assign>
<var>${titleStatus1}</var>
</assign>
<kw name="Should Not Be Empty" library="BuiltIn">
<doc>Verifies that the given item is not empty.</doc>
<arguments>
<arg>${title}</arg>
</arguments>
<msg timestamp="20191023 10:08:11.381" level="INFO">Length is 28</msg>
<status status="PASS" starttime="20191023 10:08:11.381" endtime="20191023 10:08:11.381"></status>
</kw>
<msg timestamp="20191023 10:08:11.381" level="INFO">${titleStatus1} = True</msg>
<status status="PASS" starttime="20191023 10:08:11.381" endtime="20191023 10:08:11.381"></status>
</kw>
<kw name="Run Keyword And Return Status" library="BuiltIn">
<doc>Runs the given keyword with given arguments and returns the status as a Boolean value.</doc>
<arguments>
<arg>should not be equal</arg>
<arg>${title}</arg>
<arg>Index</arg>
</arguments>
<assign>
<var>${titleStatus2}</var>
</assign>
<kw name="Should Not Be Equal" library="BuiltIn">
<doc>Fails if the given objects are equal.</doc>
<arguments>
<arg>${title}</arg>
<arg>Index</arg>
</arguments>
<status status="PASS" starttime="20191023 10:08:11.382" endtime="20191023 10:08:11.382"></status>
</kw>
<msg timestamp="20191023 10:08:11.382" level="INFO">${titleStatus2} = True</msg>
<status status="PASS" starttime="20191023 10:08:11.381" endtime="20191023 10:08:11.382"></status>
</kw>
<kw name="Return From Keyword If" library="BuiltIn">
<doc>Returns from the enclosing user keyword if ``condition`` is true.</doc>
<arguments>
<arg>'${titleStatus1}' == '${True}' and '${titleStatus2}' == '${True}'</arg>
<arg>${True}</arg>
</arguments>
<msg timestamp="20191023 10:08:11.382" level="INFO">Returning from the enclosing user keyword.</msg>
<status status="PASS" starttime="20191023 10:08:11.382" endtime="20191023 10:08:11.383"></status>
</kw>
<msg timestamp="20191023 10:08:11.383" level="INFO">${errorCheck2} = True</msg>
<status status="PASS" starttime="20191023 10:08:11.374" endtime="20191023 10:08:11.383"></status>
</kw>
<kw name="Return From Keyword If" library="BuiltIn">
<doc>Returns from the enclosing user keyword if ``condition`` is true.</doc>
<arguments>
<arg>'${errorCheck1}' == '${True}' and '${errorCheck2}' == '${True}'</arg>
<arg>${True}</arg>
</arguments>
<status status="PASS" starttime="20191023 10:08:11.383" endtime="20191023 10:08:11.383"></status>
</kw>
<msg timestamp="20191023 10:08:11.383" level="INFO">${result} = None</msg>
<status status="PASS" starttime="20191023 10:08:11.327" endtime="20191023 10:08:11.383"></status>
</kw>
<kw name="Run Keyword If" library="BuiltIn">
<doc>Runs the given keyword with the given arguments, if ``condition`` is true.</doc>
<arguments>
<arg>${result} == None</arg>
<arg>Add Failed Url To The fatal Error List</arg>
<arg>${url}</arg>
</arguments>
<kw name="Add Failed Url To The fatal Error List" library="Generic">
<arguments>
<arg>${url}</arg>
</arguments>
<kw name="Append To List" library="Collections">
<doc>Adds ``values`` to the end of ``list``.</doc>
<arguments>
<arg>${fatalErorrs}</arg>
<arg>${url}</arg>
</arguments>
<status status="PASS" starttime="20191023 10:08:11.385" endtime="20191023 10:08:11.385"></status>
</kw>
<status status="PASS" starttime="20191023 10:08:11.384" endtime="20191023 10:08:11.386"></status>
</kw>
<status status="PASS" starttime="20191023 10:08:11.384" endtime="20191023 10:08:11.386"></status>
</kw>
<status status="PASS" starttime="20191023 10:07:55.521" endtime="20191023 10:08:11.386"></status>
</kw>
<kw name="${url} = ACC/PaymentAdvise/PaymentSection" type="foritem">
<kw name="Open ERP Page" library="Generic">
<arguments>
<arg>${url}</arg>
</arguments>
<kw name="Go To Erp Page" library="ERP">
<doc>Variant of builtin Go To keyword for ERP. Navigates the active browser instance to the provided ``url`` and validate ERP session
if session is expired it will attempt the login with given user type. User type can be
given from the command line arguments. default is ADMIN</doc>
<arguments>
<arg>${BASE_URL.${ENVIRONMENT}}/${pageUrl}</arg>
</arguments>
<msg timestamp="20191023 10:08:11.388" level="INFO">Opening url 'http://demoprojects.e-connectsolutions.com/ERP-DEMO/ACC/PaymentAdvise/PaymentSection'</msg>
<status status="PASS" starttime="20191023 10:08:11.387" endtime="20191023 10:08:12.523"></status>
</kw>
<status status="PASS" starttime="20191023 10:08:11.386" endtime="20191023 10:08:12.523"></status>
</kw>
<kw name="Check page error" library="Generic">
<assign>
<var>${result}</var>
</assign>
<kw name="Check Error Occurred" library="Generic">
<assign>
<var>${errorCheck1}</var>
</assign>
<kw name="Run Keyword And Return Status" library="BuiltIn">
<doc>Runs the given keyword with given arguments and returns the status as a Boolean value.</doc>
<arguments>
<arg>page should not contain</arg>
<arg>Sorry! An error</arg>
</arguments>
<assign>
<var>${errorStatus}</var>
</assign>
<kw name="Page Should Not Contain" library="SeleniumLibrary">
<doc>Verifies the current page does not contain ``text``.</doc>
<arguments>
<arg>Sorry! An error</arg>
</arguments>
<msg timestamp="20191023 10:08:12.547" level="INFO">Current page does not contain text 'Sorry! An error'.</msg>
<status status="PASS" starttime="20191023 10:08:12.524" endtime="20191023 10:08:12.547"></status>
</kw>
<msg timestamp="20191023 10:08:12.547" level="INFO">${errorStatus} = True</msg>
<status status="PASS" starttime="20191023 10:08:12.523" endtime="20191023 10:08:12.547"></status>
</kw>
<kw name="Return From Keyword If" library="BuiltIn">
<doc>Returns from the enclosing user keyword if ``condition`` is true.</doc>
<arguments>
<arg>${True}</arg>
</arguments>
<msg timestamp="20191023 10:08:12.548" level="INFO">Returning from the enclosing user keyword.</msg>
<status status="PASS" starttime="20191023 10:08:12.547" endtime="20191023 10:08:12.548"></status>
</kw>
<msg timestamp="20191023 10:08:12.548" level="INFO">${errorCheck1} = None</msg>
<status status="PASS" starttime="20191023 10:08:12.523" endtime="20191023 10:08:12.548"></status>
</kw>
<kw name="Check Title Tag" library="Generic">
<assign>
<var>${errorCheck2}</var>
</assign>
<kw name="Get Title" library="SeleniumLibrary">
<doc>Returns the title of the current page.</doc>
<assign>
<var>${title}</var>
</assign>
<msg timestamp="20191023 10:08:12.553" level="INFO">${title} = Payment Advise(Payment Section)</msg>
<status status="PASS" starttime="20191023 10:08:12.548" endtime="20191023 10:08:12.553"></status>
</kw>
<kw name="Run Keyword And Return Status" library="BuiltIn">
<doc>Runs the given keyword with given arguments and returns the status as a Boolean value.</doc>
<arguments>
<arg>should not be empty</arg>
<arg>${title}</arg>
</arguments>
<assign>
<var>${titleStatus1}</var>
</assign>
<kw name="Should Not Be Empty" library="BuiltIn">
<doc>Verifies that the given item is not empty.</doc>
<arguments>
<arg>${title}</arg>
</arguments>
<msg timestamp="20191023 10:08:12.554" level="INFO">Length is 31</msg>
<status status="PASS" starttime="20191023 10:08:12.554" endtime="20191023 10:08:12.554"></status>
</kw>
<msg timestamp="20191023 10:08:12.554" level="INFO">${titleStatus1} = True</msg>
<status status="PASS" starttime="20191023 10:08:12.553" endtime="20191023 10:08:12.554"></status>
</kw>
<kw name="Run Keyword And Return Status" library="BuiltIn">
<doc>Runs the given keyword with given arguments and returns the status as a Boolean value.</doc>
<arguments>
<arg>should not be equal</arg>
<arg>${title}</arg>
<arg>Index</arg>
</arguments>
<assign>
<var>${titleStatus2}</var>
</assign>
<kw name="Should Not Be Equal" library="BuiltIn">
<doc>Fails if the given objects are equal.</doc>
<arguments>
<arg>${title}</arg>
<arg>Index</arg>
</arguments>
<status status="PASS" starttime="20191023 10:08:12.554" endtime="20191023 10:08:12.555"></status>
</kw>
<msg timestamp="20191023 10:08:12.555" level="INFO">${titleStatus2} = True</msg>
<status status="PASS" starttime="20191023 10:08:12.554" endtime="20191023 10:08:12.555"></status>
</kw>
<kw name="Return From Keyword If" library="BuiltIn">
<doc>Returns from the enclosing user keyword if ``condition`` is true.</doc>
<arguments>
<arg>'${titleStatus1}' == '${True}' and '${titleStatus2}' == '${True}'</arg>
<arg>${True}</arg>
</arguments>
<msg timestamp="20191023 10:08:12.555" level="INFO">Returning from the enclosing user keyword.</msg>
<status status="PASS" starttime="20191023 10:08:12.555" endtime="20191023 10:08:12.555"></status>
</kw>
<msg timestamp="20191023 10:08:12.556" level="INFO">${errorCheck2} = True</msg>
<status status="PASS" starttime="20191023 10:08:12.548" endtime="20191023 10:08:12.556"></status>
</kw>
<kw name="Return From Keyword If" library="BuiltIn">
<doc>Returns from the enclosing user keyword if ``condition`` is true.</doc>
<arguments>
<arg>'${errorCheck1}' == '${True}' and '${errorCheck2}' == '${True}'</arg>
<arg>${True}</arg>
</arguments>
<status status="PASS" starttime="20191023 10:08:12.556" endtime="20191023 10:08:12.556"></status>
</kw>
<msg timestamp="20191023 10:08:12.557" level="INFO">${result} = None</msg>
<status status="PASS" starttime="20191023 10:08:12.523" endtime="20191023 10:08:12.557"></status>
</kw>
<kw name="Run Keyword If" library="BuiltIn">
<doc>Runs the given keyword with the given arguments, if ``condition`` is true.</doc>
<arguments>
<arg>${result} == None</arg>
<arg>Add Failed Url To The fatal Error List</arg>
<arg>${url}</arg>
</arguments>
<kw name="Add Failed Url To The fatal Error List" library="Generic">
<arguments>
<arg>${url}</arg>
</arguments>
<kw name="Append To List" library="Collections">
<doc>Adds ``values`` to the end of ``list``.</doc>
<arguments>
<arg>${fatalErorrs}</arg>
<arg>${url}</arg>
</arguments>
<status status="PASS" starttime="20191023 10:08:12.558" endtime="20191023 10:08:12.558"></status>
</kw>
<status status="PASS" starttime="20191023 10:08:12.557" endtime="20191023 10:08:12.558"></status>
</kw>
<status status="PASS" starttime="20191023 10:08:12.557" endtime="20191023 10:08:12.558"></status>
</kw>
<status status="PASS" starttime="20191023 10:08:11.386" endtime="20191023 10:08:12.558"></status>
</kw>
<kw name="${url} = ACC/MISFilter/AnnexureFilter" type="foritem">
<kw name="Open ERP Page" library="Generic">
<arguments>
<arg>${url}</arg>
</arguments>
<kw name="Go To Erp Page" library="ERP">
<doc>Variant of builtin Go To keyword for ERP. Navigates the active browser instance to the provided ``url`` and validate ERP session
if session is expired it will attempt the login with given user type. User type can be
given from the command line arguments. default is ADMIN</doc>
<arguments>
<arg>${BASE_URL.${ENVIRONMENT}}/${pageUrl}</arg>
</arguments>
<msg timestamp="20191023 10:08:12.559" level="INFO">Opening url 'http://demoprojects.e-connectsolutions.com/ERP-DEMO/ACC/MISFilter/AnnexureFilter'</msg>
<status status="PASS" starttime="20191023 10:08:12.559" endtime="20191023 10:08:13.662"></status>
</kw>
<status status="PASS" starttime="20191023 10:08:12.558" endtime="20191023 10:08:13.662"></status>
</kw>
<kw name="Check page error" library="Generic">
<assign>
<var>${result}</var>
</assign>
<kw name="Check Error Occurred" library="Generic">
<assign>
<var>${errorCheck1}</var>
</assign>
<kw name="Run Keyword And Return Status" library="BuiltIn">
<doc>Runs the given keyword with given arguments and returns the status as a Boolean value.</doc>
<arguments>
<arg>page should not contain</arg>
<arg>Sorry! An error</arg>
</arguments>
<assign>
<var>${errorStatus}</var>
</assign>
<kw name="Page Should Not Contain" library="SeleniumLibrary">
<doc>Verifies the current page does not contain ``text``.</doc>
<arguments>
<arg>Sorry! An error</arg>
</arguments>
<msg timestamp="20191023 10:08:13.684" level="INFO">Current page does not contain text 'Sorry! An error'.</msg>
<status status="PASS" starttime="20191023 10:08:13.663" endtime="20191023 10:08:13.684"></status>
</kw>
<msg timestamp="20191023 10:08:13.684" level="INFO">${errorStatus} = True</msg>
<status status="PASS" starttime="20191023 10:08:13.663" endtime="20191023 10:08:13.684"></status>
</kw>
<kw name="Return From Keyword If" library="BuiltIn">
<doc>Returns from the enclosing user keyword if ``condition`` is true.</doc>
<arguments>
<arg>${True}</arg>
</arguments>
<msg timestamp="20191023 10:08:13.685" level="INFO">Returning from the enclosing user keyword.</msg>
<status status="PASS" starttime="20191023 10:08:13.685" endtime="20191023 10:08:13.685"></status>
</kw>
<msg timestamp="20191023 10:08:13.685" level="INFO">${errorCheck1} = None</msg>
<status status="PASS" starttime="20191023 10:08:13.662" endtime="20191023 10:08:13.685"></status>
</kw>
<kw name="Check Title Tag" library="Generic">
<assign>
<var>${errorCheck2}</var>
</assign>
<kw name="Get Title" library="SeleniumLibrary">
<doc>Returns the title of the current page.</doc>
<assign>
<var>${title}</var>
</assign>
<msg timestamp="20191023 10:08:13.691" level="INFO">${title} = Annexture</msg>
<status status="PASS" starttime="20191023 10:08:13.685" endtime="20191023 10:08:13.692"></status>
</kw>
<kw name="Run Keyword And Return Status" library="BuiltIn">
<doc>Runs the given keyword with given arguments and returns the status as a Boolean value.</doc>
<arguments>
<arg>should not be empty</arg>
<arg>${title}</arg>
</arguments>
<assign>
<var>${titleStatus1}</var>
</assign>
<kw name="Should Not Be Empty" library="BuiltIn">
<doc>Verifies that the given item is not empty.</doc>
<arguments>
<arg>${title}</arg>
</arguments>
<msg timestamp="20191023 10:08:13.692" level="INFO">Length is 9</msg>
<status status="PASS" starttime="20191023 10:08:13.692" endtime="20191023 10:08:13.692"></status>
</kw>
<msg timestamp="20191023 10:08:13.692" level="INFO">${titleStatus1} = True</msg>
<status status="PASS" starttime="20191023 10:08:13.692" endtime="20191023 10:08:13.692"></status>
</kw>
<kw name="Run Keyword And Return Status" library="BuiltIn">
<doc>Runs the given keyword with given arguments and returns the status as a Boolean value.</doc>
<arguments>
<arg>should not be equal</arg>
<arg>${title}</arg>
<arg>Index</arg>
</arguments>
<assign>
<var>${titleStatus2}</var>
</assign>
<kw name="Should Not Be Equal" library="BuiltIn">
<doc>Fails if the given objects are equal.</doc>
<arguments>
<arg>${title}</arg>
<arg>Index</arg>
</arguments>
<status status="PASS" starttime="20191023 10:08:13.693" endtime="20191023 10:08:13.693"></status>
</kw>
<msg timestamp="20191023 10:08:13.693" level="INFO">${titleStatus2} = True</msg>
<status status="PASS" starttime="20191023 10:08:13.693" endtime="20191023 10:08:13.693"></status>
</kw>
<kw name="Return From Keyword If" library="BuiltIn">
<doc>Returns from the enclosing user keyword if ``condition`` is true.</doc>
<arguments>
<arg>'${titleStatus1}' == '${True}' and '${titleStatus2}' == '${True}'</arg>
<arg>${True}</arg>
</arguments>
<msg timestamp="20191023 10:08:13.694" level="INFO">Returning from the enclosing user keyword.</msg>
<status status="PASS" starttime="20191023 10:08:13.693" endtime="20191023 10:08:13.694"></status>
</kw>
<msg timestamp="20191023 10:08:13.694" level="INFO">${errorCheck2} = True</msg>
<status status="PASS" starttime="20191023 10:08:13.685" endtime="20191023 10:08:13.694"></status>
</kw>
<kw name="Return From Keyword If" library="BuiltIn">
<doc>Returns from the enclosing user keyword if ``condition`` is true.</doc>
<arguments>
<arg>'${errorCheck1}' == '${True}' and '${errorCheck2}' == '${True}'</arg>
<arg>${True}</arg>
</arguments>
<status status="PASS" starttime="20191023 10:08:13.694" endtime="20191023 10:08:13.694"></status>
</kw>
<msg timestamp="20191023 10:08:13.694" level="INFO">${result} = None</msg>
<status status="PASS" starttime="20191023 10:08:13.662" endtime="20191023 10:08:13.694"></status>
</kw>
<kw name="Run Keyword If" library="BuiltIn">
<doc>Runs the given keyword with the given arguments, if ``condition`` is true.</doc>
<arguments>
<arg>${result} == None</arg>
<arg>Add Failed Url To The fatal Error List</arg>
<arg>${url}</arg>
</arguments>
<kw name="Add Failed Url To The fatal Error List" library="Generic">
<arguments>
<arg>${url}</arg>
</arguments>
<kw name="Append To List" library="Collections">
<doc>Adds ``values`` to the end of ``list``.</doc>
<arguments>
<arg>${fatalErorrs}</arg>
<arg>${url}</arg>
</arguments>
<status status="PASS" starttime="20191023 10:08:13.695" endtime="20191023 10:08:13.695"></status>
</kw>
<status status="PASS" starttime="20191023 10:08:13.695" endtime="20191023 10:08:13.696"></status>
</kw>
<status status="PASS" starttime="20191023 10:08:13.695" endtime="20191023 10:08:13.696"></status>
</kw>
<status status="PASS" starttime="20191023 10:08:12.558" endtime="20191023 10:08:13.696"></status>
</kw>
<kw name="${url} = ACC/AnnexuerNote" type="foritem">
<kw name="Open ERP Page" library="Generic">
<arguments>
<arg>${url}</arg>
</arguments>
<kw name="Go To Erp Page" library="ERP">
<doc>Variant of builtin Go To keyword for ERP. Navigates the active browser instance to the provided ``url`` and validate ERP session
if session is expired it will attempt the login with given user type. User type can be
given from the command line arguments. default is ADMIN</doc>
<arguments>
<arg>${BASE_URL.${ENVIRONMENT}}/${pageUrl}</arg>
</arguments>
<msg timestamp="20191023 10:08:13.697" level="INFO">Opening url 'http://demoprojects.e-connectsolutions.com/ERP-DEMO/ACC/AnnexuerNote'</msg>
<status status="PASS" starttime="20191023 10:08:13.696" endtime="20191023 10:08:14.809"></status>
</kw>
<status status="PASS" starttime="20191023 10:08:13.696" endtime="20191023 10:08:14.809"></status>
</kw>
<kw name="Check page error" library="Generic">
<assign>
<var>${result}</var>
</assign>
<kw name="Check Error Occurred" library="Generic">
<assign>
<var>${errorCheck1}</var>
</assign>
<kw name="Run Keyword And Return Status" library="BuiltIn">
<doc>Runs the given keyword with given arguments and returns the status as a Boolean value.</doc>
<arguments>
<arg>page should not contain</arg>
<arg>Sorry! An error</arg>
</arguments>
<assign>
<var>${errorStatus}</var>
</assign>
<kw name="Page Should Not Contain" library="SeleniumLibrary">
<doc>Verifies the current page does not contain ``text``.</doc>
<arguments>
<arg>Sorry! An error</arg>
</arguments>
<msg timestamp="20191023 10:08:14.830" level="INFO">Current page does not contain text 'Sorry! An error'.</msg>
<status status="PASS" starttime="20191023 10:08:14.810" endtime="20191023 10:08:14.830"></status>
</kw>
<msg timestamp="20191023 10:08:14.830" level="INFO">${errorStatus} = True</msg>
<status status="PASS" starttime="20191023 10:08:14.809" endtime="20191023 10:08:14.830"></status>
</kw>
<kw name="Return From Keyword If" library="BuiltIn">
<doc>Returns from the enclosing user keyword if ``condition`` is true.</doc>
<arguments>
<arg>${True}</arg>
</arguments>
<msg timestamp="20191023 10:08:14.831" level="INFO">Returning from the enclosing user keyword.</msg>
<status status="PASS" starttime="20191023 10:08:14.831" endtime="20191023 10:08:14.831"></status>
</kw>
<msg timestamp="20191023 10:08:14.831" level="INFO">${errorCheck1} = None</msg>
<status status="PASS" starttime="20191023 10:08:14.809" endtime="20191023 10:08:14.831"></status>
</kw>
<kw name="Check Title Tag" library="Generic">
<assign>
<var>${errorCheck2}</var>
</assign>
<kw name="Get Title" library="SeleniumLibrary">
<doc>Returns the title of the current page.</doc>
<assign>
<var>${title}</var>
</assign>
<msg timestamp="20191023 10:08:14.837" level="INFO">${title} = Annexure Note</msg>
<status status="PASS" starttime="20191023 10:08:14.832" endtime="20191023 10:08:14.837"></status>
</kw>
<kw name="Run Keyword And Return Status" library="BuiltIn">
<doc>Runs the given keyword with given arguments and returns the status as a Boolean value.</doc>
<arguments>
<arg>should not be empty</arg>
<arg>${title}</arg>
</arguments>
<assign>
<var>${titleStatus1}</var>
</assign>
<kw name="Should Not Be Empty" library="BuiltIn">
<doc>Verifies that the given item is not empty.</doc>
<arguments>
<arg>${title}</arg>
</arguments>
<msg timestamp="20191023 10:08:14.838" level="INFO">Length is 13</msg>
<status status="PASS" starttime="20191023 10:08:14.837" endtime="20191023 10:08:14.838"></status>
</kw>
<msg timestamp="20191023 10:08:14.838" level="INFO">${titleStatus1} = True</msg>
<status status="PASS" starttime="20191023 10:08:14.837" endtime="20191023 10:08:14.838"></status>
</kw>
<kw name="Run Keyword And Return Status" library="BuiltIn">
<doc>Runs the given keyword with given arguments and returns the status as a Boolean value.</doc>
<arguments>
<arg>should not be equal</arg>
<arg>${title}</arg>
<arg>Index</arg>
</arguments>
<assign>
<var>${titleStatus2}</var>
</assign>
<kw name="Should Not Be Equal" library="BuiltIn">
<doc>Fails if the given objects are equal.</doc>
<arguments>
<arg>${title}</arg>
<arg>Index</arg>
</arguments>
<status status="PASS" starttime="20191023 10:08:14.838" endtime="20191023 10:08:14.838"></status>
</kw>
<msg timestamp="20191023 10:08:14.839" level="INFO">${titleStatus2} = True</msg>
<status status="PASS" starttime="20191023 10:08:14.838" endtime="20191023 10:08:14.839"></status>
</kw>
<kw name="Return From Keyword If" library="BuiltIn">
<doc>Returns from the enclosing user keyword if ``condition`` is true.</doc>
<arguments>
<arg>'${titleStatus1}' == '${True}' and '${titleStatus2}' == '${True}'</arg>
<arg>${True}</arg>
</arguments>
<msg timestamp="20191023 10:08:14.839" level="INFO">Returning from the enclosing user keyword.</msg>
<status status="PASS" starttime="20191023 10:08:14.839" endtime="20191023 10:08:14.839"></status>
</kw>
<msg timestamp="20191023 10:08:14.839" level="INFO">${errorCheck2} = True</msg>
<status status="PASS" starttime="20191023 10:08:14.831" endtime="20191023 10:08:14.839"></status>
</kw>
<kw name="Return From Keyword If" library="BuiltIn">
<doc>Returns from the enclosing user keyword if ``condition`` is true.</doc>
<arguments>
<arg>'${errorCheck1}' == '${True}' and '${errorCheck2}' == '${True}'</arg>
<arg>${True}</arg>
</arguments>
<status status="PASS" starttime="20191023 10:08:14.839" endtime="20191023 10:08:14.840"></status>
</kw>
<msg timestamp="20191023 10:08:14.840" level="INFO">${result} = None</msg>
<status status="PASS" starttime="20191023 10:08:14.809" endtime="20191023 10:08:14.840"></status>
</kw>
<kw name="Run Keyword If" library="BuiltIn">
<doc>Runs the given keyword with the given arguments, if ``condition`` is true.</doc>
<arguments>
<arg>${result} == None</arg>
<arg>Add Failed Url To The fatal Error List</arg>
<arg>${url}</arg>
</arguments>
<kw name="Add Failed Url To The fatal Error List" library="Generic">
<arguments>
<arg>${url}</arg>
</arguments>
<kw name="Append To List" library="Collections">
<doc>Adds ``values`` to the end of ``list``.</doc>
<arguments>
<arg>${fatalErorrs}</arg>
<arg>${url}</arg>
</arguments>
<status status="PASS" starttime="20191023 10:08:14.841" endtime="20191023 10:08:14.841"></status>
</kw>
<status status="PASS" starttime="20191023 10:08:14.840" endtime="20191023 10:08:14.841"></status>
</kw>
<status status="PASS" starttime="20191023 10:08:14.840" endtime="20191023 10:08:14.841"></status>
</kw>
<status status="PASS" starttime="20191023 10:08:13.696" endtime="20191023 10:08:14.841"></status>
</kw>
<kw name="${url} = Acc/AnnexuerNoteDetail" type="foritem">
<kw name="Open ERP Page" library="Generic">
<arguments>
<arg>${url}</arg>
</arguments>
<kw name="Go To Erp Page" library="ERP">
<doc>Variant of builtin Go To keyword for ERP. Navigates the active browser instance to the provided ``url`` and validate ERP session
if session is expired it will attempt the login with given user type. User type can be
given from the command line arguments. default is ADMIN</doc>
<arguments>
<arg>${BASE_URL.${ENVIRONMENT}}/${pageUrl}</arg>
</arguments>
<msg timestamp="20191023 10:08:14.842" level="INFO">Opening url 'http://demoprojects.e-connectsolutions.com/ERP-DEMO/Acc/AnnexuerNoteDetail'</msg>
<status status="PASS" starttime="20191023 10:08:14.842" endtime="20191023 10:08:16.601"></status>
</kw>
<status status="PASS" starttime="20191023 10:08:14.842" endtime="20191023 10:08:16.601"></status>
</kw>
<kw name="Check page error" library="Generic">
<assign>
<var>${result}</var>
</assign>
<kw name="Check Error Occurred" library="Generic">
<assign>
<var>${errorCheck1}</var>
</assign>
<kw name="Run Keyword And Return Status" library="BuiltIn">
<doc>Runs the given keyword with given arguments and returns the status as a Boolean value.</doc>
<arguments>
<arg>page should not contain</arg>
<arg>Sorry! An error</arg>
</arguments>
<assign>
<var>${errorStatus}</var>
</assign>
<kw name="Page Should Not Contain" library="SeleniumLibrary">
<doc>Verifies the current page does not contain ``text``.</doc>
<arguments>
<arg>Sorry! An error</arg>
</arguments>
<msg timestamp="20191023 10:08:16.624" level="INFO">Current page does not contain text 'Sorry! An error'.</msg>
<status status="PASS" starttime="20191023 10:08:16.602" endtime="20191023 10:08:16.624"></status>
</kw>
<msg timestamp="20191023 10:08:16.624" level="INFO">${errorStatus} = True</msg>
<status status="PASS" starttime="20191023 10:08:16.602" endtime="20191023 10:08:16.624"></status>
</kw>
<kw name="Return From Keyword If" library="BuiltIn">
<doc>Returns from the enclosing user keyword if ``condition`` is true.</doc>
<arguments>
<arg>${True}</arg>
</arguments>
<msg timestamp="20191023 10:08:16.624" level="INFO">Returning from the enclosing user keyword.</msg>
<status status="PASS" starttime="20191023 10:08:16.624" endtime="20191023 10:08:16.625"></status>
</kw>
<msg timestamp="20191023 10:08:16.625" level="INFO">${errorCheck1} = None</msg>
<status status="PASS" starttime="20191023 10:08:16.602" endtime="20191023 10:08:16.625"></status>
</kw>
<kw name="Check Title Tag" library="Generic">
<assign>
<var>${errorCheck2}</var>
</assign>
<kw name="Get Title" library="SeleniumLibrary">
<doc>Returns the title of the current page.</doc>
<assign>
<var>${title}</var>
</assign>
<msg timestamp="20191023 10:08:16.630" level="INFO">${title} = Annexure Note Detail</msg>
<status status="PASS" starttime="20191023 10:08:16.625" endtime="20191023 10:08:16.630"></status>
</kw>
<kw name="Run Keyword And Return Status" library="BuiltIn">
<doc>Runs the given keyword with given arguments and returns the status as a Boolean value.</doc>
<arguments>
<arg>should not be empty</arg>
<arg>${title}</arg>
</arguments>
<assign>
<var>${titleStatus1}</var>
</assign>
<kw name="Should Not Be Empty" library="BuiltIn">
<doc>Verifies that the given item is not empty.</doc>
<arguments>
<arg>${title}</arg>
</arguments>
<msg timestamp="20191023 10:08:16.631" level="INFO">Length is 20</msg>
<status status="PASS" starttime="20191023 10:08:16.631" endtime="20191023 10:08:16.631"></status>
</kw>
<msg timestamp="20191023 10:08:16.631" level="INFO">${titleStatus1} = True</msg>
<status status="PASS" starttime="20191023 10:08:16.630" endtime="20191023 10:08:16.631"></status>
</kw>
<kw name="Run Keyword And Return Status" library="BuiltIn">
<doc>Runs the given keyword with given arguments and returns the status as a Boolean value.</doc>
<arguments>
<arg>should not be equal</arg>
<arg>${title}</arg>
<arg>Index</arg>
</arguments>
<assign>
<var>${titleStatus2}</var>
</assign>
<kw name="Should Not Be Equal" library="BuiltIn">
<doc>Fails if the given objects are equal.</doc>
<arguments>
<arg>${title}</arg>
<arg>Index</arg>
</arguments>
<status status="PASS" starttime="20191023 10:08:16.632" endtime="20191023 10:08:16.632"></status>
</kw>
<msg timestamp="20191023 10:08:16.632" level="INFO">${titleStatus2} = True</msg>
<status status="PASS" starttime="20191023 10:08:16.631" endtime="20191023 10:08:16.632"></status>
</kw>
<kw name="Return From Keyword If" library="BuiltIn">
<doc>Returns from the enclosing user keyword if ``condition`` is true.</doc>
<arguments>
<arg>'${titleStatus1}' == '${True}' and '${titleStatus2}' == '${True}'</arg>
<arg>${True}</arg>
</arguments>
<msg timestamp="20191023 10:08:16.633" level="INFO">Returning from the enclosing user keyword.</msg>
<status status="PASS" starttime="20191023 10:08:16.632" endtime="20191023 10:08:16.633"></status>
</kw>
<msg timestamp="20191023 10:08:16.633" level="INFO">${errorCheck2} = True</msg>
<status status="PASS" starttime="20191023 10:08:16.625" endtime="20191023 10:08:16.633"></status>
</kw>
<kw name="Return From Keyword If" library="BuiltIn">
<doc>Returns from the enclosing user keyword if ``condition`` is true.</doc>
<arguments>
<arg>'${errorCheck1}' == '${True}' and '${errorCheck2}' == '${True}'</arg>
<arg>${True}</arg>
</arguments>
<status status="PASS" starttime="20191023 10:08:16.633" endtime="20191023 10:08:16.633"></status>
</kw>
<msg timestamp="20191023 10:08:16.633" level="INFO">${result} = None</msg>
<status status="PASS" starttime="20191023 10:08:16.601" endtime="20191023 10:08:16.633"></status>
</kw>
<kw name="Run Keyword If" library="BuiltIn">
<doc>Runs the given keyword with the given arguments, if ``condition`` is true.</doc>
<arguments>
<arg>${result} == None</arg>
<arg>Add Failed Url To The fatal Error List</arg>
<arg>${url}</arg>
</arguments>
<kw name="Add Failed Url To The fatal Error List" library="Generic">
<arguments>
<arg>${url}</arg>
</arguments>
<kw name="Append To List" library="Collections">
<doc>Adds ``values`` to the end of ``list``.</doc>
<arguments>
<arg>${fatalErorrs}</arg>
<arg>${url}</arg>
</arguments>
<status status="PASS" starttime="20191023 10:08:16.634" endtime="20191023 10:08:16.634"></status>
</kw>
<status status="PASS" starttime="20191023 10:08:16.634" endtime="20191023 10:08:16.635"></status>
</kw>
<status status="PASS" starttime="20191023 10:08:16.634" endtime="20191023 10:08:16.635"></status>
</kw>
<status status="PASS" starttime="20191023 10:08:14.841" endtime="20191023 10:08:16.635"></status>
</kw>
<kw name="${url} = ACC/AccArrange" type="foritem">
<kw name="Open ERP Page" library="Generic">
<arguments>
<arg>${url}</arg>
</arguments>
<kw name="Go To Erp Page" library="ERP">
<doc>Variant of builtin Go To keyword for ERP. Navigates the active browser instance to the provided ``url`` and validate ERP session
if session is expired it will attempt the login with given user type. User type can be
given from the command line arguments. default is ADMIN</doc>
<arguments>
<arg>${BASE_URL.${ENVIRONMENT}}/${pageUrl}</arg>
</arguments>
<msg timestamp="20191023 10:08:16.636" level="INFO">Opening url 'http://demoprojects.e-connectsolutions.com/ERP-DEMO/ACC/AccArrange'</msg>
<status status="PASS" starttime="20191023 10:08:16.635" endtime="20191023 10:08:17.780"></status>
</kw>
<status status="PASS" starttime="20191023 10:08:16.635" endtime="20191023 10:08:17.780"></status>
</kw>
<kw name="Check page error" library="Generic">
<assign>
<var>${result}</var>
</assign>
<kw name="Check Error Occurred" library="Generic">
<assign>
<var>${errorCheck1}</var>
</assign>
<kw name="Run Keyword And Return Status" library="BuiltIn">
<doc>Runs the given keyword with given arguments and returns the status as a Boolean value.</doc>
<arguments>
<arg>page should not contain</arg>
<arg>Sorry! An error</arg>
</arguments>
<assign>
<var>${errorStatus}</var>
</assign>
<kw name="Page Should Not Contain" library="SeleniumLibrary">
<doc>Verifies the current page does not contain ``text``.</doc>
<arguments>
<arg>Sorry! An error</arg>
</arguments>
<msg timestamp="20191023 10:08:17.805" level="INFO">Current page does not contain text 'Sorry! An error'.</msg>
<status status="PASS" starttime="20191023 10:08:17.781" endtime="20191023 10:08:17.805"></status>
</kw>
<msg timestamp="20191023 10:08:17.805" level="INFO">${errorStatus} = True</msg>
<status status="PASS" starttime="20191023 10:08:17.781" endtime="20191023 10:08:17.805"></status>
</kw>
<kw name="Return From Keyword If" library="BuiltIn">
<doc>Returns from the enclosing user keyword if ``condition`` is true.</doc>
<arguments>
<arg>${True}</arg>
</arguments>
<msg timestamp="20191023 10:08:17.805" level="INFO">Returning from the enclosing user keyword.</msg>
<status status="PASS" starttime="20191023 10:08:17.805" endtime="20191023 10:08:17.805"></status>
</kw>
<msg timestamp="20191023 10:08:17.806" level="INFO">${errorCheck1} = None</msg>
<status status="PASS" starttime="20191023 10:08:17.781" endtime="20191023 10:08:17.806"></status>
</kw>
<kw name="Check Title Tag" library="Generic">
<assign>
<var>${errorCheck2}</var>
</assign>
<kw name="Get Title" library="SeleniumLibrary">
<doc>Returns the title of the current page.</doc>
<assign>
<var>${title}</var>
</assign>
<msg timestamp="20191023 10:08:17.812" level="INFO">${title} = Arranger</msg>
<status status="PASS" starttime="20191023 10:08:17.806" endtime="20191023 10:08:17.812"></status>
</kw>
<kw name="Run Keyword And Return Status" library="BuiltIn">
<doc>Runs the given keyword with given arguments and returns the status as a Boolean value.</doc>
<arguments>
<arg>should not be empty</arg>
<arg>${title}</arg>
</arguments>
<assign>
<var>${titleStatus1}</var>
</assign>
<kw name="Should Not Be Empty" library="BuiltIn">
<doc>Verifies that the given item is not empty.</doc>
<arguments>
<arg>${title}</arg>
</arguments>
<msg timestamp="20191023 10:08:17.812" level="INFO">Length is 8</msg>
<status status="PASS" starttime="20191023 10:08:17.812" endtime="20191023 10:08:17.812"></status>
</kw>
<msg timestamp="20191023 10:08:17.813" level="INFO">${titleStatus1} = True</msg>
<status status="PASS" starttime="20191023 10:08:17.812" endtime="20191023 10:08:17.813"></status>
</kw>
<kw name="Run Keyword And Return Status" library="BuiltIn">
<doc>Runs the given keyword with given arguments and returns the status as a Boolean value.</doc>
<arguments>
<arg>should not be equal</arg>
<arg>${title}</arg>
<arg>Index</arg>
</arguments>
<assign>
<var>${titleStatus2}</var>
</assign>
<kw name="Should Not Be Equal" library="BuiltIn">
<doc>Fails if the given objects are equal.</doc>
<arguments>
<arg>${title}</arg>
<arg>Index</arg>
</arguments>
<status status="PASS" starttime="20191023 10:08:17.813" endtime="20191023 10:08:17.813"></status>
</kw>
<msg timestamp="20191023 10:08:17.813" level="INFO">${titleStatus2} = True</msg>
<status status="PASS" starttime="20191023 10:08:17.813" endtime="20191023 10:08:17.813"></status>
</kw>
<kw name="Return From Keyword If" library="BuiltIn">
<doc>Returns from the enclosing user keyword if ``condition`` is true.</doc>
<arguments>
<arg>'${titleStatus1}' == '${True}' and '${titleStatus2}' == '${True}'</arg>
<arg>${True}</arg>
</arguments>
<msg timestamp="20191023 10:08:17.814" level="INFO">Returning from the enclosing user keyword.</msg>
<status status="PASS" starttime="20191023 10:08:17.814" endtime="20191023 10:08:17.814"></status>
</kw>
<msg timestamp="20191023 10:08:17.814" level="INFO">${errorCheck2} = True</msg>
<status status="PASS" starttime="20191023 10:08:17.806" endtime="20191023 10:08:17.814"></status>
</kw>
<kw name="Return From Keyword If" library="BuiltIn">
<doc>Returns from the enclosing user keyword if ``condition`` is true.</doc>
<arguments>
<arg>'${errorCheck1}' == '${True}' and '${errorCheck2}' == '${True}'</arg>
<arg>${True}</arg>
</arguments>
<status status="PASS" starttime="20191023 10:08:17.815" endtime="20191023 10:08:17.815"></status>
</kw>
<msg timestamp="20191023 10:08:17.815" level="INFO">${result} = None</msg>
<status status="PASS" starttime="20191023 10:08:17.780" endtime="20191023 10:08:17.815"></status>
</kw>
<kw name="Run Keyword If" library="BuiltIn">
<doc>Runs the given keyword with the given arguments, if ``condition`` is true.</doc>
<arguments>
<arg>${result} == None</arg>
<arg>Add Failed Url To The fatal Error List</arg>
<arg>${url}</arg>
</arguments>
<kw name="Add Failed Url To The fatal Error List" library="Generic">
<arguments>
<arg>${url}</arg>
</arguments>
<kw name="Append To List" library="Collections">
<doc>Adds ``values`` to the end of ``list``.</doc>
<arguments>
<arg>${fatalErorrs}</arg>
<arg>${url}</arg>
</arguments>
<status status="PASS" starttime="20191023 10:08:17.816" endtime="20191023 10:08:17.817"></status>
</kw>
<status status="PASS" starttime="20191023 10:08:17.816" endtime="20191023 10:08:17.817"></status>
</kw>
<status status="PASS" starttime="20191023 10:08:17.815" endtime="20191023 10:08:17.817"></status>
</kw>
<status status="PASS" starttime="20191023 10:08:16.635" endtime="20191023 10:08:17.817"></status>
</kw>
<kw name="${url} = ACC/MISFilter/BalanceSheetFilter" type="foritem">
<kw name="Open ERP Page" library="Generic">
<arguments>
<arg>${url}</arg>
</arguments>
<kw name="Go To Erp Page" library="ERP">
<doc>Variant of builtin Go To keyword for ERP. Navigates the active browser instance to the provided ``url`` and validate ERP session
if session is expired it will attempt the login with given user type. User type can be
given from the command line arguments. default is ADMIN</doc>
<arguments>
<arg>${BASE_URL.${ENVIRONMENT}}/${pageUrl}</arg>
</arguments>
<msg timestamp="20191023 10:08:17.818" level="INFO">Opening url 'http://demoprojects.e-connectsolutions.com/ERP-DEMO/ACC/MISFilter/BalanceSheetFilter'</msg>
<status status="PASS" starttime="20191023 10:08:17.817" endtime="20191023 10:08:18.992"></status>
</kw>
<status status="PASS" starttime="20191023 10:08:17.817" endtime="20191023 10:08:18.992"></status>
</kw>
<kw name="Check page error" library="Generic">
<assign>
<var>${result}</var>
</assign>
<kw name="Check Error Occurred" library="Generic">
<assign>
<var>${errorCheck1}</var>
</assign>
<kw name="Run Keyword And Return Status" library="BuiltIn">
<doc>Runs the given keyword with given arguments and returns the status as a Boolean value.</doc>
<arguments>
<arg>page should not contain</arg>
<arg>Sorry! An error</arg>
</arguments>
<assign>
<var>${errorStatus}</var>
</assign>
<kw name="Page Should Not Contain" library="SeleniumLibrary">
<doc>Verifies the current page does not contain ``text``.</doc>
<arguments>
<arg>Sorry! An error</arg>
</arguments>
<msg timestamp="20191023 10:08:19.016" level="INFO">Current page does not contain text 'Sorry! An error'.</msg>
<status status="PASS" starttime="20191023 10:08:18.993" endtime="20191023 10:08:19.016"></status>
</kw>
<msg timestamp="20191023 10:08:19.016" level="INFO">${errorStatus} = True</msg>
<status status="PASS" starttime="20191023 10:08:18.993" endtime="20191023 10:08:19.016"></status>
</kw>
<kw name="Return From Keyword If" library="BuiltIn">
<doc>Returns from the enclosing user keyword if ``condition`` is true.</doc>
<arguments>
<arg>${True}</arg>
</arguments>
<msg timestamp="20191023 10:08:19.017" level="INFO">Returning from the enclosing user keyword.</msg>
<status status="PASS" starttime="20191023 10:08:19.017" endtime="20191023 10:08:19.017"></status>
</kw>
<msg timestamp="20191023 10:08:19.017" level="INFO">${errorCheck1} = None</msg>
<status status="PASS" starttime="20191023 10:08:18.992" endtime="20191023 10:08:19.017"></status>
</kw>
<kw name="Check Title Tag" library="Generic">
<assign>
<var>${errorCheck2}</var>
</assign>
<kw name="Get Title" library="SeleniumLibrary">
<doc>Returns the title of the current page.</doc>
<assign>
<var>${title}</var>
</assign>
<msg timestamp="20191023 10:08:19.023" level="INFO">${title} = Balance Sheet</msg>
<status status="PASS" starttime="20191023 10:08:19.017" endtime="20191023 10:08:19.023"></status>
</kw>
<kw name="Run Keyword And Return Status" library="BuiltIn">
<doc>Runs the given keyword with given arguments and returns the status as a Boolean value.</doc>
<arguments>
<arg>should not be empty</arg>
<arg>${title}</arg>
</arguments>
<assign>
<var>${titleStatus1}</var>
</assign>
<kw name="Should Not Be Empty" library="BuiltIn">
<doc>Verifies that the given item is not empty.</doc>
<arguments>
<arg>${title}</arg>
</arguments>
<msg timestamp="20191023 10:08:19.024" level="INFO">Length is 13</msg>
<status status="PASS" starttime="20191023 10:08:19.023" endtime="20191023 10:08:19.024"></status>
</kw>
<msg timestamp="20191023 10:08:19.024" level="INFO">${titleStatus1} = True</msg>
<status status="PASS" starttime="20191023 10:08:19.023" endtime="20191023 10:08:19.024"></status>
</kw>
<kw name="Run Keyword And Return Status" library="BuiltIn">
<doc>Runs the given keyword with given arguments and returns the status as a Boolean value.</doc>
<arguments>
<arg>should not be equal</arg>
<arg>${title}</arg>
<arg>Index</arg>
</arguments>
<assign>
<var>${titleStatus2}</var>
</assign>
<kw name="Should Not Be Equal" library="BuiltIn">
<doc>Fails if the given objects are equal.</doc>
<arguments>
<arg>${title}</arg>
<arg>Index</arg>
</arguments>
<status status="PASS" starttime="20191023 10:08:19.024" endtime="20191023 10:08:19.024"></status>
</kw>
<msg timestamp="20191023 10:08:19.025" level="INFO">${titleStatus2} = True</msg>
<status status="PASS" starttime="20191023 10:08:19.024" endtime="20191023 10:08:19.025"></status>
</kw>
<kw name="Return From Keyword If" library="BuiltIn">
<doc>Returns from the enclosing user keyword if ``condition`` is true.</doc>
<arguments>
<arg>'${titleStatus1}' == '${True}' and '${titleStatus2}' == '${True}'</arg>
<arg>${True}</arg>
</arguments>
<msg timestamp="20191023 10:08:19.025" level="INFO">Returning from the enclosing user keyword.</msg>
<status status="PASS" starttime="20191023 10:08:19.025" endtime="20191023 10:08:19.025"></status>
</kw>
<msg timestamp="20191023 10:08:19.025" level="INFO">${errorCheck2} = True</msg>
<status status="PASS" starttime="20191023 10:08:19.017" endtime="20191023 10:08:19.025"></status>
</kw>
<kw name="Return From Keyword If" library="BuiltIn">
<doc>Returns from the enclosing user keyword if ``condition`` is true.</doc>
<arguments>
<arg>'${errorCheck1}' == '${True}' and '${errorCheck2}' == '${True}'</arg>
<arg>${True}</arg>
</arguments>
<status status="PASS" starttime="20191023 10:08:19.026" endtime="20191023 10:08:19.026"></status>
</kw>
<msg timestamp="20191023 10:08:19.026" level="INFO">${result} = None</msg>
<status status="PASS" starttime="20191023 10:08:18.992" endtime="20191023 10:08:19.026"></status>
</kw>
<kw name="Run Keyword If" library="BuiltIn">
<doc>Runs the given keyword with the given arguments, if ``condition`` is true.</doc>
<arguments>
<arg>${result} == None</arg>
<arg>Add Failed Url To The fatal Error List</arg>
<arg>${url}</arg>
</arguments>
<kw name="Add Failed Url To The fatal Error List" library="Generic">
<arguments>
<arg>${url}</arg>
</arguments>
<kw name="Append To List" library="Collections">
<doc>Adds ``values`` to the end of ``list``.</doc>
<arguments>
<arg>${fatalErorrs}</arg>
<arg>${url}</arg>
</arguments>
<status status="PASS" starttime="20191023 10:08:19.027" endtime="20191023 10:08:19.027"></status>
</kw>
<status status="PASS" starttime="20191023 10:08:19.027" endtime="20191023 10:08:19.027"></status>
</kw>
<status status="PASS" starttime="20191023 10:08:19.026" endtime="20191023 10:08:19.028"></status>
</kw>
<status status="PASS" starttime="20191023 10:08:17.817" endtime="20191023 10:08:19.028"></status>
</kw>
<kw name="${url} = ACC/MISFilter/BalanceSheetFilter_CPF" type="foritem">
<kw name="Open ERP Page" library="Generic">
<arguments>
<arg>${url}</arg>
</arguments>
<kw name="Go To Erp Page" library="ERP">
<doc>Variant of builtin Go To keyword for ERP. Navigates the active browser instance to the provided ``url`` and validate ERP session
if session is expired it will attempt the login with given user type. User type can be
given from the command line arguments. default is ADMIN</doc>
<arguments>
<arg>${BASE_URL.${ENVIRONMENT}}/${pageUrl}</arg>
</arguments>
<msg timestamp="20191023 10:08:19.028" level="INFO">Opening url 'http://demoprojects.e-connectsolutions.com/ERP-DEMO/ACC/MISFilter/BalanceSheetFilter_CPF'</msg>
<status status="PASS" starttime="20191023 10:08:19.028" endtime="20191023 10:08:20.161"></status>
</kw>
<status status="PASS" starttime="20191023 10:08:19.028" endtime="20191023 10:08:20.161"></status>
</kw>
<kw name="Check page error" library="Generic">
<assign>
<var>${result}</var>
</assign>
<kw name="Check Error Occurred" library="Generic">
<assign>
<var>${errorCheck1}</var>
</assign>
<kw name="Run Keyword And Return Status" library="BuiltIn">
<doc>Runs the given keyword with given arguments and returns the status as a Boolean value.</doc>
<arguments>
<arg>page should not contain</arg>
<arg>Sorry! An error</arg>
</arguments>
<assign>
<var>${errorStatus}</var>
</assign>
<kw name="Page Should Not Contain" library="SeleniumLibrary">
<doc>Verifies the current page does not contain ``text``.</doc>
<arguments>
<arg>Sorry! An error</arg>
</arguments>
<msg timestamp="20191023 10:08:20.184" level="INFO">Current page does not contain text 'Sorry! An error'.</msg>
<status status="PASS" starttime="20191023 10:08:20.162" endtime="20191023 10:08:20.184"></status>
</kw>
<msg timestamp="20191023 10:08:20.185" level="INFO">${errorStatus} = True</msg>
<status status="PASS" starttime="20191023 10:08:20.162" endtime="20191023 10:08:20.185"></status>
</kw>
<kw name="Return From Keyword If" library="BuiltIn">
<doc>Returns from the enclosing user keyword if ``condition`` is true.</doc>
<arguments>
<arg>${True}</arg>
</arguments>
<msg timestamp="20191023 10:08:20.185" level="INFO">Returning from the enclosing user keyword.</msg>
<status status="PASS" starttime="20191023 10:08:20.185" endtime="20191023 10:08:20.185"></status>
</kw>
<msg timestamp="20191023 10:08:20.185" level="INFO">${errorCheck1} = None</msg>
<status status="PASS" starttime="20191023 10:08:20.162" endtime="20191023 10:08:20.185"></status>
</kw>
<kw name="Check Title Tag" library="Generic">
<assign>
<var>${errorCheck2}</var>
</assign>
<kw name="Get Title" library="SeleniumLibrary">
<doc>Returns the title of the current page.</doc>
<assign>
<var>${title}</var>
</assign>
<msg timestamp="20191023 10:08:20.191" level="INFO">${title} = Balance Sheet CPF</msg>
<status status="PASS" starttime="20191023 10:08:20.186" endtime="20191023 10:08:20.191"></status>
</kw>
<kw name="Run Keyword And Return Status" library="BuiltIn">
<doc>Runs the given keyword with given arguments and returns the status as a Boolean value.</doc>
<arguments>
<arg>should not be empty</arg>
<arg>${title}</arg>
</arguments>
<assign>
<var>${titleStatus1}</var>
</assign>
<kw name="Should Not Be Empty" library="BuiltIn">
<doc>Verifies that the given item is not empty.</doc>
<arguments>
<arg>${title}</arg>
</arguments>
<msg timestamp="20191023 10:08:20.191" level="INFO">Length is 17</msg>
<status status="PASS" starttime="20191023 10:08:20.191" endtime="20191023 10:08:20.192"></status>
</kw>
<msg timestamp="20191023 10:08:20.192" level="INFO">${titleStatus1} = True</msg>
<status status="PASS" starttime="20191023 10:08:20.191" endtime="20191023 10:08:20.192"></status>
</kw>
<kw name="Run Keyword And Return Status" library="BuiltIn">
<doc>Runs the given keyword with given arguments and returns the status as a Boolean value.</doc>
<arguments>
<arg>should not be equal</arg>
<arg>${title}</arg>
<arg>Index</arg>
</arguments>
<assign>
<var>${titleStatus2}</var>
</assign>
<kw name="Should Not Be Equal" library="BuiltIn">
<doc>Fails if the given objects are equal.</doc>
<arguments>
<arg>${title}</arg>
<arg>Index</arg>
</arguments>
<status status="PASS" starttime="20191023 10:08:20.192" endtime="20191023 10:08:20.192"></status>
</kw>
<msg timestamp="20191023 10:08:20.192" level="INFO">${titleStatus2} = True</msg>
<status status="PASS" starttime="20191023 10:08:20.192" endtime="20191023 10:08:20.192"></status>
</kw>
<kw name="Return From Keyword If" library="BuiltIn">
<doc>Returns from the enclosing user keyword if ``condition`` is true.</doc>
<arguments>
<arg>'${titleStatus1}' == '${True}' and '${titleStatus2}' == '${True}'</arg>
<arg>${True}</arg>
</arguments>
<msg timestamp="20191023 10:08:20.193" level="INFO">Returning from the enclosing user keyword.</msg>
<status status="PASS" starttime="20191023 10:08:20.193" endtime="20191023 10:08:20.193"></status>
</kw>
<msg timestamp="20191023 10:08:20.193" level="INFO">${errorCheck2} = True</msg>
<status status="PASS" starttime="20191023 10:08:20.185" endtime="20191023 10:08:20.193"></status>
</kw>
<kw name="Return From Keyword If" library="BuiltIn">
<doc>Returns from the enclosing user keyword if ``condition`` is true.</doc>
<arguments>
<arg>'${errorCheck1}' == '${True}' and '${errorCheck2}' == '${True}'</arg>
<arg>${True}</arg>
</arguments>
<status status="PASS" starttime="20191023 10:08:20.193" endtime="20191023 10:08:20.194"></status>
</kw>
<msg timestamp="20191023 10:08:20.194" level="INFO">${result} = None</msg>
<status status="PASS" starttime="20191023 10:08:20.161" endtime="20191023 10:08:20.194"></status>
</kw>
<kw name="Run Keyword If" library="BuiltIn">
<doc>Runs the given keyword with the given arguments, if ``condition`` is true.</doc>
<arguments>
<arg>${result} == None</arg>
<arg>Add Failed Url To The fatal Error List</arg>
<arg>${url}</arg>
</arguments>
<kw name="Add Failed Url To The fatal Error List" library="Generic">
<arguments>
<arg>${url}</arg>
</arguments>
<kw name="Append To List" library="Collections">
<doc>Adds ``values`` to the end of ``list``.</doc>
<arguments>
<arg>${fatalErorrs}</arg>
<arg>${url}</arg>
</arguments>
<status status="PASS" starttime="20191023 10:08:20.195" endtime="20191023 10:08:20.195"></status>
</kw>
<status status="PASS" starttime="20191023 10:08:20.194" endtime="20191023 10:08:20.195"></status>
</kw>
<status status="PASS" starttime="20191023 10:08:20.194" endtime="20191023 10:08:20.195"></status>
</kw>
<status status="PASS" starttime="20191023 10:08:19.028" endtime="20191023 10:08:20.195"></status>
</kw>
<kw name="${url} = ACC/AccBankAccountDetail" type="foritem">
<kw name="Open ERP Page" library="Generic">
<arguments>
<arg>${url}</arg>
</arguments>
<kw name="Go To Erp Page" library="ERP">
<doc>Variant of builtin Go To keyword for ERP. Navigates the active browser instance to the provided ``url`` and validate ERP session
if session is expired it will attempt the login with given user type. User type can be
given from the command line arguments. default is ADMIN</doc>
<arguments>
<arg>${BASE_URL.${ENVIRONMENT}}/${pageUrl}</arg>
</arguments>
<msg timestamp="20191023 10:08:20.196" level="INFO">Opening url 'http://demoprojects.e-connectsolutions.com/ERP-DEMO/ACC/AccBankAccountDetail'</msg>
<status status="PASS" starttime="20191023 10:08:20.196" endtime="20191023 10:08:21.305"></status>
</kw>
<status status="PASS" starttime="20191023 10:08:20.195" endtime="20191023 10:08:21.305"></status>
</kw>
<kw name="Check page error" library="Generic">
<assign>
<var>${result}</var>
</assign>
<kw name="Check Error Occurred" library="Generic">
<assign>
<var>${errorCheck1}</var>
</assign>
<kw name="Run Keyword And Return Status" library="BuiltIn">
<doc>Runs the given keyword with given arguments and returns the status as a Boolean value.</doc>
<arguments>
<arg>page should not contain</arg>
<arg>Sorry! An error</arg>
</arguments>
<assign>
<var>${errorStatus}</var>
</assign>
<kw name="Page Should Not Contain" library="SeleniumLibrary">
<doc>Verifies the current page does not contain ``text``.</doc>
<arguments>
<arg>Sorry! An error</arg>
</arguments>
<msg timestamp="20191023 10:08:21.326" level="INFO">Current page does not contain text 'Sorry! An error'.</msg>
<status status="PASS" starttime="20191023 10:08:21.306" endtime="20191023 10:08:21.327"></status>
</kw>
<msg timestamp="20191023 10:08:21.327" level="INFO">${errorStatus} = True</msg>
<status status="PASS" starttime="20191023 10:08:21.306" endtime="20191023 10:08:21.327"></status>
</kw>
<kw name="Return From Keyword If" library="BuiltIn">
<doc>Returns from the enclosing user keyword if ``condition`` is true.</doc>
<arguments>
<arg>${True}</arg>
</arguments>
<msg timestamp="20191023 10:08:21.327" level="INFO">Returning from the enclosing user keyword.</msg>
<status status="PASS" starttime="20191023 10:08:21.327" endtime="20191023 10:08:21.327"></status>
</kw>
<msg timestamp="20191023 10:08:21.327" level="INFO">${errorCheck1} = None</msg>
<status status="PASS" starttime="20191023 10:08:21.305" endtime="20191023 10:08:21.327"></status>
</kw>
<kw name="Check Title Tag" library="Generic">
<assign>
<var>${errorCheck2}</var>
</assign>
<kw name="Get Title" library="SeleniumLibrary">
<doc>Returns the title of the current page.</doc>
<assign>
<var>${title}</var>
</assign>
<msg timestamp="20191023 10:08:21.333" level="INFO">${title} = Bank Account Detail</msg>
<status status="PASS" starttime="20191023 10:08:21.328" endtime="20191023 10:08:21.333"></status>
</kw>
<kw name="Run Keyword And Return Status" library="BuiltIn">
<doc>Runs the given keyword with given arguments and returns the status as a Boolean value.</doc>
<arguments>
<arg>should not be empty</arg>
<arg>${title}</arg>
</arguments>
<assign>
<var>${titleStatus1}</var>
</assign>
<kw name="Should Not Be Empty" library="BuiltIn">
<doc>Verifies that the given item is not empty.</doc>
<arguments>
<arg>${title}</arg>
</arguments>
<msg timestamp="20191023 10:08:21.334" level="INFO">Length is 19</msg>
<status status="PASS" starttime="20191023 10:08:21.334" endtime="20191023 10:08:21.334"></status>
</kw>
<msg timestamp="20191023 10:08:21.334" level="INFO">${titleStatus1} = True</msg>
<status status="PASS" starttime="20191023 10:08:21.333" endtime="20191023 10:08:21.334"></status>
</kw>
<kw name="Run Keyword And Return Status" library="BuiltIn">
<doc>Runs the given keyword with given arguments and returns the status as a Boolean value.</doc>
<arguments>
<arg>should not be equal</arg>
<arg>${title}</arg>
<arg>Index</arg>
</arguments>
<assign>
<var>${titleStatus2}</var>
</assign>
<kw name="Should Not Be Equal" library="BuiltIn">
<doc>Fails if the given objects are equal.</doc>
<arguments>
<arg>${title}</arg>
<arg>Index</arg>
</arguments>
<status status="PASS" starttime="20191023 10:08:21.335" endtime="20191023 10:08:21.335"></status>
</kw>
<msg timestamp="20191023 10:08:21.335" level="INFO">${titleStatus2} = True</msg>
<status status="PASS" starttime="20191023 10:08:21.334" endtime="20191023 10:08:21.335"></status>
</kw>
<kw name="Return From Keyword If" library="BuiltIn">
<doc>Returns from the enclosing user keyword if ``condition`` is true.</doc>
<arguments>
<arg>'${titleStatus1}' == '${True}' and '${titleStatus2}' == '${True}'</arg>
<arg>${True}</arg>
</arguments>
<msg timestamp="20191023 10:08:21.335" level="INFO">Returning from the enclosing user keyword.</msg>
<status status="PASS" starttime="20191023 10:08:21.335" endtime="20191023 10:08:21.335"></status>
</kw>
<msg timestamp="20191023 10:08:21.336" level="INFO">${errorCheck2} = True</msg>
<status status="PASS" starttime="20191023 10:08:21.327" endtime="20191023 10:08:21.336"></status>
</kw>
<kw name="Return From Keyword If" library="BuiltIn">
<doc>Returns from the enclosing user keyword if ``condition`` is true.</doc>
<arguments>
<arg>'${errorCheck1}' == '${True}' and '${errorCheck2}' == '${True}'</arg>
<arg>${True}</arg>
</arguments>
<status status="PASS" starttime="20191023 10:08:21.336" endtime="20191023 10:08:21.336"></status>
</kw>
<msg timestamp="20191023 10:08:21.336" level="INFO">${result} = None</msg>
<status status="PASS" starttime="20191023 10:08:21.305" endtime="20191023 10:08:21.336"></status>
</kw>
<kw name="Run Keyword If" library="BuiltIn">
<doc>Runs the given keyword with the given arguments, if ``condition`` is true.</doc>
<arguments>
<arg>${result} == None</arg>
<arg>Add Failed Url To The fatal Error List</arg>
<arg>${url}</arg>
</arguments>
<kw name="Add Failed Url To The fatal Error List" library="Generic">
<arguments>
<arg>${url}</arg>
</arguments>
<kw name="Append To List" library="Collections">
<doc>Adds ``values`` to the end of ``list``.</doc>
<arguments>
<arg>${fatalErorrs}</arg>
<arg>${url}</arg>
</arguments>
<status status="PASS" starttime="20191023 10:08:21.337" endtime="20191023 10:08:21.337"></status>
</kw>
<status status="PASS" starttime="20191023 10:08:21.337" endtime="20191023 10:08:21.338"></status>
</kw>
<status status="PASS" starttime="20191023 10:08:21.336" endtime="20191023 10:08:21.338"></status>
</kw>
<status status="PASS" starttime="20191023 10:08:20.195" endtime="20191023 10:08:21.338"></status>
</kw>
<kw name="${url} = ACC/BankReconcile/BankReconcileIndex" type="foritem">
<kw name="Open ERP Page" library="Generic">
<arguments>
<arg>${url}</arg>
</arguments>
<kw name="Go To Erp Page" library="ERP">
<doc>Variant of builtin Go To keyword for ERP. Navigates the active browser instance to the provided ``url`` and validate ERP session
if session is expired it will attempt the login with given user type. User type can be
given from the command line arguments. default is ADMIN</doc>
<arguments>
<arg>${BASE_URL.${ENVIRONMENT}}/${pageUrl}</arg>
</arguments>
<msg timestamp="20191023 10:08:21.338" level="INFO">Opening url 'http://demoprojects.e-connectsolutions.com/ERP-DEMO/ACC/BankReconcile/BankReconcileIndex'</msg>
<status status="PASS" starttime="20191023 10:08:21.338" endtime="20191023 10:08:22.510"></status>
</kw>
<status status="PASS" starttime="20191023 10:08:21.338" endtime="20191023 10:08:22.510"></status>
</kw>
<kw name="Check page error" library="Generic">
<assign>
<var>${result}</var>
</assign>
<kw name="Check Error Occurred" library="Generic">
<assign>
<var>${errorCheck1}</var>
</assign>
<kw name="Run Keyword And Return Status" library="BuiltIn">
<doc>Runs the given keyword with given arguments and returns the status as a Boolean value.</doc>
<arguments>
<arg>page should not contain</arg>
<arg>Sorry! An error</arg>
</arguments>
<assign>
<var>${errorStatus}</var>
</assign>
<kw name="Page Should Not Contain" library="SeleniumLibrary">
<doc>Verifies the current page does not contain ``text``.</doc>
<arguments>
<arg>Sorry! An error</arg>
</arguments>
<msg timestamp="20191023 10:08:22.531" level="INFO">Current page does not contain text 'Sorry! An error'.</msg>
<status status="PASS" starttime="20191023 10:08:22.511" endtime="20191023 10:08:22.531"></status>
</kw>
<msg timestamp="20191023 10:08:22.531" level="INFO">${errorStatus} = True</msg>
<status status="PASS" starttime="20191023 10:08:22.511" endtime="20191023 10:08:22.531"></status>
</kw>
<kw name="Return From Keyword If" library="BuiltIn">
<doc>Returns from the enclosing user keyword if ``condition`` is true.</doc>
<arguments>
<arg>${True}</arg>
</arguments>
[...]
</kw>
<msg timestamp="20191023 10:20:25.928" level="INFO">${errorCheck2} = True</msg>
<status status="PASS" starttime="20191023 10:20:25.920" endtime="20191023 10:20:25.928"></status>
</kw>
<kw name="Return From Keyword If" library="BuiltIn">
<doc>Returns from the enclosing user keyword if ``condition`` is true.</doc>
<arguments>
<arg>'${errorCheck1}' == '${True}' and '${errorCheck2}' == '${True}'</arg>
<arg>${True}</arg>
</arguments>
<status status="PASS" starttime="20191023 10:20:25.928" endtime="20191023 10:20:25.929"></status>
</kw>
<msg timestamp="20191023 10:20:25.929" level="INFO">${result} = None</msg>
<status status="PASS" starttime="20191023 10:20:25.897" endtime="20191023 10:20:25.929"></status>
</kw>
<kw name="Run Keyword If" library="BuiltIn">
<doc>Runs the given keyword with the given arguments, if ``condition`` is true.</doc>
<arguments>
<arg>${result} == None</arg>
<arg>Add Failed Url To The fatal Error List</arg>
<arg>${url}</arg>
</arguments>
<kw name="Add Failed Url To The fatal Error List" library="Generic">
<arguments>
<arg>${url}</arg>
</arguments>
<kw name="Append To List" library="Collections">
<doc>Adds ``values`` to the end of ``list``.</doc>
<arguments>
<arg>${fatalErorrs}</arg>
<arg>${url}</arg>
</arguments>
<status status="PASS" starttime="20191023 10:20:25.930" endtime="20191023 10:20:25.930"></status>
</kw>
<status status="PASS" starttime="20191023 10:20:25.929" endtime="20191023 10:20:25.930"></status>
</kw>
<status status="PASS" starttime="20191023 10:20:25.929" endtime="20191023 10:20:25.930"></status>
</kw>
<status status="PASS" starttime="20191023 10:20:25.749" endtime="20191023 10:20:25.930"></status>
</kw>
<kw name="${url} = URM/WFEngine/WfConfigurationIndex" type="foritem">
<kw name="Open ERP Page" library="Generic">
<arguments>
<arg>${url}</arg>
</arguments>
<kw name="Go To Erp Page" library="ERP">
<doc>Variant of builtin Go To keyword for ERP. Navigates the active browser instance to the provided ``url`` and validate ERP session
if session is expired it will attempt the login with given user type. User type can be
given from the command line arguments. default is ADMIN</doc>
<arguments>
<arg>${BASE_URL.${ENVIRONMENT}}/${pageUrl}</arg>
</arguments>
<msg timestamp="20191023 10:20:25.931" level="INFO">Opening url 'http://demoprojects.e-connectsolutions.com/ERP-DEMO/URM/WFEngine/WfConfigurationIndex'</msg>
<status status="PASS" starttime="20191023 10:20:25.930" endtime="20191023 10:20:46.906"></status>
</kw>
<status status="PASS" starttime="20191023 10:20:25.930" endtime="20191023 10:20:46.906"></status>
</kw>
<kw name="Check page error" library="Generic">
<assign>
<var>${result}</var>
</assign>
<kw name="Check Error Occurred" library="Generic">
<assign>
<var>${errorCheck1}</var>
</assign>
<kw name="Run Keyword And Return Status" library="BuiltIn">
<doc>Runs the given keyword with given arguments and returns the status as a Boolean value.</doc>
<arguments>
<arg>page should not contain</arg>
<arg>Sorry! An error</arg>
</arguments>
<assign>
<var>${errorStatus}</var>
</assign>
<kw name="Page Should Not Contain" library="SeleniumLibrary">
<doc>Verifies the current page does not contain ``text``.</doc>
<arguments>
<arg>Sorry! An error</arg>
</arguments>
<msg timestamp="20191023 10:20:46.938" level="INFO">Current page does not contain text 'Sorry! An error'.</msg>
<status status="PASS" starttime="20191023 10:20:46.907" endtime="20191023 10:20:46.938"></status>
</kw>
<msg timestamp="20191023 10:20:46.938" level="INFO">${errorStatus} = True</msg>
<status status="PASS" starttime="20191023 10:20:46.907" endtime="20191023 10:20:46.938"></status>
</kw>
<kw name="Return From Keyword If" library="BuiltIn">
<doc>Returns from the enclosing user keyword if ``condition`` is true.</doc>
<arguments>
<arg>${True}</arg>
</arguments>
<msg timestamp="20191023 10:20:46.939" level="INFO">Returning from the enclosing user keyword.</msg>
<status status="PASS" starttime="20191023 10:20:46.938" endtime="20191023 10:20:46.939"></status>
</kw>
<msg timestamp="20191023 10:20:46.939" level="INFO">${errorCheck1} = None</msg>
<status status="PASS" starttime="20191023 10:20:46.907" endtime="20191023 10:20:46.939"></status>
</kw>
<kw name="Check Title Tag" library="Generic">
<assign>
<var>${errorCheck2}</var>
</assign>
<kw name="Get Title" library="SeleniumLibrary">
<doc>Returns the title of the current page.</doc>
<assign>
<var>${title}</var>
</assign>
<msg timestamp="20191023 10:20:46.946" level="INFO">${title} = demoprojects.e-connectsolutions.com</msg>
<status status="PASS" starttime="20191023 10:20:46.940" endtime="20191023 10:20:46.946"></status>
</kw>
<kw name="Run Keyword And Return Status" library="BuiltIn">
<doc>Runs the given keyword with given arguments and returns the status as a Boolean value.</doc>
<arguments>
<arg>should not be empty</arg>
<arg>${title}</arg>
</arguments>
<assign>
<var>${titleStatus1}</var>
</assign>
<kw name="Should Not Be Empty" library="BuiltIn">
<doc>Verifies that the given item is not empty.</doc>
<arguments>
<arg>${title}</arg>
</arguments>
<msg timestamp="20191023 10:20:46.947" level="INFO">Length is 35</msg>
<status status="PASS" starttime="20191023 10:20:46.947" endtime="20191023 10:20:46.947"></status>
</kw>
<msg timestamp="20191023 10:20:46.947" level="INFO">${titleStatus1} = True</msg>
<status status="PASS" starttime="20191023 10:20:46.946" endtime="20191023 10:20:46.947"></status>
</kw>
<kw name="Run Keyword And Return Status" library="BuiltIn">
<doc>Runs the given keyword with given arguments and returns the status as a Boolean value.</doc>
<arguments>
<arg>should not be equal</arg>
<arg>${title}</arg>
<arg>Index</arg>
</arguments>
<assign>
<var>${titleStatus2}</var>
</assign>
<kw name="Should Not Be Equal" library="BuiltIn">
<doc>Fails if the given objects are equal.</doc>
<arguments>
<arg>${title}</arg>
<arg>Index</arg>
</arguments>
<status status="PASS" starttime="20191023 10:20:46.948" endtime="20191023 10:20:46.948"></status>
</kw>
<msg timestamp="20191023 10:20:46.948" level="INFO">${titleStatus2} = True</msg>
<status status="PASS" starttime="20191023 10:20:46.947" endtime="20191023 10:20:46.948"></status>
</kw>
<kw name="Return From Keyword If" library="BuiltIn">
<doc>Returns from the enclosing user keyword if ``condition`` is true.</doc>
<arguments>
<arg>'${titleStatus1}' == '${True}' and '${titleStatus2}' == '${True}'</arg>
<arg>${True}</arg>
</arguments>
<msg timestamp="20191023 10:20:46.948" level="INFO">Returning from the enclosing user keyword.</msg>
<status status="PASS" starttime="20191023 10:20:46.948" endtime="20191023 10:20:46.949"></status>
</kw>
<msg timestamp="20191023 10:20:46.949" level="INFO">${errorCheck2} = True</msg>
<status status="PASS" starttime="20191023 10:20:46.939" endtime="20191023 10:20:46.949"></status>
</kw>
<kw name="Return From Keyword If" library="BuiltIn">
<doc>Returns from the enclosing user keyword if ``condition`` is true.</doc>
<arguments>
<arg>'${errorCheck1}' == '${True}' and '${errorCheck2}' == '${True}'</arg>
<arg>${True}</arg>
</arguments>
<status status="PASS" starttime="20191023 10:20:46.949" endtime="20191023 10:20:46.949"></status>
</kw>
<msg timestamp="20191023 10:20:46.949" level="INFO">${result} = None</msg>
<status status="PASS" starttime="20191023 10:20:46.906" endtime="20191023 10:20:46.949"></status>
</kw>
<kw name="Run Keyword If" library="BuiltIn">
<doc>Runs the given keyword with the given arguments, if ``condition`` is true.</doc>
<arguments>
<arg>${result} == None</arg>
<arg>Add Failed Url To The fatal Error List</arg>
<arg>${url}</arg>
</arguments>
<kw name="Add Failed Url To The fatal Error List" library="Generic">
<arguments>
<arg>${url}</arg>
</arguments>
<kw name="Append To List" library="Collections">
<doc>Adds ``values`` to the end of ``list``.</doc>
<arguments>
<arg>${fatalErorrs}</arg>
<arg>${url}</arg>
</arguments>
<status status="PASS" starttime="20191023 10:20:46.950" endtime="20191023 10:20:46.951"></status>
</kw>
<status status="PASS" starttime="20191023 10:20:46.950" endtime="20191023 10:20:46.951"></status>
</kw>
<status status="PASS" starttime="20191023 10:20:46.950" endtime="20191023 10:20:46.951"></status>
</kw>
<status status="PASS" starttime="20191023 10:20:25.930" endtime="20191023 10:20:46.951"></status>
</kw>
<kw name="${url} = URM/WFEngine/UserRoleIndex" type="foritem">
<kw name="Open ERP Page" library="Generic">
<arguments>
<arg>${url}</arg>
</arguments>
<kw name="Go To Erp Page" library="ERP">
<doc>Variant of builtin Go To keyword for ERP. Navigates the active browser instance to the provided ``url`` and validate ERP session
if session is expired it will attempt the login with given user type. User type can be
given from the command line arguments. default is ADMIN</doc>
<arguments>
<arg>${BASE_URL.${ENVIRONMENT}}/${pageUrl}</arg>
</arguments>
<msg timestamp="20191023 10:20:46.952" level="INFO">Opening url 'http://demoprojects.e-connectsolutions.com/ERP-DEMO/URM/WFEngine/UserRoleIndex'</msg>
<status status="PASS" starttime="20191023 10:20:46.951" endtime="20191023 10:21:08.090"></status>
</kw>
<status status="PASS" starttime="20191023 10:20:46.951" endtime="20191023 10:21:08.090"></status>
</kw>
<kw name="Check page error" library="Generic">
<assign>
<var>${result}</var>
</assign>
<kw name="Check Error Occurred" library="Generic">
<assign>
<var>${errorCheck1}</var>
</assign>
<kw name="Run Keyword And Return Status" library="BuiltIn">
<doc>Runs the given keyword with given arguments and returns the status as a Boolean value.</doc>
<arguments>
<arg>page should not contain</arg>
<arg>Sorry! An error</arg>
</arguments>
<assign>
<var>${errorStatus}</var>
</assign>
<kw name="Page Should Not Contain" library="SeleniumLibrary">
<doc>Verifies the current page does not contain ``text``.</doc>
<arguments>
<arg>Sorry! An error</arg>
</arguments>
<msg timestamp="20191023 10:21:08.112" level="INFO">Current page does not contain text 'Sorry! An error'.</msg>
<status status="PASS" starttime="20191023 10:21:08.091" endtime="20191023 10:21:08.112"></status>
</kw>
<msg timestamp="20191023 10:21:08.112" level="INFO">${errorStatus} = True</msg>
<status status="PASS" starttime="20191023 10:21:08.091" endtime="20191023 10:21:08.112"></status>
</kw>
<kw name="Return From Keyword If" library="BuiltIn">
<doc>Returns from the enclosing user keyword if ``condition`` is true.</doc>
<arguments>
<arg>${True}</arg>
</arguments>
<msg timestamp="20191023 10:21:08.113" level="INFO">Returning from the enclosing user keyword.</msg>
<status status="PASS" starttime="20191023 10:21:08.113" endtime="20191023 10:21:08.113"></status>
</kw>
<msg timestamp="20191023 10:21:08.113" level="INFO">${errorCheck1} = None</msg>
<status status="PASS" starttime="20191023 10:21:08.091" endtime="20191023 10:21:08.113"></status>
</kw>
<kw name="Check Title Tag" library="Generic">
<assign>
<var>${errorCheck2}</var>
</assign>
<kw name="Get Title" library="SeleniumLibrary">
<doc>Returns the title of the current page.</doc>
<assign>
<var>${title}</var>
</assign>
<msg timestamp="20191023 10:21:08.119" level="INFO">${title} = demoprojects.e-connectsolutions.com</msg>
<status status="PASS" starttime="20191023 10:21:08.113" endtime="20191023 10:21:08.119"></status>
</kw>
<kw name="Run Keyword And Return Status" library="BuiltIn">
<doc>Runs the given keyword with given arguments and returns the status as a Boolean value.</doc>
<arguments>
<arg>should not be empty</arg>
<arg>${title}</arg>
</arguments>
<assign>
<var>${titleStatus1}</var>
</assign>
<kw name="Should Not Be Empty" library="BuiltIn">
<doc>Verifies that the given item is not empty.</doc>
<arguments>
<arg>${title}</arg>
</arguments>
<msg timestamp="20191023 10:21:08.119" level="INFO">Length is 35</msg>
<status status="PASS" starttime="20191023 10:21:08.119" endtime="20191023 10:21:08.119"></status>
</kw>
<msg timestamp="20191023 10:21:08.120" level="INFO">${titleStatus1} = True</msg>
<status status="PASS" starttime="20191023 10:21:08.119" endtime="20191023 10:21:08.120"></status>
</kw>
<kw name="Run Keyword And Return Status" library="BuiltIn">
<doc>Runs the given keyword with given arguments and returns the status as a Boolean value.</doc>
<arguments>
<arg>should not be equal</arg>
<arg>${title}</arg>
<arg>Index</arg>
</arguments>
<assign>
<var>${titleStatus2}</var>
</assign>
<kw name="Should Not Be Equal" library="BuiltIn">
<doc>Fails if the given objects are equal.</doc>
<arguments>
<arg>${title}</arg>
<arg>Index</arg>
</arguments>
<status status="PASS" starttime="20191023 10:21:08.120" endtime="20191023 10:21:08.121"></status>
</kw>
<msg timestamp="20191023 10:21:08.121" level="INFO">${titleStatus2} = True</msg>
<status status="PASS" starttime="20191023 10:21:08.120" endtime="20191023 10:21:08.121"></status>
</kw>
<kw name="Return From Keyword If" library="BuiltIn">
<doc>Returns from the enclosing user keyword if ``condition`` is true.</doc>
<arguments>
<arg>'${titleStatus1}' == '${True}' and '${titleStatus2}' == '${True}'</arg>
<arg>${True}</arg>
</arguments>
<msg timestamp="20191023 10:21:08.121" level="INFO">Returning from the enclosing user keyword.</msg>
<status status="PASS" starttime="20191023 10:21:08.121" endtime="20191023 10:21:08.121"></status>
</kw>
<msg timestamp="20191023 10:21:08.122" level="INFO">${errorCheck2} = True</msg>
<status status="PASS" starttime="20191023 10:21:08.113" endtime="20191023 10:21:08.122"></status>
</kw>
<kw name="Return From Keyword If" library="BuiltIn">
<doc>Returns from the enclosing user keyword if ``condition`` is true.</doc>
<arguments>
<arg>'${errorCheck1}' == '${True}' and '${errorCheck2}' == '${True}'</arg>
<arg>${True}</arg>
</arguments>
<status status="PASS" starttime="20191023 10:21:08.122" endtime="20191023 10:21:08.122"></status>
</kw>
<msg timestamp="20191023 10:21:08.122" level="INFO">${result} = None</msg>
<status status="PASS" starttime="20191023 10:21:08.091" endtime="20191023 10:21:08.122"></status>
</kw>
<kw name="Run Keyword If" library="BuiltIn">
<doc>Runs the given keyword with the given arguments, if ``condition`` is true.</doc>
<arguments>
<arg>${result} == None</arg>
<arg>Add Failed Url To The fatal Error List</arg>
<arg>${url}</arg>
</arguments>
<kw name="Add Failed Url To The fatal Error List" library="Generic">
<arguments>
<arg>${url}</arg>
</arguments>
<kw name="Append To List" library="Collections">
<doc>Adds ``values`` to the end of ``list``.</doc>
<arguments>
<arg>${fatalErorrs}</arg>
<arg>${url}</arg>
</arguments>
<status status="PASS" starttime="20191023 10:21:08.123" endtime="20191023 10:21:08.123"></status>
</kw>
<status status="PASS" starttime="20191023 10:21:08.123" endtime="20191023 10:21:08.123"></status>
</kw>
<status status="PASS" starttime="20191023 10:21:08.122" endtime="20191023 10:21:08.123"></status>
</kw>
<status status="PASS" starttime="20191023 10:20:46.951" endtime="20191023 10:21:08.123"></status>
</kw>
<status status="PASS" starttime="20191023 10:16:32.589" endtime="20191023 10:21:08.123"></status>
</kw>
<kw name="Report Fatal Errors To Developers" library="Generic">
<arguments>
<arg>${moduleName}</arg>
<arg>@{fatalErorrs}</arg>
</arguments>
<kw name="Log" library="BuiltIn">
<doc>Logs the given message with the given level.</doc>
<arguments>
<arg>${fatalErorrs}</arg>
</arguments>
<msg timestamp="20191023 10:21:08.124" level="INFO">['ACC/PaymentAdvisebillType/Index', 'ACC/PaymentAdvise/PaymentAdviseJVIndex', 'ACC/PaymentAdvise/BillSection', 'ACC/PaymentAdvise/PaymentSection', 'ACC/MISFilter/AnnexureFilter', 'ACC/AnnexuerNote', 'Acc/AnnexuerNoteDetail', 'ACC/AccArrange', 'ACC/MISFilter/BalanceSheetFilter', 'ACC/MISFilter/BalanceSheetFilter_CPF', 'ACC/AccBankAccountDetail', 'ACC/BankReconcile/BankReconcileIndex', 'ACC/BudgetApproval', 'ACC/BudgetHead', 'ACC/Import/InstrumentImport', 'ACC/MISFilter/CashFlowFilter', 'ACC/CashEstimate', 'acc/MISReport/report/CashBookFilter', 'ACC/CostCentre/CostCentreIndex', 'ACC/MISReport/report/CostCenterHeadFilter', 'ACC/MISReport/report/CostCenterFilter', 'ACC/CostCentre/CostHeadConfigIndex', 'ACC/CdNote/CreditNote', 'ACC/Voucher/DeleteVoucherIndex', 'ACC/MISReport/report/EntityLedgerlistFilter', 'ACC', 'ACC/MISFilter/GSTRFilter', 'ACC/SalesPurchase/GSTR1', 'ACC/SalesPurchase/GSTR2', 'ACC/GroupHead', 'ACC/GroupHeadDetail', 'ACC/GroupHeadDetail', 'ACC/GroupHead', 'ACC/MISReport/report/Group%20Listing', 'ACC/Import/Voucher', 'ACC/Import/OpBalance', 'ACC/AccountBudget?type=Industrial_Area', 'ACC/AccProposedInvestmentPlans', 'ACC/AccProposal', 'ACC/PaymentAdviseInWord/Index', 'ACC/ReceiptAdvice/Index', 'ACC/Ledger', 'ACC/LedgerGroup', 'ACC/MISReport/report/LedgerlistFilter', 'ACC/MISFilter/ListingFilter', 'ACC/LockOpeningBalance/Index', 'ACC/MeargAccount/AddNew', 'ACC/Voucher/New', 'ACC/MISReport/OnlinePaymentReport', 'ACC/ReceiptMaster', 'ACC/MISFilter/PCBAndAbstractFilter', 'URM/TemplateBuilder/TemplateConfiguration', 'URM/TemplateBuilder', 'URM/SentEmail', 'URM/ExternalUser', 'URM/User/LoginReportIndex', 'URM/user', 'URM/menu', 'URM/MessageConfiguration/AddEditNotificationActivity', 'URM/Organization', 'URM/Organization/OrgConfigIndex', 'URM/menu/PrivilegeSearch', 'URM/SentSMS', 'urm/templatebuilder', 'URM', 'URM/Privilege', 'URM/UserRole', 'URM/WorkTypeConfiguration', 'URM/WORKFLOW', 'URM/WFEngine/WfConfigurationIndex', 'URM/WFEngine/UserRoleIndex']</msg>
<status status="PASS" starttime="20191023 10:21:08.124" endtime="20191023 10:21:08.124"></status>
</kw>
<kw name="Run Keyword And Continue On Failure" library="BuiltIn">
<doc>Runs the keyword and continues execution even if a failure occurs.</doc>
<arguments>
<arg>Send All Errors</arg>
<arg>${moduleName}</arg>
<arg>@{fatalErorrs}</arg>
</arguments>
<kw name="Send All Errors" library="ERP">
<arguments>
<arg>${moduleName}</arg>
<arg>@{fatalErorrs}</arg>
</arguments>
<msg timestamp="20191023 10:21:08.125" level="FAIL">Keyword 'ERP.Send All Errors' expected 0 arguments, got 72.</msg>
<status status="FAIL" starttime="20191023 10:21:08.125" endtime="20191023 10:21:08.125"></status>
</kw>
<status status="FAIL" starttime="20191023 10:21:08.124" endtime="20191023 10:21:08.125"></status>
</kw>
<status status="FAIL" starttime="20191023 10:21:08.124" endtime="20191023 10:21:08.125"></status>
</kw>
<status status="FAIL" starttime="20191023 10:16:32.588" endtime="20191023 10:21:08.125"></status>
</kw>
<status status="FAIL" starttime="20191023 10:16:32.573" endtime="20191023 10:21:08.125"></status>
</kw>
<doc>Tests if yellow pages are appearing or title tags are missing.</doc>
<tags>
<tag>critical</tag>
<tag>generictests</tag>
</tags>
<status status="FAIL" starttime="20191023 10:07:34.117" endtime="20191023 10:21:08.126" critical="yes">Several failures occurred:

1) TimeoutException: Message: timeout
  (Session info: chrome=77.0.3865.120)


2) Keyword 'ERP.Send All Errors' expected 0 arguments, got 72.</status>
</test>
<doc>ERP Tests</doc>
<status status="FAIL" starttime="20191023 10:07:34.040" endtime="20191023 10:21:08.128"></status>
</suite>
<kw name="End Web Test" library="Common_Keywords" type="teardown">
<kw name="Close All Browsers" library="SeleniumLibrary">
<doc>Closes all open browsers and resets the browser cache.</doc>
<status status="PASS" starttime="20191023 10:21:08.131" endtime="20191023 10:21:10.250"></status>
</kw>
<status status="PASS" starttime="20191023 10:21:08.130" endtime="20191023 10:21:10.250"></status>
</kw>
<status status="FAIL" starttime="20191023 10:07:30.443" endtime="20191023 10:21:10.250"></status>
</suite>
<statistics>
<total>
<stat pass="0" fail="1">Critical Tests</stat>
<stat pass="0" fail="1">All Tests</stat>
</total>
<tag>
<stat pass="0" fail="1">critical</stat>
<stat pass="0" fail="1">generictests</stat>
</tag>
<suite>
<stat pass="0" fail="1" id="s1" name="Tests">Tests</stat>
<stat pass="0" fail="1" id="s1-s1" name="002 GenericTests">Tests.002 GenericTests</stat>
</suite>
</statistics>
<errors>
</errors>
</robot>
