<?xml version="1.0" encoding="UTF-8"?>
<robot generator="Robot 3.1.2 (Python 3.7.4 on win32)" generated="20191023 16:28:29.301" rpa="false">
<suite id="s1" name="Tests" source="D:\Q-mate\Tests">
<kw name="Begin Web Test" library="Common_Keywords" type="setup">
<kw name="Open Browser" library="SeleniumLibrary">
<doc>Opens a new browser instance to the given ``url``.</doc>
<arguments>
<arg>about:blank</arg>
<arg>${BROWSER}</arg>
</arguments>
<msg timestamp="20191023 16:28:29.519" level="INFO">Opening browser 'chrome' to base url 'about:blank'.</msg>
<status status="PASS" starttime="20191023 16:28:29.519" endtime="20191023 16:28:31.816"></status>
</kw>
<kw name="Maximize Browser Window" library="SeleniumLibrary">
<doc>Maximizes current browser window.</doc>
<status status="PASS" starttime="20191023 16:28:31.817" endtime="20191023 16:28:32.971"></status>
</kw>
<status status="PASS" starttime="20191023 16:28:29.519" endtime="20191023 16:28:32.971"></status>
</kw>
<suite id="s1-s1" name="000 GenericTests" source="D:\Q-mate\Tests\000_GenericTests.robot">
<test id="s1-s1-t1" name="All ERP module pages should be working for admin user">
<kw name="Run Generic Tests" library="ERP_Keywords">
<arguments>
<arg>${FA.name}</arg>
</arguments>
<kw name="Get All Module Urls" library="Generic">
<arguments>
<arg>${moduleName}</arg>
</arguments>
<assign>
<var>@{urlsList}</var>
</assign>
<kw name="Filter Module Urls" library="SeleniumLibrary">
<tags>
<tag>plugin</tag>
</tags>
<doc>Returns a list of filtered URLs for the given module</doc>
<arguments>
<arg>${muduleName}</arg>
<arg>${URLS_JSON}</arg>
</arguments>
<assign>
<var>@{moduleUrls}</var>
</assign>
<msg timestamp="20191023 16:28:33.002" level="INFO">@{moduleUrls} = [ ACC/PaymentAdvise/PaymentAdviseJVIndex | ACC/PaymentAdvisebillType/Index | ACC/PaymentAdvise/PaymentAdviseJVIndex | ACC/PaymentAdvise/BillSection | ACC/PaymentAdvise/PaymentSection | ACC/MISFilter/A...</msg>
<status status="PASS" starttime="20191023 16:28:33.002" endtime="20191023 16:28:33.002"></status>
</kw>
<kw name="Return From Keyword" library="BuiltIn">
<doc>Returns from the enclosing user keyword.</doc>
<arguments>
<arg>@{moduleUrls}</arg>
</arguments>
<msg timestamp="20191023 16:28:33.002" level="INFO">Returning from the enclosing user keyword.</msg>
<status status="PASS" starttime="20191023 16:28:33.002" endtime="20191023 16:28:33.002"></status>
</kw>
<msg timestamp="20191023 16:28:33.002" level="INFO">@{urlsList} = [ ACC/PaymentAdvise/PaymentAdviseJVIndex | ACC/PaymentAdvisebillType/Index | ACC/PaymentAdvise/PaymentAdviseJVIndex | ACC/PaymentAdvise/BillSection | ACC/PaymentAdvise/PaymentSection | ACC/MISFilter/A...</msg>
<status status="PASS" starttime="20191023 16:28:33.002" endtime="20191023 16:28:33.002"></status>
</kw>
<kw name="Perform All Critical Generic Tests On Urls" library="Generic">
<arguments>
<arg>@{urlsList}</arg>
</arguments>
<kw name="${url} IN [ @{moduleUrls} ]" type="for">
<kw name="${url} = ACC/PaymentAdvisebillType/Index" type="foritem">
<kw name="Open ERP Page" library="Generic">
<arguments>
<arg>${url}</arg>
</arguments>
<kw name="Go To Erp Page" library="SeleniumLibrary">
<tags>
<tag>plugin</tag>
</tags>
<doc>Variant of builtin Go To keyword for ERP. Navigates the active browser instance to the provided ``url`` and validate ERP session
if session is expired it will attempt the login with given user type. User type can be
given from the command line arguments. default is ADMIN</doc>
<arguments>
<arg>${BASE_URL.${ENVIRONMENT}}/${pageUrl}</arg>
</arguments>
<kw name="Attempt Login" library="ERP_Keywords">
<arguments>
<arg>${ADMIN_USER}</arg>
</arguments>
<kw name="Fill Username" library="Login">
<arguments>
<arg>${Credentials.username}</arg>
</arguments>
<kw name="Input Text" library="SeleniumLibrary">
<doc>Types the given ``text`` into the text field identified by ``locator``.</doc>
<arguments>
<arg>${LOGIN_USERNAME_INPUT}</arg>
<arg>${username}</arg>
</arguments>
<msg timestamp="20191023 16:28:35.053" level="INFO">Typing text 'econnect' into text field 'id=LoginIdForShow'.</msg>
<status status="PASS" starttime="20191023 16:28:35.053" endtime="20191023 16:28:35.146"></status>
</kw>
<status status="PASS" starttime="20191023 16:28:35.052" endtime="20191023 16:28:35.146"></status>
</kw>
<kw name="Fill Password" library="Login">
<arguments>
<arg>${Credentials.password}</arg>
</arguments>
<kw name="Input Text" library="SeleniumLibrary">
<doc>Types the given ``text`` into the text field identified by ``locator``.</doc>
<arguments>
<arg>${LOGIN_PASSWORD_INPUT}</arg>
<arg>${password}</arg>
</arguments>
<msg timestamp="20191023 16:28:35.148" level="INFO">Typing text 'admin' into text field 'id=PasswordForShow'.</msg>
<status status="PASS" starttime="20191023 16:28:35.147" endtime="20191023 16:28:35.250"></status>
</kw>
<status status="PASS" starttime="20191023 16:28:35.147" endtime="20191023 16:28:35.250"></status>
</kw>
<kw name="Submit The Form" library="Login">
<kw name="Click Button" library="SeleniumLibrary">
<doc>Clicks the button identified by ``locator``.</doc>
<arguments>
<arg>${LOGIN_BUTTON}</arg>
</arguments>
<msg timestamp="20191023 16:28:35.251" level="INFO">Clicking button 'id=btnLogin'.</msg>
<status status="PASS" starttime="20191023 16:28:35.250" endtime="20191023 16:28:38.234"></status>
</kw>
<status status="PASS" starttime="20191023 16:28:35.250" endtime="20191023 16:28:38.234"></status>
</kw>
<status status="PASS" starttime="20191023 16:28:35.051" endtime="20191023 16:28:38.234"></status>
</kw>
<status status="PASS" starttime="20191023 16:28:33.018" endtime="20191023 16:28:39.312"></status>
</kw>
<status status="PASS" starttime="20191023 16:28:33.018" endtime="20191023 16:28:39.312"></status>
</kw>
<kw name="Check page error" library="Generic">
<assign>
<var>${result}</var>
</assign>
<kw name="Check Error Occurred" library="Generic">
<assign>
<var>${errorCheck1}</var>
</assign>
<kw name="Run Keyword And Return Status" library="BuiltIn">
<doc>Runs the given keyword with given arguments and returns the status as a Boolean value.</doc>
<arguments>
<arg>page should not contain</arg>
<arg>Sorry! An error</arg>
</arguments>
<assign>
<var>${errorStatus}</var>
</assign>
<kw name="Page Should Not Contain" library="SeleniumLibrary">
<doc>Verifies the current page does not contain ``text``.</doc>
<arguments>
<arg>Sorry! An error</arg>
</arguments>
<msg timestamp="20191023 16:28:39.348" level="INFO">Current page does not contain text 'Sorry! An error'.</msg>
<status status="PASS" starttime="20191023 16:28:39.313" endtime="20191023 16:28:39.348"></status>
</kw>
<msg timestamp="20191023 16:28:39.348" level="INFO">${errorStatus} = True</msg>
<status status="PASS" starttime="20191023 16:28:39.313" endtime="20191023 16:28:39.348"></status>
</kw>
<kw name="Return From Keyword If" library="BuiltIn">
<doc>Returns from the enclosing user keyword if ``condition`` is true.</doc>
<arguments>
<arg>'${errorStatus}' == '${False}'</arg>
<arg>1</arg>
</arguments>
<status status="PASS" starttime="20191023 16:28:39.348" endtime="20191023 16:28:39.349"></status>
</kw>
<msg timestamp="20191023 16:28:39.349" level="INFO">${errorCheck1} = None</msg>
<status status="PASS" starttime="20191023 16:28:39.313" endtime="20191023 16:28:39.349"></status>
</kw>
<kw name="Check Title Tag" library="Generic">
<assign>
<var>${errorCheck2}</var>
</assign>
<kw name="Get Title" library="SeleniumLibrary">
<doc>Returns the title of the current page.</doc>
<assign>
<var>${title}</var>
</assign>
<msg timestamp="20191023 16:28:39.355" level="INFO">${title} = Advice Type</msg>
<status status="PASS" starttime="20191023 16:28:39.349" endtime="20191023 16:28:39.355"></status>
</kw>
<kw name="Run Keyword And Return Status" library="BuiltIn">
<doc>Runs the given keyword with given arguments and returns the status as a Boolean value.</doc>
<arguments>
<arg>should not be empty</arg>
<arg>${title}</arg>
</arguments>
<assign>
<var>${titleStatus1}</var>
</assign>
<kw name="Should Not Be Empty" library="BuiltIn">
<doc>Verifies that the given item is not empty.</doc>
<arguments>
<arg>${title}</arg>
</arguments>
<msg timestamp="20191023 16:28:39.356" level="INFO">Length is 11</msg>
<status status="PASS" starttime="20191023 16:28:39.356" endtime="20191023 16:28:39.356"></status>
</kw>
<msg timestamp="20191023 16:28:39.356" level="INFO">${titleStatus1} = True</msg>
<status status="PASS" starttime="20191023 16:28:39.356" endtime="20191023 16:28:39.356"></status>
</kw>
<kw name="Run Keyword And Return Status" library="BuiltIn">
<doc>Runs the given keyword with given arguments and returns the status as a Boolean value.</doc>
<arguments>
<arg>should not be equal</arg>
<arg>${title}</arg>
<arg>Index</arg>
</arguments>
<assign>
<var>${titleStatus2}</var>
</assign>
<kw name="Should Not Be Equal" library="BuiltIn">
<doc>Fails if the given objects are equal.</doc>
<arguments>
<arg>${title}</arg>
<arg>Index</arg>
</arguments>
<status status="PASS" starttime="20191023 16:28:39.357" endtime="20191023 16:28:39.357"></status>
</kw>
<msg timestamp="20191023 16:28:39.357" level="INFO">${titleStatus2} = True</msg>
<status status="PASS" starttime="20191023 16:28:39.356" endtime="20191023 16:28:39.357"></status>
</kw>
<kw name="Return From Keyword If" library="BuiltIn">
<doc>Returns from the enclosing user keyword if ``condition`` is true.</doc>
<arguments>
<arg>'${titleStatus1}' == '${False}' or '${titleStatus2}' == '${False}'</arg>
<arg>2</arg>
</arguments>
<status status="PASS" starttime="20191023 16:28:39.357" endtime="20191023 16:28:39.358"></status>
</kw>
<msg timestamp="20191023 16:28:39.358" level="INFO">${errorCheck2} = None</msg>
<status status="PASS" starttime="20191023 16:28:39.349" endtime="20191023 16:28:39.358"></status>
</kw>
<kw name="Return From Keyword If" library="BuiltIn">
<doc>Returns from the enclosing user keyword if ``condition`` is true.</doc>
<arguments>
<arg>'${errorCheck1}' == '1'</arg>
<arg>1</arg>
</arguments>
<status status="PASS" starttime="20191023 16:28:39.358" endtime="20191023 16:28:39.358"></status>
</kw>
<kw name="Return From Keyword If" library="BuiltIn">
<doc>Returns from the enclosing user keyword if ``condition`` is true.</doc>
<arguments>
<arg>'${errorCheck2}' == '2'</arg>
<arg>2</arg>
</arguments>
<status status="PASS" starttime="20191023 16:28:39.358" endtime="20191023 16:28:39.358"></status>
</kw>
<msg timestamp="20191023 16:28:39.359" level="INFO">${result} = None</msg>
<status status="PASS" starttime="20191023 16:28:39.312" endtime="20191023 16:28:39.359"></status>
</kw>
<kw name="Run Keyword If" library="BuiltIn">
<doc>Runs the given keyword with the given arguments, if ``condition`` is true.</doc>
<arguments>
<arg>${result} == 1</arg>
<arg>Add Failed Url To The fatal Error List</arg>
<arg>${url}:01</arg>
<arg>ELSE IF</arg>
<arg>${result} == 2</arg>
<arg>Add Failed Url To The fatal Error List</arg>
<arg>${url}:02</arg>
</arguments>
<status status="PASS" starttime="20191023 16:28:39.359" endtime="20191023 16:28:39.359"></status>
</kw>
<status status="PASS" starttime="20191023 16:28:33.018" endtime="20191023 16:28:39.359"></status>
</kw>
<kw name="${url} = ACC/PaymentAdvise/PaymentAdviseJVIndex" type="foritem">
<kw name="Open ERP Page" library="Generic">
<arguments>
<arg>${url}</arg>
</arguments>
<kw name="Go To Erp Page" library="SeleniumLibrary">
<tags>
<tag>plugin</tag>
</tags>
<doc>Variant of builtin Go To keyword for ERP. Navigates the active browser instance to the provided ``url`` and validate ERP session
if session is expired it will attempt the login with given user type. User type can be
given from the command line arguments. default is ADMIN</doc>
<arguments>
<arg>${BASE_URL.${ENVIRONMENT}}/${pageUrl}</arg>
</arguments>
<status status="PASS" starttime="20191023 16:28:39.360" endtime="20191023 16:28:40.587"></status>
</kw>
<status status="PASS" starttime="20191023 16:28:39.359" endtime="20191023 16:28:40.587"></status>
</kw>
<kw name="Check page error" library="Generic">
<assign>
<var>${result}</var>
</assign>
<kw name="Check Error Occurred" library="Generic">
<assign>
<var>${errorCheck1}</var>
</assign>
<kw name="Run Keyword And Return Status" library="BuiltIn">
<doc>Runs the given keyword with given arguments and returns the status as a Boolean value.</doc>
<arguments>
<arg>page should not contain</arg>
<arg>Sorry! An error</arg>
</arguments>
<assign>
<var>${errorStatus}</var>
</assign>
<kw name="Page Should Not Contain" library="SeleniumLibrary">
<doc>Verifies the current page does not contain ``text``.</doc>
<arguments>
<arg>Sorry! An error</arg>
</arguments>
<msg timestamp="20191023 16:28:40.609" level="INFO">Current page does not contain text 'Sorry! An error'.</msg>
<status status="PASS" starttime="20191023 16:28:40.588" endtime="20191023 16:28:40.609"></status>
</kw>
<msg timestamp="20191023 16:28:40.609" level="INFO">${errorStatus} = True</msg>
<status status="PASS" starttime="20191023 16:28:40.588" endtime="20191023 16:28:40.609"></status>
</kw>
<kw name="Return From Keyword If" library="BuiltIn">
<doc>Returns from the enclosing user keyword if ``condition`` is true.</doc>
<arguments>
<arg>'${errorStatus}' == '${False}'</arg>
<arg>1</arg>
</arguments>
<status status="PASS" starttime="20191023 16:28:40.609" endtime="20191023 16:28:40.610"></status>
</kw>
<msg timestamp="20191023 16:28:40.610" level="INFO">${errorCheck1} = None</msg>
<status status="PASS" starttime="20191023 16:28:40.588" endtime="20191023 16:28:40.610"></status>
</kw>
<kw name="Check Title Tag" library="Generic">
<assign>
<var>${errorCheck2}</var>
</assign>
<kw name="Get Title" library="SeleniumLibrary">
<doc>Returns the title of the current page.</doc>
<assign>
<var>${title}</var>
</assign>
<msg timestamp="20191023 16:28:40.616" level="INFO">${title} = Payment Advise(Adjustment)</msg>
<status status="PASS" starttime="20191023 16:28:40.610" endtime="20191023 16:28:40.616"></status>
</kw>
<kw name="Run Keyword And Return Status" library="BuiltIn">
<doc>Runs the given keyword with given arguments and returns the status as a Boolean value.</doc>
<arguments>
<arg>should not be empty</arg>
<arg>${title}</arg>
</arguments>
<assign>
<var>${titleStatus1}</var>
</assign>
<kw name="Should Not Be Empty" library="BuiltIn">
<doc>Verifies that the given item is not empty.</doc>
<arguments>
<arg>${title}</arg>
</arguments>
<msg timestamp="20191023 16:28:40.617" level="INFO">Length is 26</msg>
<status status="PASS" starttime="20191023 16:28:40.617" endtime="20191023 16:28:40.617"></status>
</kw>
<msg timestamp="20191023 16:28:40.617" level="INFO">${titleStatus1} = True</msg>
<status status="PASS" starttime="20191023 16:28:40.616" endtime="20191023 16:28:40.617"></status>
</kw>
<kw name="Run Keyword And Return Status" library="BuiltIn">
<doc>Runs the given keyword with given arguments and returns the status as a Boolean value.</doc>
<arguments>
<arg>should not be equal</arg>
<arg>${title}</arg>
<arg>Index</arg>
</arguments>
<assign>
<var>${titleStatus2}</var>
</assign>
<kw name="Should Not Be Equal" library="BuiltIn">
<doc>Fails if the given objects are equal.</doc>
<arguments>
<arg>${title}</arg>
<arg>Index</arg>
</arguments>
<status status="PASS" starttime="20191023 16:28:40.617" endtime="20191023 16:28:40.618"></status>
</kw>
<msg timestamp="20191023 16:28:40.618" level="INFO">${titleStatus2} = True</msg>
<status status="PASS" starttime="20191023 16:28:40.617" endtime="20191023 16:28:40.618"></status>
</kw>
<kw name="Return From Keyword If" library="BuiltIn">
<doc>Returns from the enclosing user keyword if ``condition`` is true.</doc>
<arguments>
<arg>'${titleStatus1}' == '${False}' or '${titleStatus2}' == '${False}'</arg>
<arg>2</arg>
</arguments>
<status status="PASS" starttime="20191023 16:28:40.618" endtime="20191023 16:28:40.618"></status>
</kw>
<msg timestamp="20191023 16:28:40.618" level="INFO">${errorCheck2} = None</msg>
<status status="PASS" starttime="20191023 16:28:40.610" endtime="20191023 16:28:40.618"></status>
</kw>
<kw name="Return From Keyword If" library="BuiltIn">
<doc>Returns from the enclosing user keyword if ``condition`` is true.</doc>
<arguments>
<arg>'${errorCheck1}' == '1'</arg>
<arg>1</arg>
</arguments>
<status status="PASS" starttime="20191023 16:28:40.618" endtime="20191023 16:28:40.619"></status>
</kw>
<kw name="Return From Keyword If" library="BuiltIn">
<doc>Returns from the enclosing user keyword if ``condition`` is true.</doc>
<arguments>
<arg>'${errorCheck2}' == '2'</arg>
<arg>2</arg>
</arguments>
<status status="PASS" starttime="20191023 16:28:40.619" endtime="20191023 16:28:40.619"></status>
</kw>
<msg timestamp="20191023 16:28:40.619" level="INFO">${result} = None</msg>
<status status="PASS" starttime="20191023 16:28:40.588" endtime="20191023 16:28:40.619"></status>
</kw>
<kw name="Run Keyword If" library="BuiltIn">
<doc>Runs the given keyword with the given arguments, if ``condition`` is true.</doc>
<arguments>
<arg>${result} == 1</arg>
<arg>Add Failed Url To The fatal Error List</arg>
<arg>${url}:01</arg>
<arg>ELSE IF</arg>
<arg>${result} == 2</arg>
<arg>Add Failed Url To The fatal Error List</arg>
<arg>${url}:02</arg>
</arguments>
<status status="PASS" starttime="20191023 16:28:40.620" endtime="20191023 16:28:40.620"></status>
</kw>
<status status="PASS" starttime="20191023 16:28:39.359" endtime="20191023 16:28:40.620"></status>
</kw>
<kw name="${url} = ACC/PaymentAdvise/BillSection" type="foritem">
<kw name="Open ERP Page" library="Generic">
<arguments>
<arg>${url}</arg>
</arguments>
<kw name="Go To Erp Page" library="SeleniumLibrary">
<tags>
<tag>plugin</tag>
</tags>
<doc>Variant of builtin Go To keyword for ERP. Navigates the active browser instance to the provided ``url`` and validate ERP session
if session is expired it will attempt the login with given user type. User type can be
given from the command line arguments. default is ADMIN</doc>
<arguments>
<arg>${BASE_URL.${ENVIRONMENT}}/${pageUrl}</arg>
</arguments>
<status status="PASS" starttime="20191023 16:28:40.620" endtime="20191023 16:28:42.465"></status>
</kw>
<status status="PASS" starttime="20191023 16:28:40.620" endtime="20191023 16:28:42.465"></status>
</kw>
<kw name="Check page error" library="Generic">
<assign>
<var>${result}</var>
</assign>
<kw name="Check Error Occurred" library="Generic">
<assign>
<var>${errorCheck1}</var>
</assign>
<kw name="Run Keyword And Return Status" library="BuiltIn">
<doc>Runs the given keyword with given arguments and returns the status as a Boolean value.</doc>
<arguments>
<arg>page should not contain</arg>
<arg>Sorry! An error</arg>
</arguments>
<assign>
<var>${errorStatus}</var>
</assign>
<kw name="Page Should Not Contain" library="SeleniumLibrary">
<doc>Verifies the current page does not contain ``text``.</doc>
<arguments>
<arg>Sorry! An error</arg>
</arguments>
<msg timestamp="20191023 16:28:42.500" level="INFO">Current page does not contain text 'Sorry! An error'.</msg>
<status status="PASS" starttime="20191023 16:28:42.466" endtime="20191023 16:28:42.500"></status>
</kw>
<msg timestamp="20191023 16:28:42.500" level="INFO">${errorStatus} = True</msg>
<status status="PASS" starttime="20191023 16:28:42.466" endtime="20191023 16:28:42.500"></status>
</kw>
<kw name="Return From Keyword If" library="BuiltIn">
<doc>Returns from the enclosing user keyword if ``condition`` is true.</doc>
<arguments>
<arg>'${errorStatus}' == '${False}'</arg>
<arg>1</arg>
</arguments>
<status status="PASS" starttime="20191023 16:28:42.500" endtime="20191023 16:28:42.501"></status>
</kw>
<msg timestamp="20191023 16:28:42.501" level="INFO">${errorCheck1} = None</msg>
<status status="PASS" starttime="20191023 16:28:42.466" endtime="20191023 16:28:42.501"></status>
</kw>
<kw name="Check Title Tag" library="Generic">
<assign>
<var>${errorCheck2}</var>
</assign>
<kw name="Get Title" library="SeleniumLibrary">
<doc>Returns the title of the current page.</doc>
<assign>
<var>${title}</var>
</assign>
<msg timestamp="20191023 16:28:42.509" level="INFO">${title} = Payment Advise(Bill Section)</msg>
<status status="PASS" starttime="20191023 16:28:42.501" endtime="20191023 16:28:42.509"></status>
</kw>
<kw name="Run Keyword And Return Status" library="BuiltIn">
<doc>Runs the given keyword with given arguments and returns the status as a Boolean value.</doc>
<arguments>
<arg>should not be empty</arg>
<arg>${title}</arg>
</arguments>
<assign>
<var>${titleStatus1}</var>
</assign>
<kw name="Should Not Be Empty" library="BuiltIn">
<doc>Verifies that the given item is not empty.</doc>
<arguments>
<arg>${title}</arg>
</arguments>
<msg timestamp="20191023 16:28:42.509" level="INFO">Length is 28</msg>
<status status="PASS" starttime="20191023 16:28:42.509" endtime="20191023 16:28:42.510"></status>
</kw>
<msg timestamp="20191023 16:28:42.510" level="INFO">${titleStatus1} = True</msg>
<status status="PASS" starttime="20191023 16:28:42.509" endtime="20191023 16:28:42.510"></status>
</kw>
<kw name="Run Keyword And Return Status" library="BuiltIn">
<doc>Runs the given keyword with given arguments and returns the status as a Boolean value.</doc>
<arguments>
<arg>should not be equal</arg>
<arg>${title}</arg>
<arg>Index</arg>
</arguments>
<assign>
<var>${titleStatus2}</var>
</assign>
<kw name="Should Not Be Equal" library="BuiltIn">
<doc>Fails if the given objects are equal.</doc>
<arguments>
<arg>${title}</arg>
<arg>Index</arg>
</arguments>
<status status="PASS" starttime="20191023 16:28:42.510" endtime="20191023 16:28:42.510"></status>
</kw>
<msg timestamp="20191023 16:28:42.510" level="INFO">${titleStatus2} = True</msg>
<status status="PASS" starttime="20191023 16:28:42.510" endtime="20191023 16:28:42.511"></status>
</kw>
<kw name="Return From Keyword If" library="BuiltIn">
<doc>Returns from the enclosing user keyword if ``condition`` is true.</doc>
<arguments>
<arg>'${titleStatus1}' == '${False}' or '${titleStatus2}' == '${False}'</arg>
<arg>2</arg>
</arguments>
<status status="PASS" starttime="20191023 16:28:42.511" endtime="20191023 16:28:42.511"></status>
</kw>
<msg timestamp="20191023 16:28:42.511" level="INFO">${errorCheck2} = None</msg>
<status status="PASS" starttime="20191023 16:28:42.501" endtime="20191023 16:28:42.511"></status>
</kw>
<kw name="Return From Keyword If" library="BuiltIn">
<doc>Returns from the enclosing user keyword if ``condition`` is true.</doc>
<arguments>
<arg>'${errorCheck1}' == '1'</arg>
<arg>1</arg>
</arguments>
<status status="PASS" starttime="20191023 16:28:42.511" endtime="20191023 16:28:42.511"></status>
</kw>
<kw name="Return From Keyword If" library="BuiltIn">
<doc>Returns from the enclosing user keyword if ``condition`` is true.</doc>
<arguments>
<arg>'${errorCheck2}' == '2'</arg>
<arg>2</arg>
</arguments>
<status status="PASS" starttime="20191023 16:28:42.512" endtime="20191023 16:28:42.512"></status>
</kw>
<msg timestamp="20191023 16:28:42.512" level="INFO">${result} = None</msg>
<status status="PASS" starttime="20191023 16:28:42.465" endtime="20191023 16:28:42.512"></status>
</kw>
<kw name="Run Keyword If" library="BuiltIn">
<doc>Runs the given keyword with the given arguments, if ``condition`` is true.</doc>
<arguments>
<arg>${result} == 1</arg>
<arg>Add Failed Url To The fatal Error List</arg>
<arg>${url}:01</arg>
<arg>ELSE IF</arg>
<arg>${result} == 2</arg>
<arg>Add Failed Url To The fatal Error List</arg>
<arg>${url}:02</arg>
</arguments>
<status status="PASS" starttime="20191023 16:28:42.512" endtime="20191023 16:28:42.512"></status>
</kw>
<status status="PASS" starttime="20191023 16:28:40.620" endtime="20191023 16:28:42.513"></status>
</kw>
<kw name="${url} = ACC/PaymentAdvise/PaymentSection" type="foritem">
<kw name="Open ERP Page" library="Generic">
<arguments>
<arg>${url}</arg>
</arguments>
<kw name="Go To Erp Page" library="SeleniumLibrary">
<tags>
<tag>plugin</tag>
</tags>
<doc>Variant of builtin Go To keyword for ERP. Navigates the active browser instance to the provided ``url`` and validate ERP session
if session is expired it will attempt the login with given user type. User type can be
given from the command line arguments. default is ADMIN</doc>
<arguments>
<arg>${BASE_URL.${ENVIRONMENT}}/${pageUrl}</arg>
</arguments>
<status status="PASS" starttime="20191023 16:28:42.513" endtime="20191023 16:28:43.589"></status>
</kw>
<status status="PASS" starttime="20191023 16:28:42.513" endtime="20191023 16:28:43.589"></status>
</kw>
<kw name="Check page error" library="Generic">
<assign>
<var>${result}</var>
</assign>
<kw name="Check Error Occurred" library="Generic">
<assign>
<var>${errorCheck1}</var>
</assign>
<kw name="Run Keyword And Return Status" library="BuiltIn">
<doc>Runs the given keyword with given arguments and returns the status as a Boolean value.</doc>
<arguments>
<arg>page should not contain</arg>
<arg>Sorry! An error</arg>
</arguments>
<assign>
<var>${errorStatus}</var>
</assign>
<kw name="Page Should Not Contain" library="SeleniumLibrary">
<doc>Verifies the current page does not contain ``text``.</doc>
<arguments>
<arg>Sorry! An error</arg>
</arguments>
<msg timestamp="20191023 16:28:43.611" level="INFO">Current page does not contain text 'Sorry! An error'.</msg>
<status status="PASS" starttime="20191023 16:28:43.590" endtime="20191023 16:28:43.611"></status>
</kw>
<msg timestamp="20191023 16:28:43.611" level="INFO">${errorStatus} = True</msg>
<status status="PASS" starttime="20191023 16:28:43.590" endtime="20191023 16:28:43.611"></status>
</kw>
<kw name="Return From Keyword If" library="BuiltIn">
<doc>Returns from the enclosing user keyword if ``condition`` is true.</doc>
<arguments>
<arg>'${errorStatus}' == '${False}'</arg>
<arg>1</arg>
</arguments>
<status status="PASS" starttime="20191023 16:28:43.612" endtime="20191023 16:28:43.612"></status>
</kw>
<msg timestamp="20191023 16:28:43.612" level="INFO">${errorCheck1} = None</msg>
<status status="PASS" starttime="20191023 16:28:43.590" endtime="20191023 16:28:43.612"></status>
</kw>
<kw name="Check Title Tag" library="Generic">
<assign>
<var>${errorCheck2}</var>
</assign>
<kw name="Get Title" library="SeleniumLibrary">
<doc>Returns the title of the current page.</doc>
<assign>
<var>${title}</var>
</assign>
<msg timestamp="20191023 16:28:43.618" level="INFO">${title} = Payment Advise(Payment Section)</msg>
<status status="PASS" starttime="20191023 16:28:43.613" endtime="20191023 16:28:43.618"></status>
</kw>
<kw name="Run Keyword And Return Status" library="BuiltIn">
<doc>Runs the given keyword with given arguments and returns the status as a Boolean value.</doc>
<arguments>
<arg>should not be empty</arg>
<arg>${title}</arg>
</arguments>
<assign>
<var>${titleStatus1}</var>
</assign>
<kw name="Should Not Be Empty" library="BuiltIn">
<doc>Verifies that the given item is not empty.</doc>
<arguments>
<arg>${title}</arg>
</arguments>
<msg timestamp="20191023 16:28:43.619" level="INFO">Length is 31</msg>
<status status="PASS" starttime="20191023 16:28:43.619" endtime="20191023 16:28:43.619"></status>
</kw>
<msg timestamp="20191023 16:28:43.619" level="INFO">${titleStatus1} = True</msg>
<status status="PASS" starttime="20191023 16:28:43.618" endtime="20191023 16:28:43.619"></status>
</kw>
<kw name="Run Keyword And Return Status" library="BuiltIn">
<doc>Runs the given keyword with given arguments and returns the status as a Boolean value.</doc>
<arguments>
<arg>should not be equal</arg>
<arg>${title}</arg>
<arg>Index</arg>
</arguments>
<assign>
<var>${titleStatus2}</var>
</assign>
<kw name="Should Not Be Equal" library="BuiltIn">
<doc>Fails if the given objects are equal.</doc>
<arguments>
<arg>${title}</arg>
<arg>Index</arg>
</arguments>
<status status="PASS" starttime="20191023 16:28:43.619" endtime="20191023 16:28:43.620"></status>
</kw>
<msg timestamp="20191023 16:28:43.620" level="INFO">${titleStatus2} = True</msg>
<status status="PASS" starttime="20191023 16:28:43.619" endtime="20191023 16:28:43.620"></status>
</kw>
<kw name="Return From Keyword If" library="BuiltIn">
<doc>Returns from the enclosing user keyword if ``condition`` is true.</doc>
<arguments>
<arg>'${titleStatus1}' == '${False}' or '${titleStatus2}' == '${False}'</arg>
<arg>2</arg>
</arguments>
<status status="PASS" starttime="20191023 16:28:43.620" endtime="20191023 16:28:43.620"></status>
</kw>
<msg timestamp="20191023 16:28:43.620" level="INFO">${errorCheck2} = None</msg>
<status status="PASS" starttime="20191023 16:28:43.612" endtime="20191023 16:28:43.620"></status>
</kw>
<kw name="Return From Keyword If" library="BuiltIn">
<doc>Returns from the enclosing user keyword if ``condition`` is true.</doc>
<arguments>
<arg>'${errorCheck1}' == '1'</arg>
<arg>1</arg>
</arguments>
<status status="PASS" starttime="20191023 16:28:43.621" endtime="20191023 16:28:43.621"></status>
</kw>
<kw name="Return From Keyword If" library="BuiltIn">
<doc>Returns from the enclosing user keyword if ``condition`` is true.</doc>
<arguments>
<arg>'${errorCheck2}' == '2'</arg>
<arg>2</arg>
</arguments>
<status status="PASS" starttime="20191023 16:28:43.621" endtime="20191023 16:28:43.621"></status>
</kw>
<msg timestamp="20191023 16:28:43.621" level="INFO">${result} = None</msg>
<status status="PASS" starttime="20191023 16:28:43.589" endtime="20191023 16:28:43.621"></status>
</kw>
<kw name="Run Keyword If" library="BuiltIn">
<doc>Runs the given keyword with the given arguments, if ``condition`` is true.</doc>
<arguments>
<arg>${result} == 1</arg>
<arg>Add Failed Url To The fatal Error List</arg>
<arg>${url}:01</arg>
<arg>ELSE IF</arg>
<arg>${result} == 2</arg>
<arg>Add Failed Url To The fatal Error List</arg>
<arg>${url}:02</arg>
</arguments>
<status status="PASS" starttime="20191023 16:28:43.621" endtime="20191023 16:28:43.622"></status>
</kw>
<status status="PASS" starttime="20191023 16:28:42.513" endtime="20191023 16:28:43.622"></status>
</kw>
<kw name="${url} = ACC/MISFilter/AnnexureFilter" type="foritem">
<kw name="Open ERP Page" library="Generic">
<arguments>
<arg>${url}</arg>
</arguments>
<kw name="Go To Erp Page" library="SeleniumLibrary">
<tags>
<tag>plugin</tag>
</tags>
<doc>Variant of builtin Go To keyword for ERP. Navigates the active browser instance to the provided ``url`` and validate ERP session
if session is expired it will attempt the login with given user type. User type can be
given from the command line arguments. default is ADMIN</doc>
<arguments>
<arg>${BASE_URL.${ENVIRONMENT}}/${pageUrl}</arg>
</arguments>
<status status="PASS" starttime="20191023 16:28:43.622" endtime="20191023 16:28:44.691"></status>
</kw>
<status status="PASS" starttime="20191023 16:28:43.622" endtime="20191023 16:28:44.691"></status>
</kw>
<kw name="Check page error" library="Generic">
<assign>
<var>${result}</var>
</assign>
<kw name="Check Error Occurred" library="Generic">
<assign>
<var>${errorCheck1}</var>
</assign>
<kw name="Run Keyword And Return Status" library="BuiltIn">
<doc>Runs the given keyword with given arguments and returns the status as a Boolean value.</doc>
<arguments>
<arg>page should not contain</arg>
<arg>Sorry! An error</arg>
</arguments>
<assign>
<var>${errorStatus}</var>
</assign>
<kw name="Page Should Not Contain" library="SeleniumLibrary">
<doc>Verifies the current page does not contain ``text``.</doc>
<arguments>
<arg>Sorry! An error</arg>
</arguments>
<msg timestamp="20191023 16:28:44.719" level="INFO">Current page does not contain text 'Sorry! An error'.</msg>
<status status="PASS" starttime="20191023 16:28:44.692" endtime="20191023 16:28:44.719"></status>
</kw>
<msg timestamp="20191023 16:28:44.719" level="INFO">${errorStatus} = True</msg>
<status status="PASS" starttime="20191023 16:28:44.692" endtime="20191023 16:28:44.719"></status>
</kw>
<kw name="Return From Keyword If" library="BuiltIn">
<doc>Returns from the enclosing user keyword if ``condition`` is true.</doc>
<arguments>
<arg>'${errorStatus}' == '${False}'</arg>
<arg>1</arg>
</arguments>
<status status="PASS" starttime="20191023 16:28:44.720" endtime="20191023 16:28:44.720"></status>
</kw>
<msg timestamp="20191023 16:28:44.720" level="INFO">${errorCheck1} = None</msg>
<status status="PASS" starttime="20191023 16:28:44.692" endtime="20191023 16:28:44.720"></status>
</kw>
<kw name="Check Title Tag" library="Generic">
<assign>
<var>${errorCheck2}</var>
</assign>
<kw name="Get Title" library="SeleniumLibrary">
<doc>Returns the title of the current page.</doc>
<assign>
<var>${title}</var>
</assign>
<msg timestamp="20191023 16:28:44.728" level="INFO">${title} = Annexture</msg>
<status status="PASS" starttime="20191023 16:28:44.721" endtime="20191023 16:28:44.728"></status>
</kw>
<kw name="Run Keyword And Return Status" library="BuiltIn">
<doc>Runs the given keyword with given arguments and returns the status as a Boolean value.</doc>
<arguments>
<arg>should not be empty</arg>
<arg>${title}</arg>
</arguments>
<assign>
<var>${titleStatus1}</var>
</assign>
<kw name="Should Not Be Empty" library="BuiltIn">
<doc>Verifies that the given item is not empty.</doc>
<arguments>
<arg>${title}</arg>
</arguments>
<msg timestamp="20191023 16:28:44.729" level="INFO">Length is 9</msg>
<status status="PASS" starttime="20191023 16:28:44.729" endtime="20191023 16:28:44.729"></status>
</kw>
<msg timestamp="20191023 16:28:44.729" level="INFO">${titleStatus1} = True</msg>
<status status="PASS" starttime="20191023 16:28:44.729" endtime="20191023 16:28:44.729"></status>
</kw>
<kw name="Run Keyword And Return Status" library="BuiltIn">
<doc>Runs the given keyword with given arguments and returns the status as a Boolean value.</doc>
<arguments>
<arg>should not be equal</arg>
<arg>${title}</arg>
<arg>Index</arg>
</arguments>
<assign>
<var>${titleStatus2}</var>
</assign>
<kw name="Should Not Be Equal" library="BuiltIn">
<doc>Fails if the given objects are equal.</doc>
<arguments>
<arg>${title}</arg>
<arg>Index</arg>
</arguments>
<status status="PASS" starttime="20191023 16:28:44.730" endtime="20191023 16:28:44.730"></status>
</kw>
<msg timestamp="20191023 16:28:44.730" level="INFO">${titleStatus2} = True</msg>
<status status="PASS" starttime="20191023 16:28:44.729" endtime="20191023 16:28:44.730"></status>
</kw>
<kw name="Return From Keyword If" library="BuiltIn">
<doc>Returns from the enclosing user keyword if ``condition`` is true.</doc>
<arguments>
<arg>'${titleStatus1}' == '${False}' or '${titleStatus2}' == '${False}'</arg>
<arg>2</arg>
</arguments>
<status status="PASS" starttime="20191023 16:28:44.730" endtime="20191023 16:28:44.730"></status>
</kw>
<msg timestamp="20191023 16:28:44.731" level="INFO">${errorCheck2} = None</msg>
<status status="PASS" starttime="20191023 16:28:44.721" endtime="20191023 16:28:44.731"></status>
</kw>
<kw name="Return From Keyword If" library="BuiltIn">
<doc>Returns from the enclosing user keyword if ``condition`` is true.</doc>
<arguments>
<arg>'${errorCheck1}' == '1'</arg>
<arg>1</arg>
</arguments>
<status status="PASS" starttime="20191023 16:28:44.731" endtime="20191023 16:28:44.731"></status>
</kw>
<kw name="Return From Keyword If" library="BuiltIn">
<doc>Returns from the enclosing user keyword if ``condition`` is true.</doc>
<arguments>
<arg>'${errorCheck2}' == '2'</arg>
<arg>2</arg>
</arguments>
<status status="PASS" starttime="20191023 16:28:44.731" endtime="20191023 16:28:44.731"></status>
</kw>
<msg timestamp="20191023 16:28:44.731" level="INFO">${result} = None</msg>
<status status="PASS" starttime="20191023 16:28:44.691" endtime="20191023 16:28:44.731"></status>
</kw>
<kw name="Run Keyword If" library="BuiltIn">
<doc>Runs the given keyword with the given arguments, if ``condition`` is true.</doc>
<arguments>
<arg>${result} == 1</arg>
<arg>Add Failed Url To The fatal Error List</arg>
<arg>${url}:01</arg>
<arg>ELSE IF</arg>
<arg>${result} == 2</arg>
<arg>Add Failed Url To The fatal Error List</arg>
<arg>${url}:02</arg>
</arguments>
<status status="PASS" starttime="20191023 16:28:44.732" endtime="20191023 16:28:44.732"></status>
</kw>
<status status="PASS" starttime="20191023 16:28:43.622" endtime="20191023 16:28:44.732"></status>
</kw>
<kw name="${url} = ACC/AnnexuerNote" type="foritem">
<kw name="Open ERP Page" library="Generic">
<arguments>
<arg>${url}</arg>
</arguments>
<kw name="Go To Erp Page" library="SeleniumLibrary">
<tags>
<tag>plugin</tag>
</tags>
<doc>Variant of builtin Go To keyword for ERP. Navigates the active browser instance to the provided ``url`` and validate ERP session
if session is expired it will attempt the login with given user type. User type can be
given from the command line arguments. default is ADMIN</doc>
<arguments>
<arg>${BASE_URL.${ENVIRONMENT}}/${pageUrl}</arg>
</arguments>
<status status="PASS" starttime="20191023 16:28:44.732" endtime="20191023 16:28:45.838"></status>
</kw>
<status status="PASS" starttime="20191023 16:28:44.732" endtime="20191023 16:28:45.838"></status>
</kw>
<kw name="Check page error" library="Generic">
<assign>
<var>${result}</var>
</assign>
<kw name="Check Error Occurred" library="Generic">
<assign>
<var>${errorCheck1}</var>
</assign>
<kw name="Run Keyword And Return Status" library="BuiltIn">
<doc>Runs the given keyword with given arguments and returns the status as a Boolean value.</doc>
<arguments>
<arg>page should not contain</arg>
<arg>Sorry! An error</arg>
</arguments>
<assign>
<var>${errorStatus}</var>
</assign>
<kw name="Page Should Not Contain" library="SeleniumLibrary">
<doc>Verifies the current page does not contain ``text``.</doc>
<arguments>
<arg>Sorry! An error</arg>
</arguments>
<msg timestamp="20191023 16:28:45.865" level="INFO">Current page does not contain text 'Sorry! An error'.</msg>
<status status="PASS" starttime="20191023 16:28:45.840" endtime="20191023 16:28:45.865"></status>
</kw>
<msg timestamp="20191023 16:28:45.866" level="INFO">${errorStatus} = True</msg>
<status status="PASS" starttime="20191023 16:28:45.839" endtime="20191023 16:28:45.866"></status>
</kw>
<kw name="Return From Keyword If" library="BuiltIn">
<doc>Returns from the enclosing user keyword if ``condition`` is true.</doc>
<arguments>
<arg>'${errorStatus}' == '${False}'</arg>
<arg>1</arg>
</arguments>
<status status="PASS" starttime="20191023 16:28:45.866" endtime="20191023 16:28:45.866"></status>
</kw>
<msg timestamp="20191023 16:28:45.866" level="INFO">${errorCheck1} = None</msg>
<status status="PASS" starttime="20191023 16:28:45.839" endtime="20191023 16:28:45.866"></status>
</kw>
<kw name="Check Title Tag" library="Generic">
<assign>
<var>${errorCheck2}</var>
</assign>
<kw name="Get Title" library="SeleniumLibrary">
<doc>Returns the title of the current page.</doc>
<assign>
<var>${title}</var>
</assign>
<msg timestamp="20191023 16:28:45.872" level="INFO">${title} = Annexure Note</msg>
<status status="PASS" starttime="20191023 16:28:45.867" endtime="20191023 16:28:45.872"></status>
</kw>
<kw name="Run Keyword And Return Status" library="BuiltIn">
<doc>Runs the given keyword with given arguments and returns the status as a Boolean value.</doc>
<arguments>
<arg>should not be empty</arg>
<arg>${title}</arg>
</arguments>
<assign>
<var>${titleStatus1}</var>
</assign>
<kw name="Should Not Be Empty" library="BuiltIn">
<doc>Verifies that the given item is not empty.</doc>
<arguments>
<arg>${title}</arg>
</arguments>
<msg timestamp="20191023 16:28:45.873" level="INFO">Length is 13</msg>
<status status="PASS" starttime="20191023 16:28:45.873" endtime="20191023 16:28:45.873"></status>
</kw>
<msg timestamp="20191023 16:28:45.873" level="INFO">${titleStatus1} = True</msg>
<status status="PASS" starttime="20191023 16:28:45.873" endtime="20191023 16:28:45.873"></status>
</kw>
<kw name="Run Keyword And Return Status" library="BuiltIn">
<doc>Runs the given keyword with given arguments and returns the status as a Boolean value.</doc>
<arguments>
<arg>should not be equal</arg>
<arg>${title}</arg>
<arg>Index</arg>
</arguments>
<assign>
<var>${titleStatus2}</var>
</assign>
<kw name="Should Not Be Equal" library="BuiltIn">
<doc>Fails if the given objects are equal.</doc>
<arguments>
<arg>${title}</arg>
<arg>Index</arg>
</arguments>
<status status="PASS" starttime="20191023 16:28:45.874" endtime="20191023 16:28:45.874"></status>
</kw>
<msg timestamp="20191023 16:28:45.874" level="INFO">${titleStatus2} = True</msg>
<status status="PASS" starttime="20191023 16:28:45.873" endtime="20191023 16:28:45.874"></status>
</kw>
<kw name="Return From Keyword If" library="BuiltIn">
<doc>Returns from the enclosing user keyword if ``condition`` is true.</doc>
<arguments>
<arg>'${titleStatus1}' == '${False}' or '${titleStatus2}' == '${False}'</arg>
<arg>2</arg>
</arguments>
<status status="PASS" starttime="20191023 16:28:45.874" endtime="20191023 16:28:45.875"></status>
</kw>
<msg timestamp="20191023 16:28:45.875" level="INFO">${errorCheck2} = None</msg>
<status status="PASS" starttime="20191023 16:28:45.867" endtime="20191023 16:28:45.875"></status>
</kw>
<kw name="Return From Keyword If" library="BuiltIn">
<doc>Returns from the enclosing user keyword if ``condition`` is true.</doc>
<arguments>
<arg>'${errorCheck1}' == '1'</arg>
<arg>1</arg>
</arguments>
<status status="PASS" starttime="20191023 16:28:45.875" endtime="20191023 16:28:45.875"></status>
</kw>
<kw name="Return From Keyword If" library="BuiltIn">
<doc>Returns from the enclosing user keyword if ``condition`` is true.</doc>
<arguments>
<arg>'${errorCheck2}' == '2'</arg>
<arg>2</arg>
</arguments>
<status status="PASS" starttime="20191023 16:28:45.875" endtime="20191023 16:28:45.876"></status>
</kw>
<msg timestamp="20191023 16:28:45.876" level="INFO">${result} = None</msg>
<status status="PASS" starttime="20191023 16:28:45.839" endtime="20191023 16:28:45.876"></status>
</kw>
<kw name="Run Keyword If" library="BuiltIn">
<doc>Runs the given keyword with the given arguments, if ``condition`` is true.</doc>
<arguments>
<arg>${result} == 1</arg>
<arg>Add Failed Url To The fatal Error List</arg>
<arg>${url}:01</arg>
<arg>ELSE IF</arg>
<arg>${result} == 2</arg>
<arg>Add Failed Url To The fatal Error List</arg>
<arg>${url}:02</arg>
</arguments>
<status status="PASS" starttime="20191023 16:28:45.876" endtime="20191023 16:28:45.876"></status>
</kw>
<status status="PASS" starttime="20191023 16:28:44.732" endtime="20191023 16:28:45.876"></status>
</kw>
<kw name="${url} = Acc/AnnexuerNoteDetail" type="foritem">
<kw name="Open ERP Page" library="Generic">
<arguments>
<arg>${url}</arg>
</arguments>
<kw name="Go To Erp Page" library="SeleniumLibrary">
<tags>
<tag>plugin</tag>
</tags>
<doc>Variant of builtin Go To keyword for ERP. Navigates the active browser instance to the provided ``url`` and validate ERP session
if session is expired it will attempt the login with given user type. User type can be
given from the command line arguments. default is ADMIN</doc>
<arguments>
<arg>${BASE_URL.${ENVIRONMENT}}/${pageUrl}</arg>
</arguments>
<status status="PASS" starttime="20191023 16:28:45.877" endtime="20191023 16:28:47.614"></status>
</kw>
<status status="PASS" starttime="20191023 16:28:45.876" endtime="20191023 16:28:47.614"></status>
</kw>
<kw name="Check page error" library="Generic">
<assign>
<var>${result}</var>
</assign>
<kw name="Check Error Occurred" library="Generic">
<assign>
<var>${errorCheck1}</var>
</assign>
<kw name="Run Keyword And Return Status" library="BuiltIn">
<doc>Runs the given keyword with given arguments and returns the status as a Boolean value.</doc>
<arguments>
<arg>page should not contain</arg>
<arg>Sorry! An error</arg>
</arguments>
<assign>
<var>${errorStatus}</var>
</assign>
<kw name="Page Should Not Contain" library="SeleniumLibrary">
<doc>Verifies the current page does not contain ``text``.</doc>
<arguments>
<arg>Sorry! An error</arg>
</arguments>
<msg timestamp="20191023 16:28:47.636" level="INFO">Current page does not contain text 'Sorry! An error'.</msg>
<status status="PASS" starttime="20191023 16:28:47.615" endtime="20191023 16:28:47.636"></status>
</kw>
<msg timestamp="20191023 16:28:47.636" level="INFO">${errorStatus} = True</msg>
<status status="PASS" starttime="20191023 16:28:47.615" endtime="20191023 16:28:47.636"></status>
</kw>
<kw name="Return From Keyword If" library="BuiltIn">
<doc>Returns from the enclosing user keyword if ``condition`` is true.</doc>
<arguments>
<arg>'${errorStatus}' == '${False}'</arg>
<arg>1</arg>
</arguments>
<status status="PASS" starttime="20191023 16:28:47.636" endtime="20191023 16:28:47.637"></status>
</kw>
<msg timestamp="20191023 16:28:47.637" level="INFO">${errorCheck1} = None</msg>
<status status="PASS" starttime="20191023 16:28:47.614" endtime="20191023 16:28:47.637"></status>
</kw>
<kw name="Check Title Tag" library="Generic">
<assign>
<var>${errorCheck2}</var>
</assign>
<kw name="Get Title" library="SeleniumLibrary">
<doc>Returns the title of the current page.</doc>
<assign>
<var>${title}</var>
</assign>
<msg timestamp="20191023 16:28:47.642" level="INFO">${title} = Annexure Note Detail</msg>
<status status="PASS" starttime="20191023 16:28:47.637" endtime="20191023 16:28:47.642"></status>
</kw>
<kw name="Run Keyword And Return Status" library="BuiltIn">
<doc>Runs the given keyword with given arguments and returns the status as a Boolean value.</doc>
<arguments>
<arg>should not be empty</arg>
<arg>${title}</arg>
</arguments>
<assign>
<var>${titleStatus1}</var>
</assign>
<kw name="Should Not Be Empty" library="BuiltIn">
<doc>Verifies that the given item is not empty.</doc>
<arguments>
<arg>${title}</arg>
</arguments>
<msg timestamp="20191023 16:28:47.644" level="INFO">Length is 20</msg>
<status status="PASS" starttime="20191023 16:28:47.643" endtime="20191023 16:28:47.644"></status>
</kw>
<msg timestamp="20191023 16:28:47.644" level="INFO">${titleStatus1} = True</msg>
<status status="PASS" starttime="20191023 16:28:47.643" endtime="20191023 16:28:47.644"></status>
</kw>
<kw name="Run Keyword And Return Status" library="BuiltIn">
<doc>Runs the given keyword with given arguments and returns the status as a Boolean value.</doc>
<arguments>
<arg>should not be equal</arg>
<arg>${title}</arg>
<arg>Index</arg>
</arguments>
<assign>
<var>${titleStatus2}</var>
</assign>
<kw name="Should Not Be Equal" library="BuiltIn">
<doc>Fails if the given objects are equal.</doc>
<arguments>
<arg>${title}</arg>
<arg>Index</arg>
</arguments>
<status status="PASS" starttime="20191023 16:28:47.644" endtime="20191023 16:28:47.644"></status>
</kw>
<msg timestamp="20191023 16:28:47.644" level="INFO">${titleStatus2} = True</msg>
<status status="PASS" starttime="20191023 16:28:47.644" endtime="20191023 16:28:47.644"></status>
</kw>
<kw name="Return From Keyword If" library="BuiltIn">
<doc>Returns from the enclosing user keyword if ``condition`` is true.</doc>
<arguments>
<arg>'${titleStatus1}' == '${False}' or '${titleStatus2}' == '${False}'</arg>
<arg>2</arg>
</arguments>
<status status="PASS" starttime="20191023 16:28:47.645" endtime="20191023 16:28:47.645"></status>
</kw>
<msg timestamp="20191023 16:28:47.645" level="INFO">${errorCheck2} = None</msg>
<status status="PASS" starttime="20191023 16:28:47.637" endtime="20191023 16:28:47.645"></status>
</kw>
<kw name="Return From Keyword If" library="BuiltIn">
<doc>Returns from the enclosing user keyword if ``condition`` is true.</doc>
<arguments>
<arg>'${errorCheck1}' == '1'</arg>
<arg>1</arg>
</arguments>
<status status="PASS" starttime="20191023 16:28:47.645" endtime="20191023 16:28:47.645"></status>
</kw>
<kw name="Return From Keyword If" library="BuiltIn">
<doc>Returns from the enclosing user keyword if ``condition`` is true.</doc>
<arguments>
<arg>'${errorCheck2}' == '2'</arg>
<arg>2</arg>
</arguments>
<status status="PASS" starttime="20191023 16:28:47.646" endtime="20191023 16:28:47.646"></status>
</kw>
<msg timestamp="20191023 16:28:47.646" level="INFO">${result} = None</msg>
<status status="PASS" starttime="20191023 16:28:47.614" endtime="20191023 16:28:47.646"></status>
</kw>
<kw name="Run Keyword If" library="BuiltIn">
<doc>Runs the given keyword with the given arguments, if ``condition`` is true.</doc>
<arguments>
<arg>${result} == 1</arg>
<arg>Add Failed Url To The fatal Error List</arg>
<arg>${url}:01</arg>
<arg>ELSE IF</arg>
<arg>${result} == 2</arg>
<arg>Add Failed Url To The fatal Error List</arg>
<arg>${url}:02</arg>
</arguments>
<status status="PASS" starttime="20191023 16:28:47.646" endtime="20191023 16:28:47.647"></status>
</kw>
<status status="PASS" starttime="20191023 16:28:45.876" endtime="20191023 16:28:47.647"></status>
</kw>
<kw name="${url} = ACC/AccArrange" type="foritem">
<kw name="Open ERP Page" library="Generic">
<arguments>
<arg>${url}</arg>
</arguments>
<kw name="Go To Erp Page" library="SeleniumLibrary">
<tags>
<tag>plugin</tag>
</tags>
<doc>Variant of builtin Go To keyword for ERP. Navigates the active browser instance to the provided ``url`` and validate ERP session
if session is expired it will attempt the login with given user type. User type can be
given from the command line arguments. default is ADMIN</doc>
<arguments>
<arg>${BASE_URL.${ENVIRONMENT}}/${pageUrl}</arg>
</arguments>
<status status="PASS" starttime="20191023 16:28:47.647" endtime="20191023 16:28:48.682"></status>
</kw>
<status status="PASS" starttime="20191023 16:28:47.647" endtime="20191023 16:28:48.683"></status>
</kw>
<kw name="Check page error" library="Generic">
<assign>
<var>${result}</var>
</assign>
<kw name="Check Error Occurred" library="Generic">
<assign>
<var>${errorCheck1}</var>
</assign>
<kw name="Run Keyword And Return Status" library="BuiltIn">
<doc>Runs the given keyword with given arguments and returns the status as a Boolean value.</doc>
<arguments>
<arg>page should not contain</arg>
<arg>Sorry! An error</arg>
</arguments>
<assign>
<var>${errorStatus}</var>
</assign>
<kw name="Page Should Not Contain" library="SeleniumLibrary">
<doc>Verifies the current page does not contain ``text``.</doc>
<arguments>
<arg>Sorry! An error</arg>
</arguments>
<msg timestamp="20191023 16:28:48.706" level="INFO">Current page does not contain text 'Sorry! An error'.</msg>
<status status="PASS" starttime="20191023 16:28:48.684" endtime="20191023 16:28:48.706"></status>
</kw>
<msg timestamp="20191023 16:28:48.707" level="INFO">${errorStatus} = True</msg>
<status status="PASS" starttime="20191023 16:28:48.683" endtime="20191023 16:28:48.707"></status>
</kw>
<kw name="Return From Keyword If" library="BuiltIn">
<doc>Returns from the enclosing user keyword if ``condition`` is true.</doc>
<arguments>
<arg>'${errorStatus}' == '${False}'</arg>
<arg>1</arg>
</arguments>
<status status="PASS" starttime="20191023 16:28:48.707" endtime="20191023 16:28:48.707"></status>
</kw>
<msg timestamp="20191023 16:28:48.707" level="INFO">${errorCheck1} = None</msg>
<status status="PASS" starttime="20191023 16:28:48.683" endtime="20191023 16:28:48.707"></status>
</kw>
<kw name="Check Title Tag" library="Generic">
<assign>
<var>${errorCheck2}</var>
</assign>
<kw name="Get Title" library="SeleniumLibrary">
<doc>Returns the title of the current page.</doc>
<assign>
<var>${title}</var>
</assign>
<msg timestamp="20191023 16:28:48.713" level="INFO">${title} = Arranger</msg>
<status status="PASS" starttime="20191023 16:28:48.708" endtime="20191023 16:28:48.713"></status>
</kw>
<kw name="Run Keyword And Return Status" library="BuiltIn">
<doc>Runs the given keyword with given arguments and returns the status as a Boolean value.</doc>
<arguments>
<arg>should not be empty</arg>
<arg>${title}</arg>
</arguments>
<assign>
<var>${titleStatus1}</var>
</assign>
<kw name="Should Not Be Empty" library="BuiltIn">
<doc>Verifies that the given item is not empty.</doc>
<arguments>
<arg>${title}</arg>
</arguments>
<msg timestamp="20191023 16:28:48.714" level="INFO">Length is 8</msg>
<status status="PASS" starttime="20191023 16:28:48.714" endtime="20191023 16:28:48.714"></status>
</kw>
<msg timestamp="20191023 16:28:48.714" level="INFO">${titleStatus1} = True</msg>
<status status="PASS" starttime="20191023 16:28:48.713" endtime="20191023 16:28:48.714"></status>
</kw>
<kw name="Run Keyword And Return Status" library="BuiltIn">
<doc>Runs the given keyword with given arguments and returns the status as a Boolean value.</doc>
<arguments>
<arg>should not be equal</arg>
<arg>${title}</arg>
<arg>Index</arg>
</arguments>
<assign>
<var>${titleStatus2}</var>
</assign>
<kw name="Should Not Be Equal" library="BuiltIn">
<doc>Fails if the given objects are equal.</doc>
<arguments>
<arg>${title}</arg>
<arg>Index</arg>
</arguments>
<status status="PASS" starttime="20191023 16:28:48.715" endtime="20191023 16:28:48.715"></status>
</kw>
<msg timestamp="20191023 16:28:48.715" level="INFO">${titleStatus2} = True</msg>
<status status="PASS" starttime="20191023 16:28:48.714" endtime="20191023 16:28:48.715"></status>
</kw>
<kw name="Return From Keyword If" library="BuiltIn">
<doc>Returns from the enclosing user keyword if ``condition`` is true.</doc>
<arguments>
<arg>'${titleStatus1}' == '${False}' or '${titleStatus2}' == '${False}'</arg>
<arg>2</arg>
</arguments>
<status status="PASS" starttime="20191023 16:28:48.715" endtime="20191023 16:28:48.715"></status>
</kw>
<msg timestamp="20191023 16:28:48.715" level="INFO">${errorCheck2} = None</msg>
<status status="PASS" starttime="20191023 16:28:48.707" endtime="20191023 16:28:48.716"></status>
</kw>
<kw name="Return From Keyword If" library="BuiltIn">
<doc>Returns from the enclosing user keyword if ``condition`` is true.</doc>
<arguments>
<arg>'${errorCheck1}' == '1'</arg>
<arg>1</arg>
</arguments>
<status status="PASS" starttime="20191023 16:28:48.716" endtime="20191023 16:28:48.716"></status>
</kw>
<kw name="Return From Keyword If" library="BuiltIn">
<doc>Returns from the enclosing user keyword if ``condition`` is true.</doc>
<arguments>
<arg>'${errorCheck2}' == '2'</arg>
<arg>2</arg>
</arguments>
<status status="PASS" starttime="20191023 16:28:48.716" endtime="20191023 16:28:48.716"></status>
</kw>
<msg timestamp="20191023 16:28:48.716" level="INFO">${result} = None</msg>
<status status="PASS" starttime="20191023 16:28:48.683" endtime="20191023 16:28:48.716"></status>
</kw>
<kw name="Run Keyword If" library="BuiltIn">
<doc>Runs the given keyword with the given arguments, if ``condition`` is true.</doc>
<arguments>
<arg>${result} == 1</arg>
<arg>Add Failed Url To The fatal Error List</arg>
<arg>${url}:01</arg>
<arg>ELSE IF</arg>
<arg>${result} == 2</arg>
<arg>Add Failed Url To The fatal Error List</arg>
<arg>${url}:02</arg>
</arguments>
<status status="PASS" starttime="20191023 16:28:48.717" endtime="20191023 16:28:48.717"></status>
</kw>
<status status="PASS" starttime="20191023 16:28:47.647" endtime="20191023 16:28:48.717"></status>
</kw>
<kw name="${url} = ACC/MISFilter/BalanceSheetFilter" type="foritem">
<kw name="Open ERP Page" library="Generic">
<arguments>
<arg>${url}</arg>
</arguments>
<kw name="Go To Erp Page" library="SeleniumLibrary">
<tags>
<tag>plugin</tag>
</tags>
<doc>Variant of builtin Go To keyword for ERP. Navigates the active browser instance to the provided ``url`` and validate ERP session
if session is expired it will attempt the login with given user type. User type can be
given from the command line arguments. default is ADMIN</doc>
<arguments>
<arg>${BASE_URL.${ENVIRONMENT}}/${pageUrl}</arg>
</arguments>
<status status="PASS" starttime="20191023 16:28:48.717" endtime="20191023 16:28:49.769"></status>
</kw>
<status status="PASS" starttime="20191023 16:28:48.717" endtime="20191023 16:28:49.769"></status>
</kw>
<kw name="Check page error" library="Generic">
<assign>
<var>${result}</var>
</assign>
<kw name="Check Error Occurred" library="Generic">
<assign>
<var>${errorCheck1}</var>
</assign>
<kw name="Run Keyword And Return Status" library="BuiltIn">
<doc>Runs the given keyword with given arguments and returns the status as a Boolean value.</doc>
<arguments>
<arg>page should not contain</arg>
<arg>Sorry! An error</arg>
</arguments>
<assign>
<var>${errorStatus}</var>
</assign>
<kw name="Page Should Not Contain" library="SeleniumLibrary">
<doc>Verifies the current page does not contain ``text``.</doc>
<arguments>
<arg>Sorry! An error</arg>
</arguments>
<msg timestamp="20191023 16:28:49.791" level="INFO">Current page does not contain text 'Sorry! An error'.</msg>
<status status="PASS" starttime="20191023 16:28:49.770" endtime="20191023 16:28:49.791"></status>
</kw>
<msg timestamp="20191023 16:28:49.791" level="INFO">${errorStatus} = True</msg>
<status status="PASS" starttime="20191023 16:28:49.770" endtime="20191023 16:28:49.791"></status>
</kw>
<kw name="Return From Keyword If" library="BuiltIn">
<doc>Returns from the enclosing user keyword if ``condition`` is true.</doc>
<arguments>
<arg>'${errorStatus}' == '${False}'</arg>
<arg>1</arg>
</arguments>
<status status="PASS" starttime="20191023 16:28:49.791" endtime="20191023 16:28:49.792"></status>
</kw>
<msg timestamp="20191023 16:28:49.792" level="INFO">${errorCheck1} = None</msg>
<status status="PASS" starttime="20191023 16:28:49.769" endtime="20191023 16:28:49.792"></status>
</kw>
<kw name="Check Title Tag" library="Generic">
<assign>
<var>${errorCheck2}</var>
</assign>
<kw name="Get Title" library="SeleniumLibrary">
<doc>Returns the title of the current page.</doc>
<assign>
<var>${title}</var>
</assign>
<msg timestamp="20191023 16:28:49.797" level="INFO">${title} = Balance Sheet</msg>
<status status="PASS" starttime="20191023 16:28:49.792" endtime="20191023 16:28:49.798"></status>
</kw>
<kw name="Run Keyword And Return Status" library="BuiltIn">
<doc>Runs the given keyword with given arguments and returns the status as a Boolean value.</doc>
<arguments>
<arg>should not be empty</arg>
<arg>${title}</arg>
</arguments>
<assign>
<var>${titleStatus1}</var>
</assign>
<kw name="Should Not Be Empty" library="BuiltIn">
<doc>Verifies that the given item is not empty.</doc>
<arguments>
<arg>${title}</arg>
</arguments>
<msg timestamp="20191023 16:28:49.798" level="INFO">Length is 13</msg>
<status status="PASS" starttime="20191023 16:28:49.798" endtime="20191023 16:28:49.798"></status>
</kw>
<msg timestamp="20191023 16:28:49.798" level="INFO">${titleStatus1} = True</msg>
<status status="PASS" starttime="20191023 16:28:49.798" endtime="20191023 16:28:49.798"></status>
</kw>
<kw name="Run Keyword And Return Status" library="BuiltIn">
<doc>Runs the given keyword with given arguments and returns the status as a Boolean value.</doc>
<arguments>
<arg>should not be equal</arg>
<arg>${title}</arg>
<arg>Index</arg>
</arguments>
<assign>
<var>${titleStatus2}</var>
</assign>
<kw name="Should Not Be Equal" library="BuiltIn">
<doc>Fails if the given objects are equal.</doc>
<arguments>
<arg>${title}</arg>
<arg>Index</arg>
</arguments>
<status status="PASS" starttime="20191023 16:28:49.799" endtime="20191023 16:28:49.799"></status>
</kw>
<msg timestamp="20191023 16:28:49.799" level="INFO">${titleStatus2} = True</msg>
<status status="PASS" starttime="20191023 16:28:49.799" endtime="20191023 16:28:49.799"></status>
</kw>
<kw name="Return From Keyword If" library="BuiltIn">
<doc>Returns from the enclosing user keyword if ``condition`` is true.</doc>
<arguments>
<arg>'${titleStatus1}' == '${False}' or '${titleStatus2}' == '${False}'</arg>
<arg>2</arg>
</arguments>
<status status="PASS" starttime="20191023 16:28:49.799" endtime="20191023 16:28:49.800"></status>
</kw>
<msg timestamp="20191023 16:28:49.800" level="INFO">${errorCheck2} = None</msg>
<status status="PASS" starttime="20191023 16:28:49.792" endtime="20191023 16:28:49.800"></status>
</kw>
<kw name="Return From Keyword If" library="BuiltIn">
<doc>Returns from the enclosing user keyword if ``condition`` is true.</doc>
<arguments>
<arg>'${errorCheck1}' == '1'</arg>
<arg>1</arg>
</arguments>
<status status="PASS" starttime="20191023 16:28:49.800" endtime="20191023 16:28:49.800"></status>
</kw>
<kw name="Return From Keyword If" library="BuiltIn">
<doc>Returns from the enclosing user keyword if ``condition`` is true.</doc>
<arguments>
<arg>'${errorCheck2}' == '2'</arg>
<arg>2</arg>
</arguments>
<status status="PASS" starttime="20191023 16:28:49.801" endtime="20191023 16:28:49.801"></status>
</kw>
<msg timestamp="20191023 16:28:49.801" level="INFO">${result} = None</msg>
<status status="PASS" starttime="20191023 16:28:49.769" endtime="20191023 16:28:49.801"></status>
</kw>
<kw name="Run Keyword If" library="BuiltIn">
<doc>Runs the given keyword with the given arguments, if ``condition`` is true.</doc>
<arguments>
<arg>${result} == 1</arg>
<arg>Add Failed Url To The fatal Error List</arg>
<arg>${url}:01</arg>
<arg>ELSE IF</arg>
<arg>${result} == 2</arg>
<arg>Add Failed Url To The fatal Error List</arg>
<arg>${url}:02</arg>
</arguments>
<status status="PASS" starttime="20191023 16:28:49.801" endtime="20191023 16:28:49.802"></status>
</kw>
<status status="PASS" starttime="20191023 16:28:48.717" endtime="20191023 16:28:49.802"></status>
</kw>
<kw name="${url} = ACC/MISFilter/BalanceSheetFilter_CPF" type="foritem">
<kw name="Open ERP Page" library="Generic">
<arguments>
<arg>${url}</arg>
</arguments>
<kw name="Go To Erp Page" library="SeleniumLibrary">
<tags>
<tag>plugin</tag>
</tags>
<doc>Variant of builtin Go To keyword for ERP. Navigates the active browser instance to the provided ``url`` and validate ERP session
if session is expired it will attempt the login with given user type. User type can be
given from the command line arguments. default is ADMIN</doc>
<arguments>
<arg>${BASE_URL.${ENVIRONMENT}}/${pageUrl}</arg>
</arguments>
<status status="PASS" starttime="20191023 16:28:49.802" endtime="20191023 16:28:50.901"></status>
</kw>
<status status="PASS" starttime="20191023 16:28:49.802" endtime="20191023 16:28:50.901"></status>
</kw>
<kw name="Check page error" library="Generic">
<assign>
<var>${result}</var>
</assign>
<kw name="Check Error Occurred" library="Generic">
<assign>
<var>${errorCheck1}</var>
</assign>
<kw name="Run Keyword And Return Status" library="BuiltIn">
<doc>Runs the given keyword with given arguments and returns the status as a Boolean value.</doc>
<arguments>
<arg>page should not contain</arg>
<arg>Sorry! An error</arg>
</arguments>
<assign>
<var>${errorStatus}</var>
</assign>
<kw name="Page Should Not Contain" library="SeleniumLibrary">
<doc>Verifies the current page does not contain ``text``.</doc>
<arguments>
<arg>Sorry! An error</arg>
</arguments>
<msg timestamp="20191023 16:28:50.924" level="INFO">Current page does not contain text 'Sorry! An error'.</msg>
<status status="PASS" starttime="20191023 16:28:50.902" endtime="20191023 16:28:50.925"></status>
</kw>
<msg timestamp="20191023 16:28:50.925" level="INFO">${errorStatus} = True</msg>
<status status="PASS" starttime="20191023 16:28:50.902" endtime="20191023 16:28:50.925"></status>
</kw>
<kw name="Return From Keyword If" library="BuiltIn">
<doc>Returns from the enclosing user keyword if ``condition`` is true.</doc>
<arguments>
<arg>'${errorStatus}' == '${False}'</arg>
<arg>1</arg>
</arguments>
<status status="PASS" starttime="20191023 16:28:50.925" endtime="20191023 16:28:50.925"></status>
</kw>
<msg timestamp="20191023 16:28:50.926" level="INFO">${errorCheck1} = None</msg>
<status status="PASS" starttime="20191023 16:28:50.902" endtime="20191023 16:28:50.926"></status>
</kw>
<kw name="Check Title Tag" library="Generic">
<assign>
<var>${errorCheck2}</var>
</assign>
<kw name="Get Title" library="SeleniumLibrary">
<doc>Returns the title of the current page.</doc>
<assign>
<var>${title}</var>
</assign>
<msg timestamp="20191023 16:28:50.932" level="INFO">${title} = Balance Sheet CPF</msg>
<status status="PASS" starttime="20191023 16:28:50.926" endtime="20191023 16:28:50.932"></status>
</kw>
<kw name="Run Keyword And Return Status" library="BuiltIn">
<doc>Runs the given keyword with given arguments and returns the status as a Boolean value.</doc>
<arguments>
<arg>should not be empty</arg>
<arg>${title}</arg>
</arguments>
<assign>
<var>${titleStatus1}</var>
</assign>
<kw name="Should Not Be Empty" library="BuiltIn">
<doc>Verifies that the given item is not empty.</doc>
<arguments>
<arg>${title}</arg>
</arguments>
<msg timestamp="20191023 16:28:50.933" level="INFO">Length is 17</msg>
<status status="PASS" starttime="20191023 16:28:50.932" endtime="20191023 16:28:50.933"></status>
</kw>
<msg timestamp="20191023 16:28:50.933" level="INFO">${titleStatus1} = True</msg>
<status status="PASS" starttime="20191023 16:28:50.932" endtime="20191023 16:28:50.933"></status>
</kw>
<kw name="Run Keyword And Return Status" library="BuiltIn">
<doc>Runs the given keyword with given arguments and returns the status as a Boolean value.</doc>
<arguments>
<arg>should not be equal</arg>
<arg>${title}</arg>
<arg>Index</arg>
</arguments>
<assign>
<var>${titleStatus2}</var>
</assign>
<kw name="Should Not Be Equal" library="BuiltIn">
<doc>Fails if the given objects are equal.</doc>
<arguments>
<arg>${title}</arg>
<arg>Index</arg>
</arguments>
<status status="PASS" starttime="20191023 16:28:50.934" endtime="20191023 16:28:50.934"></status>
</kw>
<msg timestamp="20191023 16:28:50.934" level="INFO">${titleStatus2} = True</msg>
<status status="PASS" starttime="20191023 16:28:50.933" endtime="20191023 16:28:50.934"></status>
</kw>
<kw name="Return From Keyword If" library="BuiltIn">
<doc>Returns from the enclosing user keyword if ``condition`` is true.</doc>
<arguments>
<arg>'${titleStatus1}' == '${False}' or '${titleStatus2}' == '${False}'</arg>
<arg>2</arg>
</arguments>
<status status="PASS" starttime="20191023 16:28:50.934" endtime="20191023 16:28:50.934"></status>
</kw>
<msg timestamp="20191023 16:28:50.935" level="INFO">${errorCheck2} = None</msg>
<status status="PASS" starttime="20191023 16:28:50.926" endtime="20191023 16:28:50.935"></status>
</kw>
<kw name="Return From Keyword If" library="BuiltIn">
<doc>Returns from the enclosing user keyword if ``condition`` is true.</doc>
<arguments>
<arg>'${errorCheck1}' == '1'</arg>
<arg>1</arg>
</arguments>
<status status="PASS" starttime="20191023 16:28:50.935" endtime="20191023 16:28:50.935"></status>
</kw>
<kw name="Return From Keyword If" library="BuiltIn">
<doc>Returns from the enclosing user keyword if ``condition`` is true.</doc>
<arguments>
<arg>'${errorCheck2}' == '2'</arg>
<arg>2</arg>
</arguments>
<status status="PASS" starttime="20191023 16:28:50.935" endtime="20191023 16:28:50.935"></status>
</kw>
<msg timestamp="20191023 16:28:50.936" level="INFO">${result} = None</msg>
<status status="PASS" starttime="20191023 16:28:50.901" endtime="20191023 16:28:50.936"></status>
</kw>
<kw name="Run Keyword If" library="BuiltIn">
<doc>Runs the given keyword with the given arguments, if ``condition`` is true.</doc>
<arguments>
<arg>${result} == 1</arg>
<arg>Add Failed Url To The fatal Error List</arg>
<arg>${url}:01</arg>
<arg>ELSE IF</arg>
<arg>${result} == 2</arg>
<arg>Add Failed Url To The fatal Error List</arg>
<arg>${url}:02</arg>
</arguments>
<status status="PASS" starttime="20191023 16:28:50.936" endtime="20191023 16:28:50.936"></status>
</kw>
<status status="PASS" starttime="20191023 16:28:49.802" endtime="20191023 16:28:50.936"></status>
</kw>
<kw name="${url} = ACC/AccBankAccountDetail" type="foritem">
<kw name="Open ERP Page" library="Generic">
<arguments>
<arg>${url}</arg>
</arguments>
<kw name="Go To Erp Page" library="SeleniumLibrary">
<tags>
<tag>plugin</tag>
</tags>
<doc>Variant of builtin Go To keyword for ERP. Navigates the active browser instance to the provided ``url`` and validate ERP session
if session is expired it will attempt the login with given user type. User type can be
given from the command line arguments. default is ADMIN</doc>
<arguments>
<arg>${BASE_URL.${ENVIRONMENT}}/${pageUrl}</arg>
</arguments>
<status status="PASS" starttime="20191023 16:28:50.937" endtime="20191023 16:28:52.036"></status>
</kw>
<status status="PASS" starttime="20191023 16:28:50.936" endtime="20191023 16:28:52.036"></status>
</kw>
<kw name="Check page error" library="Generic">
<assign>
<var>${result}</var>
</assign>
<kw name="Check Error Occurred" library="Generic">
<assign>
<var>${errorCheck1}</var>
</assign>
<kw name="Run Keyword And Return Status" library="BuiltIn">
<doc>Runs the given keyword with given arguments and returns the status as a Boolean value.</doc>
<arguments>
<arg>page should not contain</arg>
<arg>Sorry! An error</arg>
</arguments>
<assign>
<var>${errorStatus}</var>
</assign>
<kw name="Page Should Not Contain" library="SeleniumLibrary">
<doc>Verifies the current page does not contain ``text``.</doc>
<arguments>
<arg>Sorry! An error</arg>
</arguments>
<msg timestamp="20191023 16:28:52.071" level="INFO">Current page does not contain text 'Sorry! An error'.</msg>
<status status="PASS" starttime="20191023 16:28:52.038" endtime="20191023 16:28:52.071"></status>
</kw>
<msg timestamp="20191023 16:28:52.071" level="INFO">${errorStatus} = True</msg>
<status status="PASS" starttime="20191023 16:28:52.038" endtime="20191023 16:28:52.071"></status>
</kw>
<kw name="Return From Keyword If" library="BuiltIn">
<doc>Returns from the enclosing user keyword if ``condition`` is true.</doc>
<arguments>
<arg>'${errorStatus}' == '${False}'</arg>
<arg>1</arg>
</arguments>
<status status="PASS" starttime="20191023 16:28:52.071" endtime="20191023 16:28:52.072"></status>
</kw>
<msg timestamp="20191023 16:28:52.072" level="INFO">${errorCheck1} = None</msg>
<status status="PASS" starttime="20191023 16:28:52.037" endtime="20191023 16:28:52.072"></status>
</kw>
<kw name="Check Title Tag" library="Generic">
<assign>
<var>${errorCheck2}</var>
</assign>
<kw name="Get Title" library="SeleniumLibrary">
<doc>Returns the title of the current page.</doc>
<assign>
<var>${title}</var>
</assign>
<msg timestamp="20191023 16:28:52.080" level="INFO">${title} = Bank Account Detail</msg>
<status status="PASS" starttime="20191023 16:28:52.073" endtime="20191023 16:28:52.080"></status>
</kw>
<kw name="Run Keyword And Return Status" library="BuiltIn">
<doc>Runs the given keyword with given arguments and returns the status as a Boolean value.</doc>
<arguments>
<arg>should not be empty</arg>
<arg>${title}</arg>
</arguments>
<assign>
<var>${titleStatus1}</var>
</assign>
<kw name="Should Not Be Empty" library="BuiltIn">
<doc>Verifies that the given item is not empty.</doc>
<arguments>
<arg>${title}</arg>
</arguments>
<msg timestamp="20191023 16:28:52.081" level="INFO">Length is 19</msg>
<status status="PASS" starttime="20191023 16:28:52.080" endtime="20191023 16:28:52.081"></status>
</kw>
<msg timestamp="20191023 16:28:52.081" level="INFO">${titleStatus1} = True</msg>
<status status="PASS" starttime="20191023 16:28:52.080" endtime="20191023 16:28:52.081"></status>
</kw>
<kw name="Run Keyword And Return Status" library="BuiltIn">
<doc>Runs the given keyword with given arguments and returns the status as a Boolean value.</doc>
<arguments>
<arg>should not be equal</arg>
<arg>${title}</arg>
<arg>Index</arg>
</arguments>
<assign>
<var>${titleStatus2}</var>
</assign>
<kw name="Should Not Be Equal" library="BuiltIn">
<doc>Fails if the given objects are equal.</doc>
<arguments>
<arg>${title}</arg>
<arg>Index</arg>
</arguments>
<status status="PASS" starttime="20191023 16:28:52.082" endtime="20191023 16:28:52.082"></status>
</kw>
<msg timestamp="20191023 16:28:52.082" level="INFO">${titleStatus2} = True</msg>
<status status="PASS" starttime="20191023 16:28:52.081" endtime="20191023 16:28:52.082"></status>
</kw>
<kw name="Return From Keyword If" library="BuiltIn">
<doc>Returns from the enclosing user keyword if ``condition`` is true.</doc>
<arguments>
<arg>'${titleStatus1}' == '${False}' or '${titleStatus2}' == '${False}'</arg>
<arg>2</arg>
</arguments>
<status status="PASS" starttime="20191023 16:28:52.083" endtime="20191023 16:28:52.083"></status>
</kw>
<msg timestamp="20191023 16:28:52.083" level="INFO">${errorCheck2} = None</msg>
<status status="PASS" starttime="20191023 16:28:52.072" endtime="20191023 16:28:52.084"></status>
</kw>
<kw name="Return From Keyword If" library="BuiltIn">
<doc>Returns from the enclosing user keyword if ``condition`` is true.</doc>
<arguments>
<arg>'${errorCheck1}' == '1'</arg>
<arg>1</arg>
</arguments>
<status status="PASS" starttime="20191023 16:28:52.084" endtime="20191023 16:28:52.084"></status>
</kw>
<kw name="Return From Keyword If" library="BuiltIn">
<doc>Returns from the enclosing user keyword if ``condition`` is true.</doc>
<arguments>
<arg>'${errorCheck2}' == '2'</arg>
<arg>2</arg>
</arguments>
<status status="PASS" starttime="20191023 16:28:52.084" endtime="20191023 16:28:52.085"></status>
</kw>
<msg timestamp="20191023 16:28:52.085" level="INFO">${result} = None</msg>
<status status="PASS" starttime="20191023 16:28:52.037" endtime="20191023 16:28:52.085"></status>
</kw>
<kw name="Run Keyword If" library="BuiltIn">
<doc>Runs the given keyword with the given arguments, if ``condition`` is true.</doc>
<arguments>
<arg>${result} == 1</arg>
<arg>Add Failed Url To The fatal Error List</arg>
<arg>${url}:01</arg>
<arg>ELSE IF</arg>
<arg>${result} == 2</arg>
<arg>Add Failed Url To The fatal Error List</arg>
<arg>${url}:02</arg>
</arguments>
<status status="PASS" starttime="20191023 16:28:52.085" endtime="20191023 16:28:52.085"></status>
</kw>
<status status="PASS" starttime="20191023 16:28:50.936" endtime="20191023 16:28:52.085"></status>
</kw>
<kw name="${url} = ACC/BankReconcile/BankReconcileIndex" type="foritem">
<kw name="Open ERP Page" library="Generic">
<arguments>
<arg>${url}</arg>
</arguments>
<kw name="Go To Erp Page" library="SeleniumLibrary">
<tags>
<tag>plugin</tag>
</tags>
<doc>Variant of builtin Go To keyword for ERP. Navigates the active browser instance to the provided ``url`` and validate ERP session
if session is expired it will attempt the login with given user type. User type can be
given from the command line arguments. default is ADMIN</doc>
<arguments>
<arg>${BASE_URL.${ENVIRONMENT}}/${pageUrl}</arg>
</arguments>
<status status="PASS" starttime="20191023 16:28:52.086" endtime="20191023 16:28:53.203"></status>
</kw>
<status status="PASS" starttime="20191023 16:28:52.085" endtime="20191023 16:28:53.204"></status>
</kw>
<kw name="Check page error" library="Generic">
<assign>
<var>${result}</var>
</assign>
<kw name="Check Error Occurred" library="Generic">
<assign>
<var>${errorCheck1}</var>
</assign>
<kw name="Run Keyword And Return Status" library="BuiltIn">
<doc>Runs the given keyword with given arguments and returns the status as a Boolean value.</doc>
<arguments>
<arg>page should not contain</arg>
<arg>Sorry! An error</arg>
</arguments>
<assign>
<var>${errorStatus}</var>
</assign>
<kw name="Page Should Not Contain" library="SeleniumLibrary">
<doc>Verifies the current page does not contain ``text``.</doc>
<arguments>
<arg>Sorry! An error</arg>
</arguments>
<msg timestamp="20191023 16:28:53.226" level="INFO">Current page does not contain text 'Sorry! An error'.</msg>
<status status="PASS" starttime="20191023 16:28:53.205" endtime="20191023 16:28:53.226"></status>
</kw>
<msg timestamp="20191023 16:28:53.226" level="INFO">${errorStatus} = True</msg>
<status status="PASS" starttime="20191023 16:28:53.204" endtime="20191023 16:28:53.226"></status>
</kw>
<kw name="Return From Keyword If" library="BuiltIn">
<doc>Returns from the enclosing user keyword if ``condition`` is true.</doc>
<arguments>
<arg>'${errorStatus}' == '${False}'</arg>
<arg>1</arg>
</arguments>
<status status="PASS" starttime="20191023 16:28:53.226" endtime="20191023 16:28:53.227"></status>
</kw>
<msg timestamp="20191023 16:28:53.227" level="INFO">${errorCheck1} = None</msg>
<status status="PASS" starttime="20191023 16:28:53.204" endtime="20191023 16:28:53.227"></status>
</kw>
<kw name="Check Title Tag" library="Generic">
<assign>
<var>${errorCheck2}</var>
</assign>
<kw name="Get Title" library="SeleniumLibrary">
<doc>Returns the title of the current page.</doc>
<assign>
<var>${title}</var>
</assign>
<msg timestamp="20191023 16:28:53.233" level="INFO">${title} = Bank Reconciliation</msg>
<status status="PASS" starttime="20191023 16:28:53.227" endtime="20191023 16:28:53.233"></status>
</kw>
<kw name="Run Keyword And Return Status" library="BuiltIn">
<doc>Runs the given keyword with given arguments and returns the status as a Boolean value.</doc>
<arguments>
<arg>should not be empty</arg>
<arg>${title}</arg>
</arguments>
<assign>
<var>${titleStatus1}</var>
</assign>
<kw name="Should Not Be Empty" library="BuiltIn">
<doc>Verifies that the given item is not empty.</doc>
<arguments>
<arg>${title}</arg>
</arguments>
<msg timestamp="20191023 16:28:53.234" level="INFO">Length is 19</msg>
<status status="PASS" starttime="20191023 16:28:53.234" endtime="20191023 16:28:53.234"></status>
</kw>
<msg timestamp="20191023 16:28:53.234" level="INFO">${titleStatus1} = True</msg>
<status status="PASS" starttime="20191023 16:28:53.234" endtime="20191023 16:28:53.234"></status>
</kw>
<kw name="Run Keyword And Return Status" library="BuiltIn">
<doc>Runs the given keyword with given arguments and returns the status as a Boolean value.</doc>
<arguments>
<arg>should not be equal</arg>
<arg>${title}</arg>
<arg>Index</arg>
</arguments>
<assign>
<var>${titleStatus2}</var>
</assign>
<kw name="Should Not Be Equal" library="BuiltIn">
<doc>Fails if the given objects are equal.</doc>
<arguments>
<arg>${title}</arg>
<arg>Index</arg>
</arguments>
<status status="PASS" starttime="20191023 16:28:53.235" endtime="20191023 16:28:53.235"></status>
</kw>
<msg timestamp="20191023 16:28:53.235" level="INFO">${titleStatus2} = True</msg>
<status status="PASS" starttime="20191023 16:28:53.234" endtime="20191023 16:28:53.235"></status>
</kw>
<kw name="Return From Keyword If" library="BuiltIn">
<doc>Returns from the enclosing user keyword if ``condition`` is true.</doc>
<arguments>
<arg>'${titleStatus1}' == '${False}' or '${titleStatus2}' == '${False}'</arg>
<arg>2</arg>
</arguments>
<status status="PASS" starttime="20191023 16:28:53.235" endtime="20191023 16:28:53.235"></status>
</kw>
<msg timestamp="20191023 16:28:53.236" level="INFO">${errorCheck2} = None</msg>
<status status="PASS" starttime="20191023 16:28:53.227" endtime="20191023 16:28:53.236"></status>
</kw>
<kw name="Return From Keyword If" library="BuiltIn">
<doc>Returns from the enclosing user keyword if ``condition`` is true.</doc>
<arguments>
<arg>'${errorCheck1}' == '1'</arg>
<arg>1</arg>
</arguments>
<status status="PASS" starttime="20191023 16:28:53.236" endtime="20191023 16:28:53.236"></status>
</kw>
<kw name="Return From Keyword If" library="BuiltIn">
<doc>Returns from the enclosing user keyword if ``condition`` is true.</doc>
<arguments>
<arg>'${errorCheck2}' == '2'</arg>
<arg>2</arg>
</arguments>
<status status="PASS" starttime="20191023 16:28:53.236" endtime="20191023 16:28:53.236"></status>
</kw>
<msg timestamp="20191023 16:28:53.236" level="INFO">${result} = None</msg>
<status status="PASS" starttime="20191023 16:28:53.204" endtime="20191023 16:28:53.236"></status>
</kw>
<kw name="Run Keyword If" library="BuiltIn">
<doc>Runs the given keyword with the given arguments, if ``condition`` is true.</doc>
<arguments>
<arg>${result} == 1</arg>
<arg>Add Failed Url To The fatal Error List</arg>
<arg>${url}:01</arg>
<arg>ELSE IF</arg>
<arg>${result} == 2</arg>
<arg>Add Failed Url To The fatal Error List</arg>
<arg>${url}:02</arg>
</arguments>
<status status="PASS" starttime="20191023 16:28:53.237" endtime="20191023 16:28:53.237"></status>
</kw>
<status status="PASS" starttime="20191023 16:28:52.085" endtime="20191023 16:28:53.237"></status>
</kw>
<kw name="${url} = ACC/BudgetApproval" type="foritem">
<kw name="Open ERP Page" library="Generic">
<arguments>
<arg>${url}</arg>
</arguments>
<kw name="Go To Erp Page" library="SeleniumLibrary">
<tags>
<tag>plugin</tag>
</tags>
<doc>Variant of builtin Go To keyword for ERP. Navigates the active browser instance to the provided ``url`` and validate ERP session
if session is expired it will attempt the login with given user type. User type can be
given from the command line arguments. default is ADMIN</doc>
[...]
<msg timestamp="20191023 16:30:55.921" level="INFO">${errorCheck1} = None</msg>
<status status="PASS" starttime="20191023 16:30:55.896" endtime="20191023 16:30:55.921"></status>
</kw>
<kw name="Check Title Tag" library="Generic">
<assign>
<var>${errorCheck2}</var>
</assign>
<kw name="Get Title" library="SeleniumLibrary">
<doc>Returns the title of the current page.</doc>
<assign>
<var>${title}</var>
</assign>
<msg timestamp="20191023 16:30:55.927" level="INFO">${title} = Voucher Type Listing</msg>
<status status="PASS" starttime="20191023 16:30:55.922" endtime="20191023 16:30:55.927"></status>
</kw>
<kw name="Run Keyword And Return Status" library="BuiltIn">
<doc>Runs the given keyword with given arguments and returns the status as a Boolean value.</doc>
<arguments>
<arg>should not be empty</arg>
<arg>${title}</arg>
</arguments>
<assign>
<var>${titleStatus1}</var>
</assign>
<kw name="Should Not Be Empty" library="BuiltIn">
<doc>Verifies that the given item is not empty.</doc>
<arguments>
<arg>${title}</arg>
</arguments>
<msg timestamp="20191023 16:30:55.927" level="INFO">Length is 20</msg>
<status status="PASS" starttime="20191023 16:30:55.927" endtime="20191023 16:30:55.927"></status>
</kw>
<msg timestamp="20191023 16:30:55.928" level="INFO">${titleStatus1} = True</msg>
<status status="PASS" starttime="20191023 16:30:55.927" endtime="20191023 16:30:55.928"></status>
</kw>
<kw name="Run Keyword And Return Status" library="BuiltIn">
<doc>Runs the given keyword with given arguments and returns the status as a Boolean value.</doc>
<arguments>
<arg>should not be equal</arg>
<arg>${title}</arg>
<arg>Index</arg>
</arguments>
<assign>
<var>${titleStatus2}</var>
</assign>
<kw name="Should Not Be Equal" library="BuiltIn">
<doc>Fails if the given objects are equal.</doc>
<arguments>
<arg>${title}</arg>
<arg>Index</arg>
</arguments>
<status status="PASS" starttime="20191023 16:30:55.928" endtime="20191023 16:30:55.928"></status>
</kw>
<msg timestamp="20191023 16:30:55.928" level="INFO">${titleStatus2} = True</msg>
<status status="PASS" starttime="20191023 16:30:55.928" endtime="20191023 16:30:55.928"></status>
</kw>
<kw name="Return From Keyword If" library="BuiltIn">
<doc>Returns from the enclosing user keyword if ``condition`` is true.</doc>
<arguments>
<arg>'${titleStatus1}' == '${False}' or '${titleStatus2}' == '${False}'</arg>
<arg>2</arg>
</arguments>
<status status="PASS" starttime="20191023 16:30:55.928" endtime="20191023 16:30:55.929"></status>
</kw>
<msg timestamp="20191023 16:30:55.929" level="INFO">${errorCheck2} = None</msg>
<status status="PASS" starttime="20191023 16:30:55.921" endtime="20191023 16:30:55.929"></status>
</kw>
<kw name="Return From Keyword If" library="BuiltIn">
<doc>Returns from the enclosing user keyword if ``condition`` is true.</doc>
<arguments>
<arg>'${errorCheck1}' == '1'</arg>
<arg>1</arg>
</arguments>
<status status="PASS" starttime="20191023 16:30:55.929" endtime="20191023 16:30:55.929"></status>
</kw>
<kw name="Return From Keyword If" library="BuiltIn">
<doc>Returns from the enclosing user keyword if ``condition`` is true.</doc>
<arguments>
<arg>'${errorCheck2}' == '2'</arg>
<arg>2</arg>
</arguments>
<status status="PASS" starttime="20191023 16:30:55.929" endtime="20191023 16:30:55.930"></status>
</kw>
<msg timestamp="20191023 16:30:55.930" level="INFO">${result} = None</msg>
<status status="PASS" starttime="20191023 16:30:55.896" endtime="20191023 16:30:55.930"></status>
</kw>
<kw name="Run Keyword If" library="BuiltIn">
<doc>Runs the given keyword with the given arguments, if ``condition`` is true.</doc>
<arguments>
<arg>${result} == 1</arg>
<arg>Add Failed Url To The fatal Error List</arg>
<arg>${url}:01</arg>
<arg>ELSE IF</arg>
<arg>${result} == 2</arg>
<arg>Add Failed Url To The fatal Error List</arg>
<arg>${url}:02</arg>
</arguments>
<status status="PASS" starttime="20191023 16:30:55.930" endtime="20191023 16:30:55.930"></status>
</kw>
<status status="PASS" starttime="20191023 16:30:54.736" endtime="20191023 16:30:55.930"></status>
</kw>
<kw name="${url} = ACC/Voucher" type="foritem">
<kw name="Open ERP Page" library="Generic">
<arguments>
<arg>${url}</arg>
</arguments>
<kw name="Go To Erp Page" library="SeleniumLibrary">
<tags>
<tag>plugin</tag>
</tags>
<doc>Variant of builtin Go To keyword for ERP. Navigates the active browser instance to the provided ``url`` and validate ERP session
if session is expired it will attempt the login with given user type. User type can be
given from the command line arguments. default is ADMIN</doc>
<arguments>
<arg>${BASE_URL.${ENVIRONMENT}}/${pageUrl}</arg>
</arguments>
<status status="PASS" starttime="20191023 16:30:55.931" endtime="20191023 16:30:57.596"></status>
</kw>
<status status="PASS" starttime="20191023 16:30:55.931" endtime="20191023 16:30:57.596"></status>
</kw>
<kw name="Check page error" library="Generic">
<assign>
<var>${result}</var>
</assign>
<kw name="Check Error Occurred" library="Generic">
<assign>
<var>${errorCheck1}</var>
</assign>
<kw name="Run Keyword And Return Status" library="BuiltIn">
<doc>Runs the given keyword with given arguments and returns the status as a Boolean value.</doc>
<arguments>
<arg>page should not contain</arg>
<arg>Sorry! An error</arg>
</arguments>
<assign>
<var>${errorStatus}</var>
</assign>
<kw name="Page Should Not Contain" library="SeleniumLibrary">
<doc>Verifies the current page does not contain ``text``.</doc>
<arguments>
<arg>Sorry! An error</arg>
</arguments>
<msg timestamp="20191023 16:30:57.622" level="INFO">Current page does not contain text 'Sorry! An error'.</msg>
<status status="PASS" starttime="20191023 16:30:57.597" endtime="20191023 16:30:57.622"></status>
</kw>
<msg timestamp="20191023 16:30:57.622" level="INFO">${errorStatus} = True</msg>
<status status="PASS" starttime="20191023 16:30:57.597" endtime="20191023 16:30:57.622"></status>
</kw>
<kw name="Return From Keyword If" library="BuiltIn">
<doc>Returns from the enclosing user keyword if ``condition`` is true.</doc>
<arguments>
<arg>'${errorStatus}' == '${False}'</arg>
<arg>1</arg>
</arguments>
<status status="PASS" starttime="20191023 16:30:57.622" endtime="20191023 16:30:57.623"></status>
</kw>
<msg timestamp="20191023 16:30:57.623" level="INFO">${errorCheck1} = None</msg>
<status status="PASS" starttime="20191023 16:30:57.596" endtime="20191023 16:30:57.623"></status>
</kw>
<kw name="Check Title Tag" library="Generic">
<assign>
<var>${errorCheck2}</var>
</assign>
<kw name="Get Title" library="SeleniumLibrary">
<doc>Returns the title of the current page.</doc>
<assign>
<var>${title}</var>
</assign>
<msg timestamp="20191023 16:30:57.628" level="INFO">${title} = Voucher</msg>
<status status="PASS" starttime="20191023 16:30:57.623" endtime="20191023 16:30:57.628"></status>
</kw>
<kw name="Run Keyword And Return Status" library="BuiltIn">
<doc>Runs the given keyword with given arguments and returns the status as a Boolean value.</doc>
<arguments>
<arg>should not be empty</arg>
<arg>${title}</arg>
</arguments>
<assign>
<var>${titleStatus1}</var>
</assign>
<kw name="Should Not Be Empty" library="BuiltIn">
<doc>Verifies that the given item is not empty.</doc>
<arguments>
<arg>${title}</arg>
</arguments>
<msg timestamp="20191023 16:30:57.629" level="INFO">Length is 7</msg>
<status status="PASS" starttime="20191023 16:30:57.629" endtime="20191023 16:30:57.629"></status>
</kw>
<msg timestamp="20191023 16:30:57.629" level="INFO">${titleStatus1} = True</msg>
<status status="PASS" starttime="20191023 16:30:57.629" endtime="20191023 16:30:57.629"></status>
</kw>
<kw name="Run Keyword And Return Status" library="BuiltIn">
<doc>Runs the given keyword with given arguments and returns the status as a Boolean value.</doc>
<arguments>
<arg>should not be equal</arg>
<arg>${title}</arg>
<arg>Index</arg>
</arguments>
<assign>
<var>${titleStatus2}</var>
</assign>
<kw name="Should Not Be Equal" library="BuiltIn">
<doc>Fails if the given objects are equal.</doc>
<arguments>
<arg>${title}</arg>
<arg>Index</arg>
</arguments>
<status status="PASS" starttime="20191023 16:30:57.630" endtime="20191023 16:30:57.630"></status>
</kw>
<msg timestamp="20191023 16:30:57.630" level="INFO">${titleStatus2} = True</msg>
<status status="PASS" starttime="20191023 16:30:57.630" endtime="20191023 16:30:57.630"></status>
</kw>
<kw name="Return From Keyword If" library="BuiltIn">
<doc>Returns from the enclosing user keyword if ``condition`` is true.</doc>
<arguments>
<arg>'${titleStatus1}' == '${False}' or '${titleStatus2}' == '${False}'</arg>
<arg>2</arg>
</arguments>
<status status="PASS" starttime="20191023 16:30:57.630" endtime="20191023 16:30:57.631"></status>
</kw>
<msg timestamp="20191023 16:30:57.631" level="INFO">${errorCheck2} = None</msg>
<status status="PASS" starttime="20191023 16:30:57.623" endtime="20191023 16:30:57.631"></status>
</kw>
<kw name="Return From Keyword If" library="BuiltIn">
<doc>Returns from the enclosing user keyword if ``condition`` is true.</doc>
<arguments>
<arg>'${errorCheck1}' == '1'</arg>
<arg>1</arg>
</arguments>
<status status="PASS" starttime="20191023 16:30:57.631" endtime="20191023 16:30:57.631"></status>
</kw>
<kw name="Return From Keyword If" library="BuiltIn">
<doc>Returns from the enclosing user keyword if ``condition`` is true.</doc>
<arguments>
<arg>'${errorCheck2}' == '2'</arg>
<arg>2</arg>
</arguments>
<status status="PASS" starttime="20191023 16:30:57.631" endtime="20191023 16:30:57.632"></status>
</kw>
<msg timestamp="20191023 16:30:57.632" level="INFO">${result} = None</msg>
<status status="PASS" starttime="20191023 16:30:57.596" endtime="20191023 16:30:57.632"></status>
</kw>
<kw name="Run Keyword If" library="BuiltIn">
<doc>Runs the given keyword with the given arguments, if ``condition`` is true.</doc>
<arguments>
<arg>${result} == 1</arg>
<arg>Add Failed Url To The fatal Error List</arg>
<arg>${url}:01</arg>
<arg>ELSE IF</arg>
<arg>${result} == 2</arg>
<arg>Add Failed Url To The fatal Error List</arg>
<arg>${url}:02</arg>
</arguments>
<status status="PASS" starttime="20191023 16:30:57.632" endtime="20191023 16:30:57.632"></status>
</kw>
<status status="PASS" starttime="20191023 16:30:55.930" endtime="20191023 16:30:57.632"></status>
</kw>
<kw name="${url} = ACC/BudgetHead" type="foritem">
<kw name="Open ERP Page" library="Generic">
<arguments>
<arg>${url}</arg>
</arguments>
<kw name="Go To Erp Page" library="SeleniumLibrary">
<tags>
<tag>plugin</tag>
</tags>
<doc>Variant of builtin Go To keyword for ERP. Navigates the active browser instance to the provided ``url`` and validate ERP session
if session is expired it will attempt the login with given user type. User type can be
given from the command line arguments. default is ADMIN</doc>
<arguments>
<arg>${BASE_URL.${ENVIRONMENT}}/${pageUrl}</arg>
</arguments>
<status status="PASS" starttime="20191023 16:30:57.633" endtime="20191023 16:30:59.292"></status>
</kw>
<status status="PASS" starttime="20191023 16:30:57.632" endtime="20191023 16:30:59.292"></status>
</kw>
<kw name="Check page error" library="Generic">
<assign>
<var>${result}</var>
</assign>
<kw name="Check Error Occurred" library="Generic">
<assign>
<var>${errorCheck1}</var>
</assign>
<kw name="Run Keyword And Return Status" library="BuiltIn">
<doc>Runs the given keyword with given arguments and returns the status as a Boolean value.</doc>
<arguments>
<arg>page should not contain</arg>
<arg>Sorry! An error</arg>
</arguments>
<assign>
<var>${errorStatus}</var>
</assign>
<kw name="Page Should Not Contain" library="SeleniumLibrary">
<doc>Verifies the current page does not contain ``text``.</doc>
<arguments>
<arg>Sorry! An error</arg>
</arguments>
<msg timestamp="20191023 16:30:59.315" level="INFO">Current page does not contain text 'Sorry! An error'.</msg>
<status status="PASS" starttime="20191023 16:30:59.294" endtime="20191023 16:30:59.315"></status>
</kw>
<msg timestamp="20191023 16:30:59.315" level="INFO">${errorStatus} = True</msg>
<status status="PASS" starttime="20191023 16:30:59.293" endtime="20191023 16:30:59.315"></status>
</kw>
<kw name="Return From Keyword If" library="BuiltIn">
<doc>Returns from the enclosing user keyword if ``condition`` is true.</doc>
<arguments>
<arg>'${errorStatus}' == '${False}'</arg>
<arg>1</arg>
</arguments>
<status status="PASS" starttime="20191023 16:30:59.315" endtime="20191023 16:30:59.315"></status>
</kw>
<msg timestamp="20191023 16:30:59.315" level="INFO">${errorCheck1} = None</msg>
<status status="PASS" starttime="20191023 16:30:59.293" endtime="20191023 16:30:59.315"></status>
</kw>
<kw name="Check Title Tag" library="Generic">
<assign>
<var>${errorCheck2}</var>
</assign>
<kw name="Get Title" library="SeleniumLibrary">
<doc>Returns the title of the current page.</doc>
<assign>
<var>${title}</var>
</assign>
<msg timestamp="20191023 16:30:59.315" level="INFO">${title} = Work Head</msg>
<status status="PASS" starttime="20191023 16:30:59.315" endtime="20191023 16:30:59.315"></status>
</kw>
<kw name="Run Keyword And Return Status" library="BuiltIn">
<doc>Runs the given keyword with given arguments and returns the status as a Boolean value.</doc>
<arguments>
<arg>should not be empty</arg>
<arg>${title}</arg>
</arguments>
<assign>
<var>${titleStatus1}</var>
</assign>
<kw name="Should Not Be Empty" library="BuiltIn">
<doc>Verifies that the given item is not empty.</doc>
<arguments>
<arg>${title}</arg>
</arguments>
<msg timestamp="20191023 16:30:59.315" level="INFO">Length is 9</msg>
<status status="PASS" starttime="20191023 16:30:59.315" endtime="20191023 16:30:59.315"></status>
</kw>
<msg timestamp="20191023 16:30:59.315" level="INFO">${titleStatus1} = True</msg>
<status status="PASS" starttime="20191023 16:30:59.315" endtime="20191023 16:30:59.315"></status>
</kw>
<kw name="Run Keyword And Return Status" library="BuiltIn">
<doc>Runs the given keyword with given arguments and returns the status as a Boolean value.</doc>
<arguments>
<arg>should not be equal</arg>
<arg>${title}</arg>
<arg>Index</arg>
</arguments>
<assign>
<var>${titleStatus2}</var>
</assign>
<kw name="Should Not Be Equal" library="BuiltIn">
<doc>Fails if the given objects are equal.</doc>
<arguments>
<arg>${title}</arg>
<arg>Index</arg>
</arguments>
<status status="PASS" starttime="20191023 16:30:59.315" endtime="20191023 16:30:59.315"></status>
</kw>
<msg timestamp="20191023 16:30:59.315" level="INFO">${titleStatus2} = True</msg>
<status status="PASS" starttime="20191023 16:30:59.315" endtime="20191023 16:30:59.315"></status>
</kw>
<kw name="Return From Keyword If" library="BuiltIn">
<doc>Returns from the enclosing user keyword if ``condition`` is true.</doc>
<arguments>
<arg>'${titleStatus1}' == '${False}' or '${titleStatus2}' == '${False}'</arg>
<arg>2</arg>
</arguments>
<status status="PASS" starttime="20191023 16:30:59.315" endtime="20191023 16:30:59.315"></status>
</kw>
<msg timestamp="20191023 16:30:59.315" level="INFO">${errorCheck2} = None</msg>
<status status="PASS" starttime="20191023 16:30:59.315" endtime="20191023 16:30:59.315"></status>
</kw>
<kw name="Return From Keyword If" library="BuiltIn">
<doc>Returns from the enclosing user keyword if ``condition`` is true.</doc>
<arguments>
<arg>'${errorCheck1}' == '1'</arg>
<arg>1</arg>
</arguments>
<status status="PASS" starttime="20191023 16:30:59.315" endtime="20191023 16:30:59.330"></status>
</kw>
<kw name="Return From Keyword If" library="BuiltIn">
<doc>Returns from the enclosing user keyword if ``condition`` is true.</doc>
<arguments>
<arg>'${errorCheck2}' == '2'</arg>
<arg>2</arg>
</arguments>
<status status="PASS" starttime="20191023 16:30:59.330" endtime="20191023 16:30:59.330"></status>
</kw>
<msg timestamp="20191023 16:30:59.330" level="INFO">${result} = None</msg>
<status status="PASS" starttime="20191023 16:30:59.292" endtime="20191023 16:30:59.330"></status>
</kw>
<kw name="Run Keyword If" library="BuiltIn">
<doc>Runs the given keyword with the given arguments, if ``condition`` is true.</doc>
<arguments>
<arg>${result} == 1</arg>
<arg>Add Failed Url To The fatal Error List</arg>
<arg>${url}:01</arg>
<arg>ELSE IF</arg>
<arg>${result} == 2</arg>
<arg>Add Failed Url To The fatal Error List</arg>
<arg>${url}:02</arg>
</arguments>
<status status="PASS" starttime="20191023 16:30:59.330" endtime="20191023 16:30:59.330"></status>
</kw>
<status status="PASS" starttime="20191023 16:30:57.632" endtime="20191023 16:30:59.330"></status>
</kw>
<status status="PASS" starttime="20191023 16:28:33.018" endtime="20191023 16:30:59.330"></status>
</kw>
<kw name="Report Fatal Errors To Developers" library="Generic">
<arguments>
<arg>${moduleName}</arg>
<arg>@{fatalErorrs}</arg>
</arguments>
<kw name="Log" library="BuiltIn">
<doc>Logs the given message with the given level.</doc>
<arguments>
<arg>${fatalErorrs}</arg>
</arguments>
<msg timestamp="20191023 16:30:59.330" level="INFO">['ACC/BudgetApproval:01', 'ACC/MISReport/report/CostCenterHeadFilter:02', 'ACC/MISReport/report/CostCenterFilter:02', 'ACC/MISReport/report/EntityLedgerlistFilter:02', 'ACC/MISReport/report/Group%20Listing:02', 'ACC/AccountBudget?type=Industrial_Area:02', 'ACC/Voucher/New:02', 'ACC/MISReport/report/ScheduleFilter:02', 'ACC/TaxComponent/Index:02', 'ACC/AccountBudget:02', 'ACC/AccountBudget?type=Unit:02', 'ACC/MISReport/report/VoucherStatusFilter:02']</msg>
<status status="PASS" starttime="20191023 16:30:59.330" endtime="20191023 16:30:59.330"></status>
</kw>
<kw name="Run Keyword And Continue On Failure" library="BuiltIn">
<doc>Runs the keyword and continues execution even if a failure occurs.</doc>
<arguments>
<arg>Send All Errors</arg>
<arg>${moduleName}</arg>
<arg>@{fatalErorrs}</arg>
</arguments>
<kw name="Send All Errors">
<arguments>
<arg>${moduleName}</arg>
<arg>@{fatalErorrs}</arg>
</arguments>
<msg timestamp="20191023 16:30:59.330" level="FAIL">No keyword with name 'Send All Errors' found.</msg>
<status status="FAIL" starttime="20191023 16:30:59.330" endtime="20191023 16:30:59.330"></status>
</kw>
<status status="FAIL" starttime="20191023 16:30:59.330" endtime="20191023 16:30:59.330"></status>
</kw>
<status status="FAIL" starttime="20191023 16:30:59.330" endtime="20191023 16:30:59.330"></status>
</kw>
<status status="FAIL" starttime="20191023 16:28:33.002" endtime="20191023 16:30:59.330"></status>
</kw>
<status status="FAIL" starttime="20191023 16:28:33.002" endtime="20191023 16:30:59.330"></status>
</kw>
<doc>Tests if yellow pages are appearing or title tags are missing.</doc>
<tags>
<tag>critical</tag>
<tag>generictests</tag>
</tags>
<status status="FAIL" starttime="20191023 16:28:33.002" endtime="20191023 16:30:59.330" critical="yes">No keyword with name 'Send All Errors' found.</status>
</test>
<doc>ERP Tests</doc>
<status status="FAIL" starttime="20191023 16:28:32.971" endtime="20191023 16:30:59.330"></status>
</suite>
<kw name="End Web Test" library="Common_Keywords" type="teardown">
<kw name="Close All Browsers" library="SeleniumLibrary">
<doc>Closes all open browsers and resets the browser cache.</doc>
<status status="PASS" starttime="20191023 16:30:59.330" endtime="20191023 16:31:01.456"></status>
</kw>
<status status="PASS" starttime="20191023 16:30:59.330" endtime="20191023 16:31:01.457"></status>
</kw>
<status status="FAIL" starttime="20191023 16:28:29.301" endtime="20191023 16:31:01.457"></status>
</suite>
<statistics>
<total>
<stat pass="0" fail="1">Critical Tests</stat>
<stat pass="0" fail="1">All Tests</stat>
</total>
<tag>
<stat pass="0" fail="1">critical</stat>
<stat pass="0" fail="1">generictests</stat>
</tag>
<suite>
<stat pass="0" fail="1" id="s1" name="Tests">Tests</stat>
<stat pass="0" fail="1" id="s1-s1" name="000 GenericTests">Tests.000 GenericTests</stat>
</suite>
</statistics>
<errors>
<msg timestamp="20191023 16:28:32.971" level="WARN">Error in file 'D:\Q-mate\Resources\page-objects\Generic.robot': Escaping empty cells with '\' before line continuation marker '...' is deprecated. Remove escaping before Robot Framework 3.2.</msg>
</errors>
</robot>
